[1.184s] Invoking command in '/home/akira/ros2_2023/ros2_ws/src/mypkg': PYTHONPATH=/home/akira/ros2_2023/build/mypkg/prefix_override:/home/akira/ros2_2023/install/mypkg/lib/python3.8/site-packages:${PYTHONPATH} /usr/bin/python3 setup.py egg_info --egg-base ../../../build/mypkg build --build-base /home/akira/ros2_2023/build/mypkg/build install --record /home/akira/ros2_2023/build/mypkg/install.log --install-scripts $base/lib/mypkg --single-version-externally-managed
[1.444s] running egg_info
[1.445s] writing ../../../build/mypkg/mypkg.egg-info/PKG-INFO
[1.446s] writing dependency_links to ../../../build/mypkg/mypkg.egg-info/dependency_links.txt
[1.446s] writing entry points to ../../../build/mypkg/mypkg.egg-info/entry_points.txt
[1.447s] writing requirements to ../../../build/mypkg/mypkg.egg-info/requires.txt
[1.447s] writing top-level names to ../../../build/mypkg/mypkg.egg-info/top_level.txt
[1.501s] reading manifest file '../../../build/mypkg/mypkg.egg-info/SOURCES.txt'
[1.502s] writing manifest file '../../../build/mypkg/mypkg.egg-info/SOURCES.txt'
[1.503s] running build
[1.503s] running build_py
[1.503s] copying mypkg/listener.py -> /home/akira/ros2_2023/build/mypkg/build/lib/mypkg
[1.503s] running install
[1.504s] running install_lib
[1.506s] copying /home/akira/ros2_2023/build/mypkg/build/lib/mypkg/listener.py -> /home/akira/ros2_2023/install/mypkg/lib/python3.8/site-packages/mypkg
[1.507s] byte-compiling /home/akira/ros2_2023/install/mypkg/lib/python3.8/site-packages/mypkg/listener.py to listener.cpython-38.pyc
[1.509s] running install_data
[1.510s] running install_egg_info
[1.512s] removing '/home/akira/ros2_2023/install/mypkg/lib/python3.8/site-packages/mypkg-0.0.0-py3.8.egg-info' (and everything under it)
[1.513s] Copying ../../../build/mypkg/mypkg.egg-info to /home/akira/ros2_2023/install/mypkg/lib/python3.8/site-packages/mypkg-0.0.0-py3.8.egg-info
[1.514s] running install_scripts
[1.539s] Installing listener script to /home/akira/ros2_2023/install/mypkg/lib/mypkg
[1.539s] Installing talker script to /home/akira/ros2_2023/install/mypkg/lib/mypkg
[1.540s] writing list of installed files to '/home/akira/ros2_2023/build/mypkg/install.log'
[1.567s] Invoked command in '/home/akira/ros2_2023/ros2_ws/src/mypkg' returned '0': PYTHONPATH=/home/akira/ros2_2023/build/mypkg/prefix_override:/home/akira/ros2_2023/install/mypkg/lib/python3.8/site-packages:${PYTHONPATH} /usr/bin/python3 setup.py egg_info --egg-base ../../../build/mypkg build --build-base /home/akira/ros2_2023/build/mypkg/build install --record /home/akira/ros2_2023/build/mypkg/install.log --install-scripts $base/lib/mypkg --single-version-externally-managed
