[2.699s] DEBUG:colcon:Command line arguments: ['/usr/bin/colcon', 'build']
[2.699s] DEBUG:colcon:Parsed command line arguments: Namespace(allow_overriding=[], ament_cmake_args=None, base_paths=['.'], build_base='build', catkin_cmake_args=None, catkin_skip_building_tests=False, cmake_args=None, cmake_clean_cache=False, cmake_clean_first=False, cmake_force_configure=False, cmake_target=None, cmake_target_skip_unavailable=False, continue_on_error=False, event_handlers=None, executor='parallel', ignore_user_meta=False, install_base='install', log_base=None, log_level=None, main=<bound method BuildVerb.main of <colcon_core.verb.build.BuildVerb object at 0x7f6f6e9ec0a0>>, merge_install=False, metas=['./colcon.meta'], packages_above=None, packages_above_and_dependencies=None, packages_above_depth=None, packages_end=None, packages_ignore=None, packages_ignore_regex=None, packages_select=None, packages_select_build_failed=False, packages_select_by_dep=None, packages_select_regex=None, packages_select_test_failures=False, packages_skip=None, packages_skip_build_finished=False, packages_skip_by_dep=None, packages_skip_regex=None, packages_skip_test_passed=False, packages_skip_up_to=None, packages_start=None, packages_up_to=None, packages_up_to_regex=None, parallel_workers=16, paths=None, symlink_install=False, test_result_base=None, verb_extension=<colcon_core.verb.build.BuildVerb object at 0x7f6f6e9ec0a0>, verb_name='build', verb_parser=<colcon_defaults.argument_parser.defaults.DefaultArgumentsDecorator object at 0x7f6f6e6c7b50>)
[2.820s] Level 1:colcon.colcon_core.package_discovery:discover_packages(colcon_meta) check parameters
[2.820s] Level 1:colcon.colcon_core.package_discovery:discover_packages(recursive) check parameters
[2.820s] Level 1:colcon.colcon_core.package_discovery:discover_packages(ignore) check parameters
[2.820s] Level 1:colcon.colcon_core.package_discovery:discover_packages(path) check parameters
[2.820s] Level 1:colcon.colcon_core.package_discovery:discover_packages(colcon_meta) discover
[2.820s] Level 1:colcon.colcon_core.package_discovery:discover_packages(recursive) discover
[2.820s] INFO:colcon.colcon_core.package_discovery:Crawling recursively for packages in '/home/akira/ros2_2023/ros2_ws/src/person_msgs'
[2.820s] Level 1:colcon.colcon_core.package_identification:_identify(.) by extensions ['ignore', 'ignore_ament_install']
[2.821s] Level 1:colcon.colcon_core.package_identification:_identify(.) by extension 'ignore'
[2.821s] Level 1:colcon.colcon_core.package_identification:_identify(.) by extension 'ignore_ament_install'
[2.821s] Level 1:colcon.colcon_core.package_identification:_identify(.) by extensions ['colcon_pkg']
[2.821s] Level 1:colcon.colcon_core.package_identification:_identify(.) by extension 'colcon_pkg'
[2.821s] Level 1:colcon.colcon_core.package_identification:_identify(.) by extensions ['colcon_meta']
[2.821s] Level 1:colcon.colcon_core.package_identification:_identify(.) by extension 'colcon_meta'
[2.821s] Level 1:colcon.colcon_core.package_identification:_identify(.) by extensions ['ros']
[2.821s] Level 1:colcon.colcon_core.package_identification:_identify(.) by extension 'ros'
[2.840s] DEBUG:colcon.colcon_core.package_identification:Package '.' with type 'ros.ament_cmake' and name 'person_msgs'
[2.840s] Level 1:colcon.colcon_core.package_discovery:discover_packages(recursive) using defaults
[2.840s] Level 1:colcon.colcon_core.package_discovery:discover_packages(ignore) discover
[2.840s] Level 1:colcon.colcon_core.package_discovery:discover_packages(ignore) using defaults
[2.841s] Level 1:colcon.colcon_core.package_discovery:discover_packages(path) discover
[2.841s] Level 1:colcon.colcon_core.package_discovery:discover_packages(path) using defaults
[3.067s] Level 1:colcon.colcon_core.package_discovery:discover_packages(prefix_path) check parameters
[3.067s] Level 1:colcon.colcon_core.package_discovery:discover_packages(prefix_path) discover
[3.107s] WARNING:colcon.colcon_ros.prefix_path.ament:The path '/home/akira/ros2_2023/ros2_ws/install/person_msgs' in the environment variable AMENT_PREFIX_PATH doesn't exist
[3.107s] WARNING:colcon.colcon_ros.prefix_path.catkin:The path '/home/akira/ros2_2023/ros2_ws/install/person_msgs' in the environment variable CMAKE_PREFIX_PATH doesn't exist
[3.150s] DEBUG:colcon.colcon_installed_package_information.package_discovery:Found 1 installed packages in /home/akira/ros2_2023/ros2_ws/install
[3.192s] DEBUG:colcon.colcon_installed_package_information.package_discovery:Found 168 installed packages in /opt/ros/foxy
[3.193s] Level 1:colcon.colcon_core.package_discovery:discover_packages(prefix_path) using defaults
[3.340s] Level 5:colcon.colcon_core.verb:set package 'person_msgs' build argument 'cmake_args' from command line to 'None'
[3.340s] Level 5:colcon.colcon_core.verb:set package 'person_msgs' build argument 'cmake_target' from command line to 'None'
[3.340s] Level 5:colcon.colcon_core.verb:set package 'person_msgs' build argument 'cmake_target_skip_unavailable' from command line to 'False'
[3.341s] Level 5:colcon.colcon_core.verb:set package 'person_msgs' build argument 'cmake_clean_cache' from command line to 'False'
[3.341s] Level 5:colcon.colcon_core.verb:set package 'person_msgs' build argument 'cmake_clean_first' from command line to 'False'
[3.341s] Level 5:colcon.colcon_core.verb:set package 'person_msgs' build argument 'cmake_force_configure' from command line to 'False'
[3.341s] Level 5:colcon.colcon_core.verb:set package 'person_msgs' build argument 'ament_cmake_args' from command line to 'None'
[3.341s] Level 5:colcon.colcon_core.verb:set package 'person_msgs' build argument 'catkin_cmake_args' from command line to 'None'
[3.341s] Level 5:colcon.colcon_core.verb:set package 'person_msgs' build argument 'catkin_skip_building_tests' from command line to 'False'
[3.341s] DEBUG:colcon.colcon_core.verb:Building package 'person_msgs' with the following arguments: {'ament_cmake_args': None, 'build_base': '/home/akira/ros2_2023/ros2_ws/src/person_msgs/build/person_msgs', 'catkin_cmake_args': None, 'catkin_skip_building_tests': False, 'cmake_args': None, 'cmake_clean_cache': False, 'cmake_clean_first': False, 'cmake_force_configure': False, 'cmake_target': None, 'cmake_target_skip_unavailable': False, 'install_base': '/home/akira/ros2_2023/ros2_ws/src/person_msgs/install/person_msgs', 'merge_install': False, 'path': '/home/akira/ros2_2023/ros2_ws/src/person_msgs', 'symlink_install': False, 'test_result_base': None}
[3.382s] INFO:colcon.colcon_core.executor:Executing jobs using 'parallel' executor
[3.424s] DEBUG:colcon.colcon_parallel_executor.executor.parallel:run_until_complete
[3.425s] INFO:colcon.colcon_ros.task.ament_cmake.build:Building ROS package in '/home/akira/ros2_2023/ros2_ws/src/person_msgs' with build type 'ament_cmake'
[3.425s] INFO:colcon.colcon_cmake.task.cmake.build:Building CMake package in '/home/akira/ros2_2023/ros2_ws/src/person_msgs'
[3.472s] INFO:colcon.colcon_core.plugin_system:Skipping extension 'colcon_core.shell.bat': Not used on non-Windows systems
[3.473s] INFO:colcon.colcon_core.shell:Skip shell extension 'powershell' for command environment: Not usable outside of PowerShell
[3.473s] DEBUG:colcon.colcon_core.shell:Skip shell extension 'dsv' for command environment
[3.632s] DEBUG:colcon.colcon_core.event_handler.log_command:Invoking command in '/home/akira/ros2_2023/ros2_ws/src/person_msgs/build/person_msgs': CMAKE_PREFIX_PATH=${CMAKE_PREFIX_PATH}:/home/akira/ros2_2023/ros2_ws/install/mypkg:/opt/ros/foxy /usr/bin/cmake /home/akira/ros2_2023/ros2_ws/src/person_msgs -DCMAKE_INSTALL_PREFIX=/home/akira/ros2_2023/ros2_ws/src/person_msgs/install/person_msgs
[6.354s] DEBUG:colcon.colcon_core.event_handler.log_command:Invoked command in '/home/akira/ros2_2023/ros2_ws/src/person_msgs/build/person_msgs' returned '0': CMAKE_PREFIX_PATH=${CMAKE_PREFIX_PATH}:/home/akira/ros2_2023/ros2_ws/install/mypkg:/opt/ros/foxy /usr/bin/cmake /home/akira/ros2_2023/ros2_ws/src/person_msgs -DCMAKE_INSTALL_PREFIX=/home/akira/ros2_2023/ros2_ws/src/person_msgs/install/person_msgs
[6.358s] DEBUG:colcon.colcon_core.event_handler.log_command:Invoking command in '/home/akira/ros2_2023/ros2_ws/src/person_msgs/build/person_msgs': CMAKE_PREFIX_PATH=${CMAKE_PREFIX_PATH}:/home/akira/ros2_2023/ros2_ws/install/mypkg:/opt/ros/foxy /usr/bin/cmake --build /home/akira/ros2_2023/ros2_ws/src/person_msgs/build/person_msgs -- -j16 -l16
[6.407s] DEBUG:colcon.colcon_core.event_handler.log_command:Invoked command in '/home/akira/ros2_2023/ros2_ws/src/person_msgs/build/person_msgs' returned '0': CMAKE_PREFIX_PATH=${CMAKE_PREFIX_PATH}:/home/akira/ros2_2023/ros2_ws/install/mypkg:/opt/ros/foxy /usr/bin/cmake --build /home/akira/ros2_2023/ros2_ws/src/person_msgs/build/person_msgs -- -j16 -l16
[6.449s] DEBUG:colcon.colcon_core.event_handler.log_command:Invoking command in '/home/akira/ros2_2023/ros2_ws/src/person_msgs/build/person_msgs': CMAKE_PREFIX_PATH=${CMAKE_PREFIX_PATH}:/home/akira/ros2_2023/ros2_ws/install/mypkg:/opt/ros/foxy /usr/bin/cmake --install /home/akira/ros2_2023/ros2_ws/src/person_msgs/build/person_msgs
[6.469s] Level 1:colcon.colcon_core.environment:create_environment_scripts_only(person_msgs)
[6.469s] DEBUG:colcon.colcon_core.event_handler.log_command:Invoked command in '/home/akira/ros2_2023/ros2_ws/src/person_msgs/build/person_msgs' returned '0': CMAKE_PREFIX_PATH=${CMAKE_PREFIX_PATH}:/home/akira/ros2_2023/ros2_ws/install/mypkg:/opt/ros/foxy /usr/bin/cmake --install /home/akira/ros2_2023/ros2_ws/src/person_msgs/build/person_msgs
[6.519s] Level 1:colcon.colcon_core.environment:checking '/home/akira/ros2_2023/ros2_ws/src/person_msgs/install/person_msgs' for CMake module files
[6.520s] Level 1:colcon.colcon_core.environment:checking '/home/akira/ros2_2023/ros2_ws/src/person_msgs/install/person_msgs' for CMake config files
[6.520s] Level 1:colcon.colcon_core.shell:create_environment_hook('person_msgs', 'cmake_prefix_path')
[6.570s] INFO:colcon.colcon_core.shell:Creating environment hook '/home/akira/ros2_2023/ros2_ws/src/person_msgs/install/person_msgs/share/person_msgs/hook/cmake_prefix_path.ps1'
[6.571s] INFO:colcon.colcon_core.shell:Creating environment descriptor '/home/akira/ros2_2023/ros2_ws/src/person_msgs/install/person_msgs/share/person_msgs/hook/cmake_prefix_path.dsv'
[6.572s] INFO:colcon.colcon_core.shell:Creating environment hook '/home/akira/ros2_2023/ros2_ws/src/person_msgs/install/person_msgs/share/person_msgs/hook/cmake_prefix_path.sh'
[6.573s] Level 1:colcon.colcon_core.environment:checking '/home/akira/ros2_2023/ros2_ws/src/person_msgs/install/person_msgs/bin'
[6.574s] Level 1:colcon.colcon_core.environment:checking '/home/akira/ros2_2023/ros2_ws/src/person_msgs/install/person_msgs/lib/pkgconfig/person_msgs.pc'
[6.574s] Level 1:colcon.colcon_core.environment:checking '/home/akira/ros2_2023/ros2_ws/src/person_msgs/install/person_msgs/lib/python3.8/site-packages'
[6.574s] Level 1:colcon.colcon_core.environment:checking '/home/akira/ros2_2023/ros2_ws/src/person_msgs/install/person_msgs/bin'
[6.619s] INFO:colcon.colcon_core.shell:Creating package script '/home/akira/ros2_2023/ros2_ws/src/person_msgs/install/person_msgs/share/person_msgs/package.ps1'
[6.620s] INFO:colcon.colcon_core.shell:Creating package descriptor '/home/akira/ros2_2023/ros2_ws/src/person_msgs/install/person_msgs/share/person_msgs/package.dsv'
[6.621s] INFO:colcon.colcon_core.shell:Creating package script '/home/akira/ros2_2023/ros2_ws/src/person_msgs/install/person_msgs/share/person_msgs/package.sh'
[6.622s] INFO:colcon.colcon_core.shell:Creating package script '/home/akira/ros2_2023/ros2_ws/src/person_msgs/install/person_msgs/share/person_msgs/package.bash'
[6.623s] INFO:colcon.colcon_core.shell:Creating package script '/home/akira/ros2_2023/ros2_ws/src/person_msgs/install/person_msgs/share/person_msgs/package.zsh'
[6.624s] Level 1:colcon.colcon_core.environment:create_file_with_runtime_dependencies(/home/akira/ros2_2023/ros2_ws/src/person_msgs/install/person_msgs/share/colcon-core/packages/person_msgs)
[6.702s] Level 1:colcon.colcon_core.environment:create_environment_scripts_only(person_msgs)
[6.747s] Level 1:colcon.colcon_core.environment:checking '/home/akira/ros2_2023/ros2_ws/src/person_msgs/install/person_msgs' for CMake module files
[6.748s] Level 1:colcon.colcon_core.environment:checking '/home/akira/ros2_2023/ros2_ws/src/person_msgs/install/person_msgs' for CMake config files
[6.748s] Level 1:colcon.colcon_core.shell:create_environment_hook('person_msgs', 'cmake_prefix_path')
[6.793s] INFO:colcon.colcon_core.shell:Creating environment hook '/home/akira/ros2_2023/ros2_ws/src/person_msgs/install/person_msgs/share/person_msgs/hook/cmake_prefix_path.ps1'
[6.793s] INFO:colcon.colcon_core.shell:Creating environment descriptor '/home/akira/ros2_2023/ros2_ws/src/person_msgs/install/person_msgs/share/person_msgs/hook/cmake_prefix_path.dsv'
[6.794s] INFO:colcon.colcon_core.shell:Creating environment hook '/home/akira/ros2_2023/ros2_ws/src/person_msgs/install/person_msgs/share/person_msgs/hook/cmake_prefix_path.sh'
[6.795s] Level 1:colcon.colcon_core.environment:checking '/home/akira/ros2_2023/ros2_ws/src/person_msgs/install/person_msgs/bin'
[6.795s] Level 1:colcon.colcon_core.environment:checking '/home/akira/ros2_2023/ros2_ws/src/person_msgs/install/person_msgs/lib/pkgconfig/person_msgs.pc'
[6.795s] Level 1:colcon.colcon_core.environment:checking '/home/akira/ros2_2023/ros2_ws/src/person_msgs/install/person_msgs/lib/python3.8/site-packages'
[6.795s] Level 1:colcon.colcon_core.environment:checking '/home/akira/ros2_2023/ros2_ws/src/person_msgs/install/person_msgs/bin'
[6.841s] INFO:colcon.colcon_core.shell:Creating package script '/home/akira/ros2_2023/ros2_ws/src/person_msgs/install/person_msgs/share/person_msgs/package.ps1'
[6.841s] INFO:colcon.colcon_core.shell:Creating package descriptor '/home/akira/ros2_2023/ros2_ws/src/person_msgs/install/person_msgs/share/person_msgs/package.dsv'
[6.842s] INFO:colcon.colcon_core.shell:Creating package script '/home/akira/ros2_2023/ros2_ws/src/person_msgs/install/person_msgs/share/person_msgs/package.sh'
[6.843s] INFO:colcon.colcon_core.shell:Creating package script '/home/akira/ros2_2023/ros2_ws/src/person_msgs/install/person_msgs/share/person_msgs/package.bash'
[6.844s] INFO:colcon.colcon_core.shell:Creating package script '/home/akira/ros2_2023/ros2_ws/src/person_msgs/install/person_msgs/share/person_msgs/package.zsh'
[6.845s] Level 1:colcon.colcon_core.environment:create_file_with_runtime_dependencies(/home/akira/ros2_2023/ros2_ws/src/person_msgs/install/person_msgs/share/colcon-core/packages/person_msgs)
[6.845s] DEBUG:colcon.colcon_parallel_executor.executor.parallel:closing loop
[6.846s] DEBUG:colcon.colcon_parallel_executor.executor.parallel:loop closed
[6.846s] DEBUG:colcon.colcon_parallel_executor.executor.parallel:run_until_complete finished with '0'
[6.846s] DEBUG:colcon.colcon_core.event_reactor:joining thread
[6.958s] INFO:colcon.colcon_core.plugin_system:Skipping extension 'colcon_notification.desktop_notification.notify_send': Could not find 'notify-send'
[6.959s] INFO:colcon.colcon_core.plugin_system:Skipping extension 'colcon_notification.desktop_notification.terminal_notifier': Not used on non-Darwin systems
[6.959s] INFO:colcon.colcon_core.plugin_system:Skipping extension 'colcon_notification.desktop_notification.win32': Not used on non-Windows systems
[6.959s] INFO:colcon.colcon_notification.desktop_notification:Sending desktop notification using 'notify2'
[6.966s] DEBUG:colcon.colcon_notification.desktop_notification.notify2:Failed to initialize notify2: org.freedesktop.DBus.Error.ServiceUnknown: The name org.freedesktop.Notifications was not provided by any .service files
[6.966s] DEBUG:colcon.colcon_core.event_reactor:joined thread
[7.014s] INFO:colcon.colcon_core.shell:Creating prefix script '/home/akira/ros2_2023/ros2_ws/src/person_msgs/install/local_setup.ps1'
[7.016s] INFO:colcon.colcon_core.shell:Creating prefix util module '/home/akira/ros2_2023/ros2_ws/src/person_msgs/install/_local_setup_util_ps1.py'
[7.018s] INFO:colcon.colcon_core.shell:Creating prefix chain script '/home/akira/ros2_2023/ros2_ws/src/person_msgs/install/setup.ps1'
[7.062s] INFO:colcon.colcon_core.shell:Creating prefix script '/home/akira/ros2_2023/ros2_ws/src/person_msgs/install/local_setup.sh'
[7.063s] INFO:colcon.colcon_core.shell:Creating prefix util module '/home/akira/ros2_2023/ros2_ws/src/person_msgs/install/_local_setup_util_sh.py'
[7.063s] INFO:colcon.colcon_core.shell:Creating prefix chain script '/home/akira/ros2_2023/ros2_ws/src/person_msgs/install/setup.sh'
[7.109s] INFO:colcon.colcon_core.shell:Creating prefix script '/home/akira/ros2_2023/ros2_ws/src/person_msgs/install/local_setup.bash'
[7.110s] INFO:colcon.colcon_core.shell:Creating prefix chain script '/home/akira/ros2_2023/ros2_ws/src/person_msgs/install/setup.bash'
[7.152s] INFO:colcon.colcon_core.shell:Creating prefix script '/home/akira/ros2_2023/ros2_ws/src/person_msgs/install/local_setup.zsh'
[7.153s] INFO:colcon.colcon_core.shell:Creating prefix chain script '/home/akira/ros2_2023/ros2_ws/src/person_msgs/install/setup.zsh'
