[1.225s] Invoking command in '/home/akira/ros2_2023/ros2_ws/src/mypkg': PYTHONPATH=/home/akira/ros2_2023/ros2_ws/build/mypkg/prefix_override:/home/akira/ros2_2023/ros2_ws/install/mypkg/lib/python3.8/site-packages:${PYTHONPATH} /usr/bin/python3 setup.py egg_info --egg-base ../../build/mypkg build --build-base /home/akira/ros2_2023/ros2_ws/build/mypkg/build install --record /home/akira/ros2_2023/ros2_ws/build/mypkg/install.log --install-scripts $base/lib/mypkg --single-version-externally-managed
[1.491s] running egg_info
[1.491s] creating ../../build/mypkg/mypkg.egg-info
[1.491s] writing ../../build/mypkg/mypkg.egg-info/PKG-INFO
[1.491s] writing dependency_links to ../../build/mypkg/mypkg.egg-info/dependency_links.txt
[1.492s] writing entry points to ../../build/mypkg/mypkg.egg-info/entry_points.txt
[1.493s] writing requirements to ../../build/mypkg/mypkg.egg-info/requires.txt
[1.493s] writing top-level names to ../../build/mypkg/mypkg.egg-info/top_level.txt
[1.499s] writing manifest file '../../build/mypkg/mypkg.egg-info/SOURCES.txt'
[1.552s] reading manifest file '../../build/mypkg/mypkg.egg-info/SOURCES.txt'
[1.554s] writing manifest file '../../build/mypkg/mypkg.egg-info/SOURCES.txt'
[1.554s] running build
[1.555s] running build_py
[1.555s] creating /home/akira/ros2_2023/ros2_ws/build/mypkg/build
[1.556s] creating /home/akira/ros2_2023/ros2_ws/build/mypkg/build/lib
[1.556s] creating /home/akira/ros2_2023/ros2_ws/build/mypkg/build/lib/mypkg
[1.557s] copying mypkg/__init__.py -> /home/akira/ros2_2023/ros2_ws/build/mypkg/build/lib/mypkg
[1.557s] running install
[1.558s] running install_lib
[1.559s] creating /home/akira/ros2_2023/ros2_ws/install/mypkg/lib/python3.8/site-packages/mypkg
[1.559s] copying /home/akira/ros2_2023/ros2_ws/build/mypkg/build/lib/mypkg/__init__.py -> /home/akira/ros2_2023/ros2_ws/install/mypkg/lib/python3.8/site-packages/mypkg
[1.560s] byte-compiling /home/akira/ros2_2023/ros2_ws/install/mypkg/lib/python3.8/site-packages/mypkg/__init__.py to __init__.cpython-38.pyc
[1.562s] running install_data
[1.563s] creating /home/akira/ros2_2023/ros2_ws/install/mypkg/share/ament_index
[1.564s] creating /home/akira/ros2_2023/ros2_ws/install/mypkg/share/ament_index/resource_index
[1.565s] creating /home/akira/ros2_2023/ros2_ws/install/mypkg/share/ament_index/resource_index/packages
[1.565s] copying resource/mypkg -> /home/akira/ros2_2023/ros2_ws/install/mypkg/share/ament_index/resource_index/packages
[1.565s] copying package.xml -> /home/akira/ros2_2023/ros2_ws/install/mypkg/share/mypkg
[1.565s] running install_egg_info
[1.566s] Copying ../../build/mypkg/mypkg.egg-info to /home/akira/ros2_2023/ros2_ws/install/mypkg/lib/python3.8/site-packages/mypkg-0.0.0-py3.8.egg-info
[1.570s] running install_scripts
[1.596s] writing list of installed files to '/home/akira/ros2_2023/ros2_ws/build/mypkg/install.log'
[1.622s] Invoked command in '/home/akira/ros2_2023/ros2_ws/src/mypkg' returned '0': PYTHONPATH=/home/akira/ros2_2023/ros2_ws/build/mypkg/prefix_override:/home/akira/ros2_2023/ros2_ws/install/mypkg/lib/python3.8/site-packages:${PYTHONPATH} /usr/bin/python3 setup.py egg_info --egg-base ../../build/mypkg build --build-base /home/akira/ros2_2023/ros2_ws/build/mypkg/build install --record /home/akira/ros2_2023/ros2_ws/build/mypkg/install.log --install-scripts $base/lib/mypkg --single-version-externally-managed
