[2.041s] Invoking command in '/home/akira/ros2_2023/ros2_ws/src/mypkg': PYTHONPATH=/home/akira/ros2_2023/ros2_ws/build/mypkg/prefix_override:/home/akira/ros2_2023/ros2_ws/install/mypkg/lib/python3.8/site-packages:${PYTHONPATH} /usr/bin/python3 setup.py egg_info --egg-base ../../build/mypkg build --build-base /home/akira/ros2_2023/ros2_ws/build/mypkg/build install --record /home/akira/ros2_2023/ros2_ws/build/mypkg/install.log --install-scripts $base/lib/mypkg --single-version-externally-managed
[2.327s] running egg_info
[2.330s] writing ../../build/mypkg/mypkg.egg-info/PKG-INFO
[2.330s] writing dependency_links to ../../build/mypkg/mypkg.egg-info/dependency_links.txt
[2.330s] writing entry points to ../../build/mypkg/mypkg.egg-info/entry_points.txt
[2.331s] writing requirements to ../../build/mypkg/mypkg.egg-info/requires.txt
[2.331s] writing top-level names to ../../build/mypkg/mypkg.egg-info/top_level.txt
[2.382s] reading manifest file '../../build/mypkg/mypkg.egg-info/SOURCES.txt'
[2.383s] writing manifest file '../../build/mypkg/mypkg.egg-info/SOURCES.txt'
[2.383s] running build
[2.383s] running build_py
[2.384s] copying mypkg/listener.py -> /home/akira/ros2_2023/ros2_ws/build/mypkg/build/lib/mypkg
[2.384s] running install
[2.385s] running install_lib
[2.390s] copying /home/akira/ros2_2023/ros2_ws/build/mypkg/build/lib/mypkg/listener.py -> /home/akira/ros2_2023/ros2_ws/install/mypkg/lib/python3.8/site-packages/mypkg
[2.390s] byte-compiling /home/akira/ros2_2023/ros2_ws/install/mypkg/lib/python3.8/site-packages/mypkg/listener.py to listener.cpython-38.pyc
[2.391s] running install_data
[2.391s]   File "/home/akira/ros2_2023/ros2_ws/install/mypkg/lib/python3.8/site-packages/mypkg/listener.py", line 31
[2.391s]     if ＿name＿ == '＿main＿':
[2.392s]             ^
[2.392s] SyntaxError: invalid character in identifier
[2.392s] 
[2.395s] running install_egg_info
[2.395s] removing '/home/akira/ros2_2023/ros2_ws/install/mypkg/lib/python3.8/site-packages/mypkg-0.0.0-py3.8.egg-info' (and everything under it)
[2.395s] Copying ../../build/mypkg/mypkg.egg-info to /home/akira/ros2_2023/ros2_ws/install/mypkg/lib/python3.8/site-packages/mypkg-0.0.0-py3.8.egg-info
[2.396s] running install_scripts
[2.422s] Installing listener script to /home/akira/ros2_2023/ros2_ws/install/mypkg/lib/mypkg
[2.422s] Installing talker script to /home/akira/ros2_2023/ros2_ws/install/mypkg/lib/mypkg
[2.423s] writing list of installed files to '/home/akira/ros2_2023/ros2_ws/build/mypkg/install.log'
[2.448s] Invoked command in '/home/akira/ros2_2023/ros2_ws/src/mypkg' returned '0': PYTHONPATH=/home/akira/ros2_2023/ros2_ws/build/mypkg/prefix_override:/home/akira/ros2_2023/ros2_ws/install/mypkg/lib/python3.8/site-packages:${PYTHONPATH} /usr/bin/python3 setup.py egg_info --egg-base ../../build/mypkg build --build-base /home/akira/ros2_2023/ros2_ws/build/mypkg/build install --record /home/akira/ros2_2023/ros2_ws/build/mypkg/install.log --install-scripts $base/lib/mypkg --single-version-externally-managed
