[0.663s] Invoking command in '/home/akira/ros2_2023/ros2_ws/build/person_msgs': CMAKE_PREFIX_PATH=${CMAKE_PREFIX_PATH}:/home/akira/ros2_2023/ros2_ws/install/mypkg:/opt/ros/foxy /usr/bin/cmake /home/akira/ros2_2023/ros2_ws/src/person_msgs -DCMAKE_INSTALL_PREFIX=/home/akira/ros2_2023/ros2_ws/install/person_msgs
[0.688s] -- Found ament_cmake: 0.9.12 (/opt/ros/foxy/share/ament_cmake/cmake)
[0.719s] -- Using PYTHON_EXECUTABLE: /usr/bin/python3
[0.987s] -- Found rosidl_default_generators: 1.0.1 (/opt/ros/foxy/share/rosidl_default_generators/cmake)
[0.991s] -- Using all available rosidl_typesupport_c: rosidl_typesupport_fastrtps_c;rosidl_typesupport_introspection_c
[0.996s] -- Found rosidl_adapter: 1.3.1 (/opt/ros/foxy/share/rosidl_adapter/cmake)
[8.642s] -- Using all available rosidl_typesupport_cpp: rosidl_typesupport_fastrtps_cpp;rosidl_typesupport_introspection_cpp
[8.706s] -- Found PythonInterp: /usr/bin/python3 (found version "3.8.10") 
[8.891s] -- Found ament_cmake_ros: 0.9.2 (/opt/ros/foxy/share/ament_cmake_ros/cmake)
[16.115s] -- Using all available rosidl_typesupport_c: rosidl_typesupport_fastrtps_c;rosidl_typesupport_introspection_c
[16.129s] -- Using all available rosidl_typesupport_cpp: rosidl_typesupport_fastrtps_cpp;rosidl_typesupport_introspection_cpp
[16.161s] -- Found PythonInterp: /usr/bin/python3 (found suitable version "3.8.10", minimum required is "3.5") 
[16.164s] -- Found python_cmake_module: 0.8.1 (/opt/ros/foxy/share/python_cmake_module/cmake)
[16.922s] -- Found PythonLibs: /usr/lib/x86_64-linux-gnu/libpython3.8.so (found suitable version "3.8.10", minimum required is "3.5") 
[16.923s] -- Using PYTHON_EXECUTABLE: /usr/bin/python3
[16.923s] -- Using PYTHON_INCLUDE_DIRS: /usr/include/python3.8
[16.923s] -- Using PYTHON_LIBRARIES: /usr/lib/x86_64-linux-gnu/libpython3.8.so
[16.952s] -- Found PythonExtra: .so  
[17.095s] -- Found ament_lint_auto: 0.9.8 (/opt/ros/foxy/share/ament_lint_auto/cmake)
[17.129s] -- Added test 'copyright' to check source files copyright and LICENSE
[17.138s] -- Added test 'cppcheck' to perform static code analysis on C / C++ code
[17.140s] -- Configured cppcheck include dirs: 
[17.140s] -- Configured cppcheck exclude dirs and/or files: 
[17.147s] -- Added test 'cpplint' to check C / C++ code against the Google style
[17.147s] -- Configured cpplint exclude dirs and/or files: 
[17.149s] -- Added test 'flake8' to check Python code syntax and style conventions
[17.151s] -- Added test 'lint_cmake' to check CMake code style
[17.153s] -- Added test 'pep257' to check Python code against some of the style conventions in PEP 257
[17.161s] -- Added test 'uncrustify' to check C / C++ code style
[17.161s] -- Configured uncrustify additional arguments: 
[17.162s] -- Added test 'xmllint' to check XML markup files
[17.168s] -- Configuring done
[17.220s] -- Generating done
[17.224s] -- Build files have been written to: /home/akira/ros2_2023/ros2_ws/build/person_msgs
[17.234s] Invoked command in '/home/akira/ros2_2023/ros2_ws/build/person_msgs' returned '0': CMAKE_PREFIX_PATH=${CMAKE_PREFIX_PATH}:/home/akira/ros2_2023/ros2_ws/install/mypkg:/opt/ros/foxy /usr/bin/cmake /home/akira/ros2_2023/ros2_ws/src/person_msgs -DCMAKE_INSTALL_PREFIX=/home/akira/ros2_2023/ros2_ws/install/person_msgs
[17.239s] Invoking command in '/home/akira/ros2_2023/ros2_ws/build/person_msgs': CMAKE_PREFIX_PATH=${CMAKE_PREFIX_PATH}:/home/akira/ros2_2023/ros2_ws/install/mypkg:/opt/ros/foxy /usr/bin/cmake --build /home/akira/ros2_2023/ros2_ws/build/person_msgs -- -j16 -l16
[17.298s] [  3%] [34m[1mGenerating C code for ROS interfaces[0m
[17.298s] [35m[1mScanning dependencies of target person_msgs__cpp[0m
[17.317s] [  6%] [34m[1mGenerating C++ code for ROS interfaces[0m
[17.686s] [  6%] Built target person_msgs__cpp
[17.686s] [35m[1mScanning dependencies of target person_msgs__rosidl_generator_c[0m
[17.702s] [  9%] [34m[1mGenerating C++ introspection for ROS interfaces[0m
[17.702s] [ 12%] [34m[1mGenerating C++ type support dispatch for ROS interfaces[0m
[17.702s] [ 16%] [34m[1mGenerating C++ type support for eProsima Fast-RTPS[0m
[17.711s] [ 19%] [32mBuilding C object CMakeFiles/person_msgs__rosidl_generator_c.dir/rosidl_generator_c/person_msgs/msg/detail/person__functions.c.o[0m
[17.832s] [ 22%] [32m[1mLinking C shared library libperson_msgs__rosidl_generator_c.so[0m
[18.009s] [ 22%] Built target person_msgs__rosidl_generator_c
[18.023s] [ 25%] [34m[1mGenerating C introspection for ROS interfaces[0m
[18.025s] [ 29%] [34m[1mGenerating C type support dispatch for ROS interfaces[0m
[18.094s] [35m[1mScanning dependencies of target person_msgs__rosidl_typesupport_cpp[0m
[18.117s] [ 32%] [32mBuilding CXX object CMakeFiles/person_msgs__rosidl_typesupport_cpp.dir/rosidl_typesupport_cpp/person_msgs/msg/person__type_support.cpp.o[0m
[18.130s] [35m[1mScanning dependencies of target person_msgs__rosidl_typesupport_introspection_cpp[0m
[18.149s] [35m[1mScanning dependencies of target person_msgs__rosidl_typesupport_fastrtps_cpp[0m
[18.150s] [ 35%] [32mBuilding CXX object CMakeFiles/person_msgs__rosidl_typesupport_introspection_cpp.dir/rosidl_typesupport_introspection_cpp/person_msgs/msg/detail/person__type_support.cpp.o[0m
[18.178s] [ 38%] [32mBuilding CXX object CMakeFiles/person_msgs__rosidl_typesupport_fastrtps_cpp.dir/rosidl_typesupport_fastrtps_cpp/person_msgs/msg/detail/dds_fastrtps/person__type_support.cpp.o[0m
[18.400s] [35m[1mScanning dependencies of target person_msgs__rosidl_typesupport_c[0m
[18.418s] [ 41%] [32mBuilding CXX object CMakeFiles/person_msgs__rosidl_typesupport_c.dir/rosidl_typesupport_c/person_msgs/msg/person__type_support.cpp.o[0m
[18.432s] [35m[1mScanning dependencies of target person_msgs__rosidl_typesupport_introspection_c[0m
[18.452s] [ 45%] [32mBuilding C object CMakeFiles/person_msgs__rosidl_typesupport_introspection_c.dir/rosidl_typesupport_introspection_c/person_msgs/msg/detail/person__type_support.c.o[0m
[18.470s] [ 48%] [32m[1mLinking CXX shared library libperson_msgs__rosidl_typesupport_c.so[0m
[18.508s] [ 51%] [32m[1mLinking C shared library libperson_msgs__rosidl_typesupport_introspection_c.so[0m
[18.672s] [ 51%] Built target person_msgs__rosidl_typesupport_c
[18.694s] [ 51%] Built target person_msgs__rosidl_typesupport_introspection_c
[18.726s] [ 54%] [32m[1mLinking CXX shared library libperson_msgs__rosidl_typesupport_cpp.so[0m
[18.770s] [ 58%] [32m[1mLinking CXX shared library libperson_msgs__rosidl_typesupport_introspection_cpp.so[0m
[18.918s] [ 58%] Built target person_msgs__rosidl_typesupport_cpp
[18.991s] [ 58%] Built target person_msgs__rosidl_typesupport_introspection_cpp
[18.999s] [ 61%] [32m[1mLinking CXX shared library libperson_msgs__rosidl_typesupport_fastrtps_cpp.so[0m
[19.240s] [ 61%] Built target person_msgs__rosidl_typesupport_fastrtps_cpp
[19.253s] [ 64%] [34m[1mGenerating C type support for eProsima Fast-RTPS[0m
[19.574s] [35m[1mScanning dependencies of target person_msgs__rosidl_typesupport_fastrtps_c[0m
[19.595s] [ 67%] [32mBuilding CXX object CMakeFiles/person_msgs__rosidl_typesupport_fastrtps_c.dir/rosidl_typesupport_fastrtps_c/person_msgs/msg/detail/person__type_support_c.cpp.o[0m
[20.127s] [ 70%] [32m[1mLinking CXX shared library libperson_msgs__rosidl_typesupport_fastrtps_c.so[0m
[20.376s] [ 70%] Built target person_msgs__rosidl_typesupport_fastrtps_c
[20.388s] [35m[1mScanning dependencies of target person_msgs[0m
[20.402s] [ 70%] Built target person_msgs
[20.413s] [35m[1mScanning dependencies of target person_msgs__py[0m
[20.426s] [ 74%] [34m[1mGenerating Python code for ROS interfaces[0m
[20.979s] [ 74%] Built target person_msgs__py
[20.992s] [35m[1mScanning dependencies of target person_msgs__python[0m
[21.076s] [ 77%] [32mBuilding C object CMakeFiles/person_msgs__python.dir/rosidl_generator_py/person_msgs/msg/_person_s.c.o[0m
[21.229s] [ 80%] [32m[1mLinking C shared library rosidl_generator_py/person_msgs/libperson_msgs__python.so[0m
[21.408s] [ 80%] Built target person_msgs__python
[21.422s] [35m[1mScanning dependencies of target person_msgs__rosidl_typesupport_introspection_c__pyext[0m
[21.423s] [35m[1mScanning dependencies of target person_msgs__rosidl_typesupport_fastrtps_c__pyext[0m
[21.423s] [35m[1mScanning dependencies of target person_msgs__rosidl_typesupport_c__pyext[0m
[21.454s] [ 83%] [32mBuilding C object CMakeFiles/person_msgs__rosidl_typesupport_c__pyext.dir/rosidl_generator_py/person_msgs/_person_msgs_s.ep.rosidl_typesupport_c.c.o[0m
[21.460s] [ 87%] [32mBuilding C object CMakeFiles/person_msgs__rosidl_typesupport_fastrtps_c__pyext.dir/rosidl_generator_py/person_msgs/_person_msgs_s.ep.rosidl_typesupport_fastrtps_c.c.o[0m
[21.460s] [ 90%] [32mBuilding C object CMakeFiles/person_msgs__rosidl_typesupport_introspection_c__pyext.dir/rosidl_generator_py/person_msgs/_person_msgs_s.ep.rosidl_typesupport_introspection_c.c.o[0m
[21.580s] [ 96%] [32m[1mLinking C shared library rosidl_generator_py/person_msgs/person_msgs_s__rosidl_typesupport_c.cpython-38-x86_64-linux-gnu.so[0m
[21.580s] [ 96%] [32m[1mLinking C shared library rosidl_generator_py/person_msgs/person_msgs_s__rosidl_typesupport_introspection_c.cpython-38-x86_64-linux-gnu.so[0m
[21.596s] [100%] [32m[1mLinking CXX shared library rosidl_generator_py/person_msgs/person_msgs_s__rosidl_typesupport_fastrtps_c.cpython-38-x86_64-linux-gnu.so[0m
[21.720s] [100%] Built target person_msgs__rosidl_typesupport_introspection_c__pyext
[21.727s] [100%] Built target person_msgs__rosidl_typesupport_c__pyext
[21.830s] [100%] Built target person_msgs__rosidl_typesupport_fastrtps_c__pyext
[21.844s] Invoked command in '/home/akira/ros2_2023/ros2_ws/build/person_msgs' returned '0': CMAKE_PREFIX_PATH=${CMAKE_PREFIX_PATH}:/home/akira/ros2_2023/ros2_ws/install/mypkg:/opt/ros/foxy /usr/bin/cmake --build /home/akira/ros2_2023/ros2_ws/build/person_msgs -- -j16 -l16
[21.932s] Invoking command in '/home/akira/ros2_2023/ros2_ws/build/person_msgs': CMAKE_PREFIX_PATH=${CMAKE_PREFIX_PATH}:/home/akira/ros2_2023/ros2_ws/install/mypkg:/opt/ros/foxy /usr/bin/cmake --install /home/akira/ros2_2023/ros2_ws/build/person_msgs
[21.943s] -- Install configuration: ""
[21.943s] -- Installing: /home/akira/ros2_2023/ros2_ws/install/person_msgs/share/ament_index/resource_index/rosidl_interfaces/person_msgs
[21.944s] -- Installing: /home/akira/ros2_2023/ros2_ws/install/person_msgs/include/person_msgs
[21.944s] -- Installing: /home/akira/ros2_2023/ros2_ws/install/person_msgs/include/person_msgs/msg
[21.945s] -- Installing: /home/akira/ros2_2023/ros2_ws/install/person_msgs/include/person_msgs/msg/person.h
[21.945s] -- Installing: /home/akira/ros2_2023/ros2_ws/install/person_msgs/include/person_msgs/msg/rosidl_generator_c__visibility_control.h
[21.945s] -- Installing: /home/akira/ros2_2023/ros2_ws/install/person_msgs/include/person_msgs/msg/detail
[21.945s] -- Installing: /home/akira/ros2_2023/ros2_ws/install/person_msgs/include/person_msgs/msg/detail/person__functions.c
[21.945s] -- Installing: /home/akira/ros2_2023/ros2_ws/install/person_msgs/include/person_msgs/msg/detail/person__type_support.h
[21.946s] -- Installing: /home/akira/ros2_2023/ros2_ws/install/person_msgs/include/person_msgs/msg/detail/person__functions.h
[21.946s] -- Installing: /home/akira/ros2_2023/ros2_ws/install/person_msgs/include/person_msgs/msg/detail/person__struct.h
[21.946s] -- Installing: /home/akira/ros2_2023/ros2_ws/install/person_msgs/share/person_msgs/environment/library_path.sh
[21.946s] -- Installing: /home/akira/ros2_2023/ros2_ws/install/person_msgs/share/person_msgs/environment/library_path.dsv
[21.946s] -- Installing: /home/akira/ros2_2023/ros2_ws/install/person_msgs/lib/libperson_msgs__rosidl_generator_c.so
[21.947s] -- Set runtime path of "/home/akira/ros2_2023/ros2_ws/install/person_msgs/lib/libperson_msgs__rosidl_generator_c.so" to ""
[21.947s] -- Up-to-date: /home/akira/ros2_2023/ros2_ws/install/person_msgs/include/person_msgs
[21.947s] -- Up-to-date: /home/akira/ros2_2023/ros2_ws/install/person_msgs/include/person_msgs/msg
[21.948s] -- Installing: /home/akira/ros2_2023/ros2_ws/install/person_msgs/include/person_msgs/msg/rosidl_typesupport_fastrtps_c__visibility_control.h
[21.948s] -- Up-to-date: /home/akira/ros2_2023/ros2_ws/install/person_msgs/include/person_msgs/msg/detail
[21.948s] -- Installing: /home/akira/ros2_2023/ros2_ws/install/person_msgs/include/person_msgs/msg/detail/person__rosidl_typesupport_fastrtps_c.h
[21.948s] -- Installing: /home/akira/ros2_2023/ros2_ws/install/person_msgs/lib/libperson_msgs__rosidl_typesupport_fastrtps_c.so
[21.949s] -- Set runtime path of "/home/akira/ros2_2023/ros2_ws/install/person_msgs/lib/libperson_msgs__rosidl_typesupport_fastrtps_c.so" to ""
[21.949s] -- Up-to-date: /home/akira/ros2_2023/ros2_ws/install/person_msgs/include/person_msgs
[21.949s] -- Up-to-date: /home/akira/ros2_2023/ros2_ws/install/person_msgs/include/person_msgs/msg
[21.950s] -- Installing: /home/akira/ros2_2023/ros2_ws/install/person_msgs/include/person_msgs/msg/rosidl_typesupport_fastrtps_cpp__visibility_control.h
[21.950s] -- Up-to-date: /home/akira/ros2_2023/ros2_ws/install/person_msgs/include/person_msgs/msg/detail
[21.950s] -- Installing: /home/akira/ros2_2023/ros2_ws/install/person_msgs/include/person_msgs/msg/detail/dds_fastrtps
[21.950s] -- Installing: /home/akira/ros2_2023/ros2_ws/install/person_msgs/include/person_msgs/msg/detail/person__rosidl_typesupport_fastrtps_cpp.hpp
[21.950s] -- Installing: /home/akira/ros2_2023/ros2_ws/install/person_msgs/lib/libperson_msgs__rosidl_typesupport_fastrtps_cpp.so
[21.951s] -- Set runtime path of "/home/akira/ros2_2023/ros2_ws/install/person_msgs/lib/libperson_msgs__rosidl_typesupport_fastrtps_cpp.so" to ""
[21.951s] -- Up-to-date: /home/akira/ros2_2023/ros2_ws/install/person_msgs/include/person_msgs
[21.951s] -- Up-to-date: /home/akira/ros2_2023/ros2_ws/install/person_msgs/include/person_msgs/msg
[21.952s] -- Installing: /home/akira/ros2_2023/ros2_ws/install/person_msgs/include/person_msgs/msg/rosidl_typesupport_introspection_c__visibility_control.h
[21.952s] -- Up-to-date: /home/akira/ros2_2023/ros2_ws/install/person_msgs/include/person_msgs/msg/detail
[21.952s] -- Installing: /home/akira/ros2_2023/ros2_ws/install/person_msgs/include/person_msgs/msg/detail/person__type_support.c
[21.952s] -- Installing: /home/akira/ros2_2023/ros2_ws/install/person_msgs/include/person_msgs/msg/detail/person__rosidl_typesupport_introspection_c.h
[21.953s] -- Installing: /home/akira/ros2_2023/ros2_ws/install/person_msgs/lib/libperson_msgs__rosidl_typesupport_introspection_c.so
[21.953s] -- Set runtime path of "/home/akira/ros2_2023/ros2_ws/install/person_msgs/lib/libperson_msgs__rosidl_typesupport_introspection_c.so" to ""
[21.954s] -- Installing: /home/akira/ros2_2023/ros2_ws/install/person_msgs/lib/libperson_msgs__rosidl_typesupport_c.so
[21.954s] -- Set runtime path of "/home/akira/ros2_2023/ros2_ws/install/person_msgs/lib/libperson_msgs__rosidl_typesupport_c.so" to ""
[21.955s] -- Up-to-date: /home/akira/ros2_2023/ros2_ws/install/person_msgs/include/person_msgs
[21.955s] -- Up-to-date: /home/akira/ros2_2023/ros2_ws/install/person_msgs/include/person_msgs/msg
[21.955s] -- Installing: /home/akira/ros2_2023/ros2_ws/install/person_msgs/include/person_msgs/msg/person.hpp
[21.956s] -- Installing: /home/akira/ros2_2023/ros2_ws/install/person_msgs/include/person_msgs/msg/rosidl_generator_cpp__visibility_control.hpp
[21.956s] -- Up-to-date: /home/akira/ros2_2023/ros2_ws/install/person_msgs/include/person_msgs/msg/detail
[21.956s] -- Installing: /home/akira/ros2_2023/ros2_ws/install/person_msgs/include/person_msgs/msg/detail/person__builder.hpp
[21.957s] -- Installing: /home/akira/ros2_2023/ros2_ws/install/person_msgs/include/person_msgs/msg/detail/person__type_support.hpp
[21.957s] -- Installing: /home/akira/ros2_2023/ros2_ws/install/person_msgs/include/person_msgs/msg/detail/person__traits.hpp
[21.957s] -- Installing: /home/akira/ros2_2023/ros2_ws/install/person_msgs/include/person_msgs/msg/detail/person__struct.hpp
[21.957s] -- Up-to-date: /home/akira/ros2_2023/ros2_ws/install/person_msgs/include/person_msgs
[21.957s] -- Up-to-date: /home/akira/ros2_2023/ros2_ws/install/person_msgs/include/person_msgs/msg
[21.958s] -- Up-to-date: /home/akira/ros2_2023/ros2_ws/install/person_msgs/include/person_msgs/msg/detail
[21.958s] -- Installing: /home/akira/ros2_2023/ros2_ws/install/person_msgs/include/person_msgs/msg/detail/person__rosidl_typesupport_introspection_cpp.hpp
[21.958s] -- Installing: /home/akira/ros2_2023/ros2_ws/install/person_msgs/include/person_msgs/msg/detail/person__type_support.cpp
[21.958s] -- Installing: /home/akira/ros2_2023/ros2_ws/install/person_msgs/lib/libperson_msgs__rosidl_typesupport_introspection_cpp.so
[21.958s] -- Set runtime path of "/home/akira/ros2_2023/ros2_ws/install/person_msgs/lib/libperson_msgs__rosidl_typesupport_introspection_cpp.so" to ""
[21.959s] -- Installing: /home/akira/ros2_2023/ros2_ws/install/person_msgs/lib/libperson_msgs__rosidl_typesupport_cpp.so
[21.959s] -- Set runtime path of "/home/akira/ros2_2023/ros2_ws/install/person_msgs/lib/libperson_msgs__rosidl_typesupport_cpp.so" to ""
[21.959s] -- Installing: /home/akira/ros2_2023/ros2_ws/install/person_msgs/share/person_msgs/environment/pythonpath.sh
[21.959s] -- Installing: /home/akira/ros2_2023/ros2_ws/install/person_msgs/share/person_msgs/environment/pythonpath.dsv
[21.959s] -- Installing: /home/akira/ros2_2023/ros2_ws/install/person_msgs/lib/python3.8/site-packages/person_msgs/__init__.py
[22.001s] Compiling '/home/akira/ros2_2023/ros2_ws/install/person_msgs/lib/python3.8/site-packages/person_msgs/__init__.py'...
[22.007s] -- Installing: /home/akira/ros2_2023/ros2_ws/install/person_msgs/lib/python3.8/site-packages/person_msgs/msg
[22.007s] -- Installing: /home/akira/ros2_2023/ros2_ws/install/person_msgs/lib/python3.8/site-packages/person_msgs/msg/_person.py
[22.008s] -- Installing: /home/akira/ros2_2023/ros2_ws/install/person_msgs/lib/python3.8/site-packages/person_msgs/msg/_person_s.c
[22.008s] -- Installing: /home/akira/ros2_2023/ros2_ws/install/person_msgs/lib/python3.8/site-packages/person_msgs/msg/__init__.py
[22.008s] -- Installing: /home/akira/ros2_2023/ros2_ws/install/person_msgs/lib/python3.8/site-packages/person_msgs/person_msgs_s__rosidl_typesupport_fastrtps_c.cpython-38-x86_64-linux-gnu.so
[22.009s] -- Set runtime path of "/home/akira/ros2_2023/ros2_ws/install/person_msgs/lib/python3.8/site-packages/person_msgs/person_msgs_s__rosidl_typesupport_fastrtps_c.cpython-38-x86_64-linux-gnu.so" to ""
[22.009s] -- Installing: /home/akira/ros2_2023/ros2_ws/install/person_msgs/lib/python3.8/site-packages/person_msgs/person_msgs_s__rosidl_typesupport_introspection_c.cpython-38-x86_64-linux-gnu.so
[22.010s] -- Set runtime path of "/home/akira/ros2_2023/ros2_ws/install/person_msgs/lib/python3.8/site-packages/person_msgs/person_msgs_s__rosidl_typesupport_introspection_c.cpython-38-x86_64-linux-gnu.so" to ""
[22.010s] -- Installing: /home/akira/ros2_2023/ros2_ws/install/person_msgs/lib/python3.8/site-packages/person_msgs/person_msgs_s__rosidl_typesupport_c.cpython-38-x86_64-linux-gnu.so
[22.011s] -- Set runtime path of "/home/akira/ros2_2023/ros2_ws/install/person_msgs/lib/python3.8/site-packages/person_msgs/person_msgs_s__rosidl_typesupport_c.cpython-38-x86_64-linux-gnu.so" to ""
[22.011s] -- Installing: /home/akira/ros2_2023/ros2_ws/install/person_msgs/lib/libperson_msgs__python.so
[22.012s] -- Set runtime path of "/home/akira/ros2_2023/ros2_ws/install/person_msgs/lib/libperson_msgs__python.so" to ""
[22.012s] -- Installing: /home/akira/ros2_2023/ros2_ws/install/person_msgs/share/person_msgs/msg/Person.idl
[22.012s] -- Installing: /home/akira/ros2_2023/ros2_ws/install/person_msgs/share/person_msgs/msg/Person.msg
[22.013s] -- Installing: /home/akira/ros2_2023/ros2_ws/install/person_msgs/share/ament_index/resource_index/package_run_dependencies/person_msgs
[22.013s] -- Installing: /home/akira/ros2_2023/ros2_ws/install/person_msgs/share/ament_index/resource_index/parent_prefix_path/person_msgs
[22.014s] -- Installing: /home/akira/ros2_2023/ros2_ws/install/person_msgs/share/person_msgs/environment/ament_prefix_path.sh
[22.014s] -- Installing: /home/akira/ros2_2023/ros2_ws/install/person_msgs/share/person_msgs/environment/ament_prefix_path.dsv
[22.014s] -- Installing: /home/akira/ros2_2023/ros2_ws/install/person_msgs/share/person_msgs/environment/path.sh
[22.015s] -- Installing: /home/akira/ros2_2023/ros2_ws/install/person_msgs/share/person_msgs/environment/path.dsv
[22.015s] -- Installing: /home/akira/ros2_2023/ros2_ws/install/person_msgs/share/person_msgs/local_setup.bash
[22.015s] -- Installing: /home/akira/ros2_2023/ros2_ws/install/person_msgs/share/person_msgs/local_setup.sh
[22.016s] -- Installing: /home/akira/ros2_2023/ros2_ws/install/person_msgs/share/person_msgs/local_setup.zsh
[22.016s] -- Installing: /home/akira/ros2_2023/ros2_ws/install/person_msgs/share/person_msgs/local_setup.dsv
[22.016s] -- Installing: /home/akira/ros2_2023/ros2_ws/install/person_msgs/share/person_msgs/package.dsv
[22.017s] -- Installing: /home/akira/ros2_2023/ros2_ws/install/person_msgs/share/ament_index/resource_index/packages/person_msgs
[22.017s] -- Installing: /home/akira/ros2_2023/ros2_ws/install/person_msgs/share/person_msgs/cmake/person_msgs__rosidl_generator_cExport.cmake
[22.017s] -- Installing: /home/akira/ros2_2023/ros2_ws/install/person_msgs/share/person_msgs/cmake/person_msgs__rosidl_generator_cExport-noconfig.cmake
[22.017s] -- Installing: /home/akira/ros2_2023/ros2_ws/install/person_msgs/share/person_msgs/cmake/person_msgs__rosidl_typesupport_introspection_cExport.cmake
[22.018s] -- Installing: /home/akira/ros2_2023/ros2_ws/install/person_msgs/share/person_msgs/cmake/person_msgs__rosidl_typesupport_introspection_cExport-noconfig.cmake
[22.018s] -- Installing: /home/akira/ros2_2023/ros2_ws/install/person_msgs/share/person_msgs/cmake/person_msgs__rosidl_typesupport_cExport.cmake
[22.018s] -- Installing: /home/akira/ros2_2023/ros2_ws/install/person_msgs/share/person_msgs/cmake/person_msgs__rosidl_typesupport_cExport-noconfig.cmake
[22.019s] -- Installing: /home/akira/ros2_2023/ros2_ws/install/person_msgs/share/person_msgs/cmake/person_msgs__rosidl_generator_cppExport.cmake
[22.019s] -- Installing: /home/akira/ros2_2023/ros2_ws/install/person_msgs/share/person_msgs/cmake/person_msgs__rosidl_typesupport_introspection_cppExport.cmake
[22.019s] -- Installing: /home/akira/ros2_2023/ros2_ws/install/person_msgs/share/person_msgs/cmake/person_msgs__rosidl_typesupport_introspection_cppExport-noconfig.cmake
[22.020s] -- Installing: /home/akira/ros2_2023/ros2_ws/install/person_msgs/share/person_msgs/cmake/person_msgs__rosidl_typesupport_cppExport.cmake
[22.020s] -- Installing: /home/akira/ros2_2023/ros2_ws/install/person_msgs/share/person_msgs/cmake/person_msgs__rosidl_typesupport_cppExport-noconfig.cmake
[22.020s] -- Installing: /home/akira/ros2_2023/ros2_ws/install/person_msgs/share/person_msgs/cmake/rosidl_cmake-extras.cmake
[22.020s] -- Installing: /home/akira/ros2_2023/ros2_ws/install/person_msgs/share/person_msgs/cmake/ament_cmake_export_dependencies-extras.cmake
[22.021s] -- Installing: /home/akira/ros2_2023/ros2_ws/install/person_msgs/share/person_msgs/cmake/ament_cmake_export_libraries-extras.cmake
[22.021s] -- Installing: /home/akira/ros2_2023/ros2_ws/install/person_msgs/share/person_msgs/cmake/ament_cmake_export_targets-extras.cmake
[22.022s] -- Installing: /home/akira/ros2_2023/ros2_ws/install/person_msgs/share/person_msgs/cmake/ament_cmake_export_include_directories-extras.cmake
[22.022s] -- Installing: /home/akira/ros2_2023/ros2_ws/install/person_msgs/share/person_msgs/cmake/rosidl_cmake_export_typesupport_libraries-extras.cmake
[22.022s] -- Installing: /home/akira/ros2_2023/ros2_ws/install/person_msgs/share/person_msgs/cmake/rosidl_cmake_export_typesupport_targets-extras.cmake
[22.022s] -- Installing: /home/akira/ros2_2023/ros2_ws/install/person_msgs/share/person_msgs/cmake/person_msgsConfig.cmake
[22.023s] -- Installing: /home/akira/ros2_2023/ros2_ws/install/person_msgs/share/person_msgs/cmake/person_msgsConfig-version.cmake
[22.023s] -- Installing: /home/akira/ros2_2023/ros2_ws/install/person_msgs/share/person_msgs/package.xml
[22.026s] Invoked command in '/home/akira/ros2_2023/ros2_ws/build/person_msgs' returned '0': CMAKE_PREFIX_PATH=${CMAKE_PREFIX_PATH}:/home/akira/ros2_2023/ros2_ws/install/mypkg:/opt/ros/foxy /usr/bin/cmake --install /home/akira/ros2_2023/ros2_ws/build/person_msgs
