[1.408s] Invoking command in '/home/akira/ros2_2023/ros2_ws/src/mypkg': PYTHONPATH=/home/akira/ros2_2023/ros2_ws/src/mypkg/build/mypkg/prefix_override:/home/akira/ros2_2023/ros2_ws/src/mypkg/install/mypkg/lib/python3.8/site-packages:${PYTHONPATH} /usr/bin/python3 setup.py egg_info --egg-base build/mypkg build --build-base /home/akira/ros2_2023/ros2_ws/src/mypkg/build/mypkg/build install --record /home/akira/ros2_2023/ros2_ws/src/mypkg/build/mypkg/install.log --install-scripts $base/lib/mypkg --single-version-externally-managed
[1.680s] running egg_info
[1.681s] writing build/mypkg/mypkg.egg-info/PKG-INFO
[1.682s] writing dependency_links to build/mypkg/mypkg.egg-info/dependency_links.txt
[1.682s] writing entry points to build/mypkg/mypkg.egg-info/entry_points.txt
[1.682s] writing requirements to build/mypkg/mypkg.egg-info/requires.txt
[1.683s] writing top-level names to build/mypkg/mypkg.egg-info/top_level.txt
[1.737s] reading manifest file 'build/mypkg/mypkg.egg-info/SOURCES.txt'
[1.739s] writing manifest file 'build/mypkg/mypkg.egg-info/SOURCES.txt'
[1.740s] running build
[1.740s] running build_py
[1.740s] running install
[1.742s] running install_lib
[1.744s] running install_data
[1.745s] copying package.xml -> /home/akira/ros2_2023/ros2_ws/src/mypkg/install/mypkg/share/mypkg
[1.745s] running install_egg_info
[1.747s] removing '/home/akira/ros2_2023/ros2_ws/src/mypkg/install/mypkg/lib/python3.8/site-packages/mypkg-0.0.0-py3.8.egg-info' (and everything under it)
[1.748s] Copying build/mypkg/mypkg.egg-info to /home/akira/ros2_2023/ros2_ws/src/mypkg/install/mypkg/lib/python3.8/site-packages/mypkg-0.0.0-py3.8.egg-info
[1.750s] running install_scripts
[1.779s] Installing listener script to /home/akira/ros2_2023/ros2_ws/src/mypkg/install/mypkg/lib/mypkg
[1.780s] Installing talker script to /home/akira/ros2_2023/ros2_ws/src/mypkg/install/mypkg/lib/mypkg
[1.780s] writing list of installed files to '/home/akira/ros2_2023/ros2_ws/src/mypkg/build/mypkg/install.log'
[1.807s] Invoked command in '/home/akira/ros2_2023/ros2_ws/src/mypkg' returned '0': PYTHONPATH=/home/akira/ros2_2023/ros2_ws/src/mypkg/build/mypkg/prefix_override:/home/akira/ros2_2023/ros2_ws/src/mypkg/install/mypkg/lib/python3.8/site-packages:${PYTHONPATH} /usr/bin/python3 setup.py egg_info --egg-base build/mypkg build --build-base /home/akira/ros2_2023/ros2_ws/src/mypkg/build/mypkg/build install --record /home/akira/ros2_2023/ros2_ws/src/mypkg/build/mypkg/install.log --install-scripts $base/lib/mypkg --single-version-externally-managed
