[0.663s] Invoking command in '/home/akira/ros2_2023/ros2_ws/build/person_msgs': CMAKE_PREFIX_PATH=${CMAKE_PREFIX_PATH}:/home/akira/ros2_2023/ros2_ws/install/mypkg:/opt/ros/foxy /usr/bin/cmake --build /home/akira/ros2_2023/ros2_ws/build/person_msgs -- -j16 -l16
[0.734s] [  2%] Built target person_msgs__cpp
[0.740s] [ 12%] Built target person_msgs__rosidl_generator_c
[0.776s] [ 23%] Built target person_msgs__rosidl_typesupport_introspection_cpp
[0.777s] [ 33%] Built target person_msgs__rosidl_typesupport_cpp
[0.777s] [ 43%] Built target person_msgs__rosidl_typesupport_c
[0.777s] [ 53%] Built target person_msgs__rosidl_typesupport_fastrtps_cpp
[0.780s] [ 64%] Built target person_msgs__rosidl_typesupport_introspection_c
[0.807s] [ 74%] Built target person_msgs__rosidl_typesupport_fastrtps_c
[0.831s] [ 74%] Built target person_msgs
[0.857s] [ 76%] Built target person_msgs__py
[0.895s] [ 84%] Built target person_msgs__python
[0.930s] [ 94%] Built target person_msgs__rosidl_typesupport_c__pyext
[0.931s] [ 94%] Built target person_msgs__rosidl_typesupport_introspection_c__pyext
[0.932s] [100%] Built target person_msgs__rosidl_typesupport_fastrtps_c__pyext
[0.947s] Invoked command in '/home/akira/ros2_2023/ros2_ws/build/person_msgs' returned '0': CMAKE_PREFIX_PATH=${CMAKE_PREFIX_PATH}:/home/akira/ros2_2023/ros2_ws/install/mypkg:/opt/ros/foxy /usr/bin/cmake --build /home/akira/ros2_2023/ros2_ws/build/person_msgs -- -j16 -l16
[1.057s] Invoking command in '/home/akira/ros2_2023/ros2_ws/build/person_msgs': CMAKE_PREFIX_PATH=${CMAKE_PREFIX_PATH}:/home/akira/ros2_2023/ros2_ws/install/mypkg:/opt/ros/foxy /usr/bin/cmake --install /home/akira/ros2_2023/ros2_ws/build/person_msgs
[1.072s] -- Install configuration: ""
[1.073s] -- Up-to-date: /home/akira/ros2_2023/ros2_ws/install/person_msgs/share/ament_index/resource_index/rosidl_interfaces/person_msgs
[1.074s] -- Up-to-date: /home/akira/ros2_2023/ros2_ws/install/person_msgs/include/person_msgs
[1.074s] -- Up-to-date: /home/akira/ros2_2023/ros2_ws/install/person_msgs/include/person_msgs/srv
[1.074s] -- Up-to-date: /home/akira/ros2_2023/ros2_ws/install/person_msgs/include/person_msgs/srv/query.h
[1.074s] -- Up-to-date: /home/akira/ros2_2023/ros2_ws/install/person_msgs/include/person_msgs/srv/detail
[1.075s] -- Up-to-date: /home/akira/ros2_2023/ros2_ws/install/person_msgs/include/person_msgs/srv/detail/query__functions.c
[1.075s] -- Up-to-date: /home/akira/ros2_2023/ros2_ws/install/person_msgs/include/person_msgs/srv/detail/query__type_support.h
[1.076s] -- Up-to-date: /home/akira/ros2_2023/ros2_ws/install/person_msgs/include/person_msgs/srv/detail/query__functions.h
[1.076s] -- Up-to-date: /home/akira/ros2_2023/ros2_ws/install/person_msgs/include/person_msgs/srv/detail/query__struct.h
[1.076s] -- Up-to-date: /home/akira/ros2_2023/ros2_ws/install/person_msgs/include/person_msgs/msg
[1.076s] -- Up-to-date: /home/akira/ros2_2023/ros2_ws/install/person_msgs/include/person_msgs/msg/person.h
[1.077s] -- Up-to-date: /home/akira/ros2_2023/ros2_ws/install/person_msgs/include/person_msgs/msg/rosidl_generator_c__visibility_control.h
[1.077s] -- Up-to-date: /home/akira/ros2_2023/ros2_ws/install/person_msgs/include/person_msgs/msg/detail
[1.077s] -- Up-to-date: /home/akira/ros2_2023/ros2_ws/install/person_msgs/include/person_msgs/msg/detail/person__functions.c
[1.078s] -- Up-to-date: /home/akira/ros2_2023/ros2_ws/install/person_msgs/include/person_msgs/msg/detail/person__type_support.h
[1.078s] -- Up-to-date: /home/akira/ros2_2023/ros2_ws/install/person_msgs/include/person_msgs/msg/detail/person__functions.h
[1.078s] -- Up-to-date: /home/akira/ros2_2023/ros2_ws/install/person_msgs/include/person_msgs/msg/detail/person__struct.h
[1.079s] -- Up-to-date: /home/akira/ros2_2023/ros2_ws/install/person_msgs/share/person_msgs/environment/library_path.sh
[1.079s] -- Up-to-date: /home/akira/ros2_2023/ros2_ws/install/person_msgs/share/person_msgs/environment/library_path.dsv
[1.080s] -- Up-to-date: /home/akira/ros2_2023/ros2_ws/install/person_msgs/lib/libperson_msgs__rosidl_generator_c.so
[1.080s] -- Up-to-date: /home/akira/ros2_2023/ros2_ws/install/person_msgs/include/person_msgs
[1.081s] -- Up-to-date: /home/akira/ros2_2023/ros2_ws/install/person_msgs/include/person_msgs/srv
[1.081s] -- Up-to-date: /home/akira/ros2_2023/ros2_ws/install/person_msgs/include/person_msgs/srv/detail
[1.081s] -- Up-to-date: /home/akira/ros2_2023/ros2_ws/install/person_msgs/include/person_msgs/srv/detail/query__rosidl_typesupport_fastrtps_c.h
[1.081s] -- Up-to-date: /home/akira/ros2_2023/ros2_ws/install/person_msgs/include/person_msgs/msg
[1.082s] -- Up-to-date: /home/akira/ros2_2023/ros2_ws/install/person_msgs/include/person_msgs/msg/rosidl_typesupport_fastrtps_c__visibility_control.h
[1.082s] -- Up-to-date: /home/akira/ros2_2023/ros2_ws/install/person_msgs/include/person_msgs/msg/detail
[1.082s] -- Up-to-date: /home/akira/ros2_2023/ros2_ws/install/person_msgs/include/person_msgs/msg/detail/person__rosidl_typesupport_fastrtps_c.h
[1.082s] -- Up-to-date: /home/akira/ros2_2023/ros2_ws/install/person_msgs/lib/libperson_msgs__rosidl_typesupport_fastrtps_c.so
[1.082s] -- Up-to-date: /home/akira/ros2_2023/ros2_ws/install/person_msgs/include/person_msgs
[1.082s] -- Up-to-date: /home/akira/ros2_2023/ros2_ws/install/person_msgs/include/person_msgs/srv
[1.082s] -- Up-to-date: /home/akira/ros2_2023/ros2_ws/install/person_msgs/include/person_msgs/srv/detail
[1.083s] -- Up-to-date: /home/akira/ros2_2023/ros2_ws/install/person_msgs/include/person_msgs/srv/detail/dds_fastrtps
[1.083s] -- Up-to-date: /home/akira/ros2_2023/ros2_ws/install/person_msgs/include/person_msgs/srv/detail/query__rosidl_typesupport_fastrtps_cpp.hpp
[1.083s] -- Up-to-date: /home/akira/ros2_2023/ros2_ws/install/person_msgs/include/person_msgs/msg
[1.083s] -- Up-to-date: /home/akira/ros2_2023/ros2_ws/install/person_msgs/include/person_msgs/msg/rosidl_typesupport_fastrtps_cpp__visibility_control.h
[1.083s] -- Up-to-date: /home/akira/ros2_2023/ros2_ws/install/person_msgs/include/person_msgs/msg/detail
[1.083s] -- Up-to-date: /home/akira/ros2_2023/ros2_ws/install/person_msgs/include/person_msgs/msg/detail/dds_fastrtps
[1.083s] -- Up-to-date: /home/akira/ros2_2023/ros2_ws/install/person_msgs/include/person_msgs/msg/detail/person__rosidl_typesupport_fastrtps_cpp.hpp
[1.083s] -- Up-to-date: /home/akira/ros2_2023/ros2_ws/install/person_msgs/lib/libperson_msgs__rosidl_typesupport_fastrtps_cpp.so
[1.083s] -- Up-to-date: /home/akira/ros2_2023/ros2_ws/install/person_msgs/include/person_msgs
[1.083s] -- Up-to-date: /home/akira/ros2_2023/ros2_ws/install/person_msgs/include/person_msgs/srv
[1.083s] -- Up-to-date: /home/akira/ros2_2023/ros2_ws/install/person_msgs/include/person_msgs/srv/detail
[1.084s] -- Up-to-date: /home/akira/ros2_2023/ros2_ws/install/person_msgs/include/person_msgs/srv/detail/query__type_support.c
[1.084s] -- Up-to-date: /home/akira/ros2_2023/ros2_ws/install/person_msgs/include/person_msgs/srv/detail/query__rosidl_typesupport_introspection_c.h
[1.084s] -- Up-to-date: /home/akira/ros2_2023/ros2_ws/install/person_msgs/include/person_msgs/msg
[1.084s] -- Up-to-date: /home/akira/ros2_2023/ros2_ws/install/person_msgs/include/person_msgs/msg/rosidl_typesupport_introspection_c__visibility_control.h
[1.084s] -- Up-to-date: /home/akira/ros2_2023/ros2_ws/install/person_msgs/include/person_msgs/msg/detail
[1.084s] -- Up-to-date: /home/akira/ros2_2023/ros2_ws/install/person_msgs/include/person_msgs/msg/detail/person__type_support.c
[1.084s] -- Up-to-date: /home/akira/ros2_2023/ros2_ws/install/person_msgs/include/person_msgs/msg/detail/person__rosidl_typesupport_introspection_c.h
[1.084s] -- Up-to-date: /home/akira/ros2_2023/ros2_ws/install/person_msgs/lib/libperson_msgs__rosidl_typesupport_introspection_c.so
[1.084s] -- Up-to-date: /home/akira/ros2_2023/ros2_ws/install/person_msgs/lib/libperson_msgs__rosidl_typesupport_c.so
[1.084s] -- Up-to-date: /home/akira/ros2_2023/ros2_ws/install/person_msgs/include/person_msgs
[1.084s] -- Up-to-date: /home/akira/ros2_2023/ros2_ws/install/person_msgs/include/person_msgs/srv
[1.084s] -- Up-to-date: /home/akira/ros2_2023/ros2_ws/install/person_msgs/include/person_msgs/srv/query.hpp
[1.085s] -- Up-to-date: /home/akira/ros2_2023/ros2_ws/install/person_msgs/include/person_msgs/srv/detail
[1.085s] -- Up-to-date: /home/akira/ros2_2023/ros2_ws/install/person_msgs/include/person_msgs/srv/detail/query__builder.hpp
[1.085s] -- Up-to-date: /home/akira/ros2_2023/ros2_ws/install/person_msgs/include/person_msgs/srv/detail/query__struct.hpp
[1.085s] -- Up-to-date: /home/akira/ros2_2023/ros2_ws/install/person_msgs/include/person_msgs/srv/detail/query__traits.hpp
[1.085s] -- Up-to-date: /home/akira/ros2_2023/ros2_ws/install/person_msgs/include/person_msgs/srv/detail/query__type_support.hpp
[1.085s] -- Up-to-date: /home/akira/ros2_2023/ros2_ws/install/person_msgs/include/person_msgs/msg
[1.085s] -- Up-to-date: /home/akira/ros2_2023/ros2_ws/install/person_msgs/include/person_msgs/msg/person.hpp
[1.085s] -- Up-to-date: /home/akira/ros2_2023/ros2_ws/install/person_msgs/include/person_msgs/msg/rosidl_generator_cpp__visibility_control.hpp
[1.085s] -- Up-to-date: /home/akira/ros2_2023/ros2_ws/install/person_msgs/include/person_msgs/msg/detail
[1.086s] -- Up-to-date: /home/akira/ros2_2023/ros2_ws/install/person_msgs/include/person_msgs/msg/detail/person__builder.hpp
[1.086s] -- Up-to-date: /home/akira/ros2_2023/ros2_ws/install/person_msgs/include/person_msgs/msg/detail/person__type_support.hpp
[1.086s] -- Up-to-date: /home/akira/ros2_2023/ros2_ws/install/person_msgs/include/person_msgs/msg/detail/person__traits.hpp
[1.086s] -- Up-to-date: /home/akira/ros2_2023/ros2_ws/install/person_msgs/include/person_msgs/msg/detail/person__struct.hpp
[1.086s] -- Up-to-date: /home/akira/ros2_2023/ros2_ws/install/person_msgs/include/person_msgs
[1.086s] -- Up-to-date: /home/akira/ros2_2023/ros2_ws/install/person_msgs/include/person_msgs/srv
[1.086s] -- Up-to-date: /home/akira/ros2_2023/ros2_ws/install/person_msgs/include/person_msgs/srv/detail
[1.086s] -- Up-to-date: /home/akira/ros2_2023/ros2_ws/install/person_msgs/include/person_msgs/srv/detail/query__type_support.cpp
[1.086s] -- Up-to-date: /home/akira/ros2_2023/ros2_ws/install/person_msgs/include/person_msgs/srv/detail/query__rosidl_typesupport_introspection_cpp.hpp
[1.086s] -- Up-to-date: /home/akira/ros2_2023/ros2_ws/install/person_msgs/include/person_msgs/msg
[1.086s] -- Up-to-date: /home/akira/ros2_2023/ros2_ws/install/person_msgs/include/person_msgs/msg/detail
[1.086s] -- Up-to-date: /home/akira/ros2_2023/ros2_ws/install/person_msgs/include/person_msgs/msg/detail/person__rosidl_typesupport_introspection_cpp.hpp
[1.087s] -- Up-to-date: /home/akira/ros2_2023/ros2_ws/install/person_msgs/include/person_msgs/msg/detail/person__type_support.cpp
[1.087s] -- Up-to-date: /home/akira/ros2_2023/ros2_ws/install/person_msgs/lib/libperson_msgs__rosidl_typesupport_introspection_cpp.so
[1.087s] -- Up-to-date: /home/akira/ros2_2023/ros2_ws/install/person_msgs/lib/libperson_msgs__rosidl_typesupport_cpp.so
[1.087s] -- Up-to-date: /home/akira/ros2_2023/ros2_ws/install/person_msgs/share/person_msgs/environment/pythonpath.sh
[1.087s] -- Up-to-date: /home/akira/ros2_2023/ros2_ws/install/person_msgs/share/person_msgs/environment/pythonpath.dsv
[1.087s] -- Up-to-date: /home/akira/ros2_2023/ros2_ws/install/person_msgs/lib/python3.8/site-packages/person_msgs/__init__.py
[1.137s] -- Up-to-date: /home/akira/ros2_2023/ros2_ws/install/person_msgs/lib/python3.8/site-packages/person_msgs/msg
[1.137s] -- Up-to-date: /home/akira/ros2_2023/ros2_ws/install/person_msgs/lib/python3.8/site-packages/person_msgs/msg/_person.py
[1.137s] -- Up-to-date: /home/akira/ros2_2023/ros2_ws/install/person_msgs/lib/python3.8/site-packages/person_msgs/msg/_person_s.c
[1.138s] -- Up-to-date: /home/akira/ros2_2023/ros2_ws/install/person_msgs/lib/python3.8/site-packages/person_msgs/msg/__init__.py
[1.138s] -- Up-to-date: /home/akira/ros2_2023/ros2_ws/install/person_msgs/lib/python3.8/site-packages/person_msgs/srv
[1.138s] -- Up-to-date: /home/akira/ros2_2023/ros2_ws/install/person_msgs/lib/python3.8/site-packages/person_msgs/srv/_query_s.c
[1.138s] -- Up-to-date: /home/akira/ros2_2023/ros2_ws/install/person_msgs/lib/python3.8/site-packages/person_msgs/srv/_query.py
[1.139s] -- Up-to-date: /home/akira/ros2_2023/ros2_ws/install/person_msgs/lib/python3.8/site-packages/person_msgs/srv/__init__.py
[1.139s] -- Up-to-date: /home/akira/ros2_2023/ros2_ws/install/person_msgs/lib/python3.8/site-packages/person_msgs/person_msgs_s__rosidl_typesupport_fastrtps_c.cpython-38-x86_64-linux-gnu.so
[1.139s] -- Up-to-date: /home/akira/ros2_2023/ros2_ws/install/person_msgs/lib/python3.8/site-packages/person_msgs/person_msgs_s__rosidl_typesupport_introspection_c.cpython-38-x86_64-linux-gnu.so
[1.140s] -- Up-to-date: /home/akira/ros2_2023/ros2_ws/install/person_msgs/lib/python3.8/site-packages/person_msgs/person_msgs_s__rosidl_typesupport_c.cpython-38-x86_64-linux-gnu.so
[1.140s] -- Up-to-date: /home/akira/ros2_2023/ros2_ws/install/person_msgs/lib/libperson_msgs__python.so
[1.141s] -- Up-to-date: /home/akira/ros2_2023/ros2_ws/install/person_msgs/share/person_msgs/msg/Person.idl
[1.141s] -- Up-to-date: /home/akira/ros2_2023/ros2_ws/install/person_msgs/share/person_msgs/srv/Query.idl
[1.142s] -- Up-to-date: /home/akira/ros2_2023/ros2_ws/install/person_msgs/share/person_msgs/msg/Person.msg
[1.142s] -- Up-to-date: /home/akira/ros2_2023/ros2_ws/install/person_msgs/share/person_msgs/srv/Query.srv
[1.142s] -- Up-to-date: /home/akira/ros2_2023/ros2_ws/install/person_msgs/share/person_msgs/srv/Query_Request.msg
[1.143s] -- Up-to-date: /home/akira/ros2_2023/ros2_ws/install/person_msgs/share/person_msgs/srv/Query_Response.msg
[1.143s] -- Up-to-date: /home/akira/ros2_2023/ros2_ws/install/person_msgs/share/ament_index/resource_index/package_run_dependencies/person_msgs
[1.143s] -- Up-to-date: /home/akira/ros2_2023/ros2_ws/install/person_msgs/share/ament_index/resource_index/parent_prefix_path/person_msgs
[1.144s] -- Up-to-date: /home/akira/ros2_2023/ros2_ws/install/person_msgs/share/person_msgs/environment/ament_prefix_path.sh
[1.144s] -- Up-to-date: /home/akira/ros2_2023/ros2_ws/install/person_msgs/share/person_msgs/environment/ament_prefix_path.dsv
[1.144s] -- Up-to-date: /home/akira/ros2_2023/ros2_ws/install/person_msgs/share/person_msgs/environment/path.sh
[1.145s] -- Up-to-date: /home/akira/ros2_2023/ros2_ws/install/person_msgs/share/person_msgs/environment/path.dsv
[1.145s] -- Up-to-date: /home/akira/ros2_2023/ros2_ws/install/person_msgs/share/person_msgs/local_setup.bash
[1.146s] -- Up-to-date: /home/akira/ros2_2023/ros2_ws/install/person_msgs/share/person_msgs/local_setup.sh
[1.146s] -- Up-to-date: /home/akira/ros2_2023/ros2_ws/install/person_msgs/share/person_msgs/local_setup.zsh
[1.146s] -- Up-to-date: /home/akira/ros2_2023/ros2_ws/install/person_msgs/share/person_msgs/local_setup.dsv
[1.147s] -- Installing: /home/akira/ros2_2023/ros2_ws/install/person_msgs/share/person_msgs/package.dsv
[1.147s] -- Up-to-date: /home/akira/ros2_2023/ros2_ws/install/person_msgs/share/ament_index/resource_index/packages/person_msgs
[1.147s] -- Up-to-date: /home/akira/ros2_2023/ros2_ws/install/person_msgs/share/person_msgs/cmake/person_msgs__rosidl_generator_cExport.cmake
[1.148s] -- Up-to-date: /home/akira/ros2_2023/ros2_ws/install/person_msgs/share/person_msgs/cmake/person_msgs__rosidl_generator_cExport-noconfig.cmake
[1.149s] -- Up-to-date: /home/akira/ros2_2023/ros2_ws/install/person_msgs/share/person_msgs/cmake/person_msgs__rosidl_typesupport_introspection_cExport.cmake
[1.149s] -- Up-to-date: /home/akira/ros2_2023/ros2_ws/install/person_msgs/share/person_msgs/cmake/person_msgs__rosidl_typesupport_introspection_cExport-noconfig.cmake
[1.150s] -- Up-to-date: /home/akira/ros2_2023/ros2_ws/install/person_msgs/share/person_msgs/cmake/person_msgs__rosidl_typesupport_cExport.cmake
[1.150s] -- Up-to-date: /home/akira/ros2_2023/ros2_ws/install/person_msgs/share/person_msgs/cmake/person_msgs__rosidl_typesupport_cExport-noconfig.cmake
[1.150s] -- Up-to-date: /home/akira/ros2_2023/ros2_ws/install/person_msgs/share/person_msgs/cmake/person_msgs__rosidl_generator_cppExport.cmake
[1.151s] -- Up-to-date: /home/akira/ros2_2023/ros2_ws/install/person_msgs/share/person_msgs/cmake/person_msgs__rosidl_typesupport_introspection_cppExport.cmake
[1.152s] -- Up-to-date: /home/akira/ros2_2023/ros2_ws/install/person_msgs/share/person_msgs/cmake/person_msgs__rosidl_typesupport_introspection_cppExport-noconfig.cmake
[1.153s] -- Up-to-date: /home/akira/ros2_2023/ros2_ws/install/person_msgs/share/person_msgs/cmake/person_msgs__rosidl_typesupport_cppExport.cmake
[1.153s] -- Up-to-date: /home/akira/ros2_2023/ros2_ws/install/person_msgs/share/person_msgs/cmake/person_msgs__rosidl_typesupport_cppExport-noconfig.cmake
[1.153s] -- Up-to-date: /home/akira/ros2_2023/ros2_ws/install/person_msgs/share/person_msgs/cmake/rosidl_cmake-extras.cmake
[1.153s] -- Up-to-date: /home/akira/ros2_2023/ros2_ws/install/person_msgs/share/person_msgs/cmake/ament_cmake_export_dependencies-extras.cmake
[1.153s] -- Up-to-date: /home/akira/ros2_2023/ros2_ws/install/person_msgs/share/person_msgs/cmake/ament_cmake_export_libraries-extras.cmake
[1.154s] -- Up-to-date: /home/akira/ros2_2023/ros2_ws/install/person_msgs/share/person_msgs/cmake/ament_cmake_export_targets-extras.cmake
[1.154s] -- Up-to-date: /home/akira/ros2_2023/ros2_ws/install/person_msgs/share/person_msgs/cmake/ament_cmake_export_include_directories-extras.cmake
[1.154s] -- Up-to-date: /home/akira/ros2_2023/ros2_ws/install/person_msgs/share/person_msgs/cmake/rosidl_cmake_export_typesupport_libraries-extras.cmake
[1.154s] -- Up-to-date: /home/akira/ros2_2023/ros2_ws/install/person_msgs/share/person_msgs/cmake/rosidl_cmake_export_typesupport_targets-extras.cmake
[1.155s] -- Up-to-date: /home/akira/ros2_2023/ros2_ws/install/person_msgs/share/person_msgs/cmake/person_msgsConfig.cmake
[1.156s] -- Up-to-date: /home/akira/ros2_2023/ros2_ws/install/person_msgs/share/person_msgs/cmake/person_msgsConfig-version.cmake
[1.156s] -- Up-to-date: /home/akira/ros2_2023/ros2_ws/install/person_msgs/share/person_msgs/package.xml
[1.156s] Invoked command in '/home/akira/ros2_2023/ros2_ws/build/person_msgs' returned '0': CMAKE_PREFIX_PATH=${CMAKE_PREFIX_PATH}:/home/akira/ros2_2023/ros2_ws/install/mypkg:/opt/ros/foxy /usr/bin/cmake --install /home/akira/ros2_2023/ros2_ws/build/person_msgs
