[1.329s] Invoking command in '/home/akira/ros2_2023/ros2_ws/src/mypkg': PYTHONPATH=/home/akira/ros2_2023/ros2_ws/build/mypkg/prefix_override:/home/akira/ros2_2023/ros2_ws/install/mypkg/lib/python3.8/site-packages:${PYTHONPATH} /usr/bin/python3 setup.py egg_info --egg-base ../../build/mypkg build --build-base /home/akira/ros2_2023/ros2_ws/build/mypkg/build install --record /home/akira/ros2_2023/ros2_ws/build/mypkg/install.log --install-scripts $base/lib/mypkg --single-version-externally-managed
[1.650s] running egg_info
[1.651s] writing ../../build/mypkg/mypkg.egg-info/PKG-INFO
[1.652s] writing dependency_links to ../../build/mypkg/mypkg.egg-info/dependency_links.txt
[1.653s] writing entry points to ../../build/mypkg/mypkg.egg-info/entry_points.txt
[1.653s] writing requirements to ../../build/mypkg/mypkg.egg-info/requires.txt
[1.654s] writing top-level names to ../../build/mypkg/mypkg.egg-info/top_level.txt
[1.711s] reading manifest file '../../build/mypkg/mypkg.egg-info/SOURCES.txt'
[1.713s] writing manifest file '../../build/mypkg/mypkg.egg-info/SOURCES.txt'
[1.713s] running build
[1.714s] running build_py
[1.714s] running install
[1.715s] running install_lib
[1.718s] running install_data
[1.718s] running install_egg_info
[1.721s] removing '/home/akira/ros2_2023/ros2_ws/install/mypkg/lib/python3.8/site-packages/mypkg-0.0.0-py3.8.egg-info' (and everything under it)
[1.721s] Copying ../../build/mypkg/mypkg.egg-info to /home/akira/ros2_2023/ros2_ws/install/mypkg/lib/python3.8/site-packages/mypkg-0.0.0-py3.8.egg-info
[1.723s] running install_scripts
[1.750s] Installing talker script to /home/akira/ros2_2023/ros2_ws/install/mypkg/lib/mypkg
[1.751s] writing list of installed files to '/home/akira/ros2_2023/ros2_ws/build/mypkg/install.log'
[1.781s] Invoked command in '/home/akira/ros2_2023/ros2_ws/src/mypkg' returned '0': PYTHONPATH=/home/akira/ros2_2023/ros2_ws/build/mypkg/prefix_override:/home/akira/ros2_2023/ros2_ws/install/mypkg/lib/python3.8/site-packages:${PYTHONPATH} /usr/bin/python3 setup.py egg_info --egg-base ../../build/mypkg build --build-base /home/akira/ros2_2023/ros2_ws/build/mypkg/build install --record /home/akira/ros2_2023/ros2_ws/build/mypkg/install.log --install-scripts $base/lib/mypkg --single-version-externally-managed
