[0.595s] Invoking command in '/home/akira/ros2_2023/ros2_ws/build/person_msgs': CMAKE_PREFIX_PATH=/opt/ros/foxy /usr/bin/cmake --build /home/akira/ros2_2023/ros2_ws/build/person_msgs -- -j16 -l16
[0.843s] [  2%] Built target person_msgs__cpp
[0.844s] [ 12%] Built target person_msgs__rosidl_generator_c
[0.883s] [ 23%] Built target person_msgs__rosidl_typesupport_introspection_c
[0.883s] [ 33%] Built target person_msgs__rosidl_typesupport_c
[0.884s] [ 43%] Built target person_msgs__rosidl_typesupport_cpp
[0.885s] [ 53%] Built target person_msgs__rosidl_typesupport_introspection_cpp
[0.886s] [ 64%] Built target person_msgs__rosidl_typesupport_fastrtps_cpp
[0.921s] [ 74%] Built target person_msgs__rosidl_typesupport_fastrtps_c
[0.947s] [ 74%] Built target person_msgs
[0.977s] [ 76%] Built target person_msgs__py
[1.021s] [ 84%] Built target person_msgs__python
[1.056s] [ 94%] Built target person_msgs__rosidl_typesupport_c__pyext
[1.057s] [ 94%] Built target person_msgs__rosidl_typesupport_fastrtps_c__pyext
[1.059s] [100%] Built target person_msgs__rosidl_typesupport_introspection_c__pyext
[1.074s] Invoked command in '/home/akira/ros2_2023/ros2_ws/build/person_msgs' returned '0': CMAKE_PREFIX_PATH=/opt/ros/foxy /usr/bin/cmake --build /home/akira/ros2_2023/ros2_ws/build/person_msgs -- -j16 -l16
[1.183s] Invoking command in '/home/akira/ros2_2023/ros2_ws/build/person_msgs': CMAKE_PREFIX_PATH=/opt/ros/foxy /usr/bin/cmake --install /home/akira/ros2_2023/ros2_ws/build/person_msgs
[1.196s] -- Install configuration: ""
[1.196s] -- Up-to-date: /home/akira/ros2_2023/ros2_ws/install/person_msgs/share/ament_index/resource_index/rosidl_interfaces/person_msgs
[1.197s] -- Up-to-date: /home/akira/ros2_2023/ros2_ws/install/person_msgs/include/person_msgs
[1.197s] -- Up-to-date: /home/akira/ros2_2023/ros2_ws/install/person_msgs/include/person_msgs/srv
[1.197s] -- Up-to-date: /home/akira/ros2_2023/ros2_ws/install/person_msgs/include/person_msgs/srv/query.h
[1.198s] -- Up-to-date: /home/akira/ros2_2023/ros2_ws/install/person_msgs/include/person_msgs/srv/detail
[1.198s] -- Up-to-date: /home/akira/ros2_2023/ros2_ws/install/person_msgs/include/person_msgs/srv/detail/query__functions.c
[1.199s] -- Up-to-date: /home/akira/ros2_2023/ros2_ws/install/person_msgs/include/person_msgs/srv/detail/query__type_support.h
[1.199s] -- Up-to-date: /home/akira/ros2_2023/ros2_ws/install/person_msgs/include/person_msgs/srv/detail/query__functions.h
[1.200s] -- Up-to-date: /home/akira/ros2_2023/ros2_ws/install/person_msgs/include/person_msgs/srv/detail/query__struct.h
[1.200s] -- Up-to-date: /home/akira/ros2_2023/ros2_ws/install/person_msgs/include/person_msgs/msg
[1.200s] -- Up-to-date: /home/akira/ros2_2023/ros2_ws/install/person_msgs/include/person_msgs/msg/person.h
[1.200s] -- Up-to-date: /home/akira/ros2_2023/ros2_ws/install/person_msgs/include/person_msgs/msg/rosidl_generator_c__visibility_control.h
[1.201s] -- Up-to-date: /home/akira/ros2_2023/ros2_ws/install/person_msgs/include/person_msgs/msg/detail
[1.201s] -- Up-to-date: /home/akira/ros2_2023/ros2_ws/install/person_msgs/include/person_msgs/msg/detail/person__functions.c
[1.201s] -- Up-to-date: /home/akira/ros2_2023/ros2_ws/install/person_msgs/include/person_msgs/msg/detail/person__type_support.h
[1.201s] -- Up-to-date: /home/akira/ros2_2023/ros2_ws/install/person_msgs/include/person_msgs/msg/detail/person__functions.h
[1.201s] -- Up-to-date: /home/akira/ros2_2023/ros2_ws/install/person_msgs/include/person_msgs/msg/detail/person__struct.h
[1.201s] -- Up-to-date: /home/akira/ros2_2023/ros2_ws/install/person_msgs/share/person_msgs/environment/library_path.sh
[1.201s] -- Up-to-date: /home/akira/ros2_2023/ros2_ws/install/person_msgs/share/person_msgs/environment/library_path.dsv
[1.202s] -- Up-to-date: /home/akira/ros2_2023/ros2_ws/install/person_msgs/lib/libperson_msgs__rosidl_generator_c.so
[1.202s] -- Up-to-date: /home/akira/ros2_2023/ros2_ws/install/person_msgs/include/person_msgs
[1.202s] -- Up-to-date: /home/akira/ros2_2023/ros2_ws/install/person_msgs/include/person_msgs/srv
[1.203s] -- Up-to-date: /home/akira/ros2_2023/ros2_ws/install/person_msgs/include/person_msgs/srv/detail
[1.203s] -- Up-to-date: /home/akira/ros2_2023/ros2_ws/install/person_msgs/include/person_msgs/srv/detail/query__rosidl_typesupport_fastrtps_c.h
[1.204s] -- Up-to-date: /home/akira/ros2_2023/ros2_ws/install/person_msgs/include/person_msgs/msg
[1.205s] -- Up-to-date: /home/akira/ros2_2023/ros2_ws/install/person_msgs/include/person_msgs/msg/rosidl_typesupport_fastrtps_c__visibility_control.h
[1.205s] -- Up-to-date: /home/akira/ros2_2023/ros2_ws/install/person_msgs/include/person_msgs/msg/detail
[1.205s] -- Up-to-date: /home/akira/ros2_2023/ros2_ws/install/person_msgs/include/person_msgs/msg/detail/person__rosidl_typesupport_fastrtps_c.h
[1.205s] -- Up-to-date: /home/akira/ros2_2023/ros2_ws/install/person_msgs/lib/libperson_msgs__rosidl_typesupport_fastrtps_c.so
[1.205s] -- Up-to-date: /home/akira/ros2_2023/ros2_ws/install/person_msgs/include/person_msgs
[1.205s] -- Up-to-date: /home/akira/ros2_2023/ros2_ws/install/person_msgs/include/person_msgs/srv
[1.205s] -- Up-to-date: /home/akira/ros2_2023/ros2_ws/install/person_msgs/include/person_msgs/srv/detail
[1.206s] -- Up-to-date: /home/akira/ros2_2023/ros2_ws/install/person_msgs/include/person_msgs/srv/detail/dds_fastrtps
[1.206s] -- Up-to-date: /home/akira/ros2_2023/ros2_ws/install/person_msgs/include/person_msgs/srv/detail/query__rosidl_typesupport_fastrtps_cpp.hpp
[1.206s] -- Up-to-date: /home/akira/ros2_2023/ros2_ws/install/person_msgs/include/person_msgs/msg
[1.206s] -- Up-to-date: /home/akira/ros2_2023/ros2_ws/install/person_msgs/include/person_msgs/msg/rosidl_typesupport_fastrtps_cpp__visibility_control.h
[1.206s] -- Up-to-date: /home/akira/ros2_2023/ros2_ws/install/person_msgs/include/person_msgs/msg/detail
[1.206s] -- Up-to-date: /home/akira/ros2_2023/ros2_ws/install/person_msgs/include/person_msgs/msg/detail/dds_fastrtps
[1.206s] -- Up-to-date: /home/akira/ros2_2023/ros2_ws/install/person_msgs/include/person_msgs/msg/detail/person__rosidl_typesupport_fastrtps_cpp.hpp
[1.207s] -- Up-to-date: /home/akira/ros2_2023/ros2_ws/install/person_msgs/lib/libperson_msgs__rosidl_typesupport_fastrtps_cpp.so
[1.207s] -- Up-to-date: /home/akira/ros2_2023/ros2_ws/install/person_msgs/include/person_msgs
[1.207s] -- Up-to-date: /home/akira/ros2_2023/ros2_ws/install/person_msgs/include/person_msgs/srv
[1.207s] -- Up-to-date: /home/akira/ros2_2023/ros2_ws/install/person_msgs/include/person_msgs/srv/detail
[1.207s] -- Up-to-date: /home/akira/ros2_2023/ros2_ws/install/person_msgs/include/person_msgs/srv/detail/query__type_support.c
[1.207s] -- Up-to-date: /home/akira/ros2_2023/ros2_ws/install/person_msgs/include/person_msgs/srv/detail/query__rosidl_typesupport_introspection_c.h
[1.207s] -- Up-to-date: /home/akira/ros2_2023/ros2_ws/install/person_msgs/include/person_msgs/msg
[1.207s] -- Up-to-date: /home/akira/ros2_2023/ros2_ws/install/person_msgs/include/person_msgs/msg/rosidl_typesupport_introspection_c__visibility_control.h
[1.208s] -- Up-to-date: /home/akira/ros2_2023/ros2_ws/install/person_msgs/include/person_msgs/msg/detail
[1.209s] -- Up-to-date: /home/akira/ros2_2023/ros2_ws/install/person_msgs/include/person_msgs/msg/detail/person__type_support.c
[1.209s] -- Up-to-date: /home/akira/ros2_2023/ros2_ws/install/person_msgs/include/person_msgs/msg/detail/person__rosidl_typesupport_introspection_c.h
[1.209s] -- Up-to-date: /home/akira/ros2_2023/ros2_ws/install/person_msgs/lib/libperson_msgs__rosidl_typesupport_introspection_c.so
[1.209s] -- Up-to-date: /home/akira/ros2_2023/ros2_ws/install/person_msgs/lib/libperson_msgs__rosidl_typesupport_c.so
[1.210s] -- Up-to-date: /home/akira/ros2_2023/ros2_ws/install/person_msgs/include/person_msgs
[1.210s] -- Up-to-date: /home/akira/ros2_2023/ros2_ws/install/person_msgs/include/person_msgs/srv
[1.210s] -- Up-to-date: /home/akira/ros2_2023/ros2_ws/install/person_msgs/include/person_msgs/srv/query.hpp
[1.210s] -- Up-to-date: /home/akira/ros2_2023/ros2_ws/install/person_msgs/include/person_msgs/srv/detail
[1.211s] -- Up-to-date: /home/akira/ros2_2023/ros2_ws/install/person_msgs/include/person_msgs/srv/detail/query__builder.hpp
[1.211s] -- Up-to-date: /home/akira/ros2_2023/ros2_ws/install/person_msgs/include/person_msgs/srv/detail/query__struct.hpp
[1.211s] -- Up-to-date: /home/akira/ros2_2023/ros2_ws/install/person_msgs/include/person_msgs/srv/detail/query__traits.hpp
[1.211s] -- Up-to-date: /home/akira/ros2_2023/ros2_ws/install/person_msgs/include/person_msgs/srv/detail/query__type_support.hpp
[1.211s] -- Up-to-date: /home/akira/ros2_2023/ros2_ws/install/person_msgs/include/person_msgs/msg
[1.212s] -- Up-to-date: /home/akira/ros2_2023/ros2_ws/install/person_msgs/include/person_msgs/msg/person.hpp
[1.212s] -- Up-to-date: /home/akira/ros2_2023/ros2_ws/install/person_msgs/include/person_msgs/msg/rosidl_generator_cpp__visibility_control.hpp
[1.212s] -- Up-to-date: /home/akira/ros2_2023/ros2_ws/install/person_msgs/include/person_msgs/msg/detail
[1.212s] -- Up-to-date: /home/akira/ros2_2023/ros2_ws/install/person_msgs/include/person_msgs/msg/detail/person__builder.hpp
[1.213s] -- Up-to-date: /home/akira/ros2_2023/ros2_ws/install/person_msgs/include/person_msgs/msg/detail/person__type_support.hpp
[1.213s] -- Up-to-date: /home/akira/ros2_2023/ros2_ws/install/person_msgs/include/person_msgs/msg/detail/person__traits.hpp
[1.213s] -- Up-to-date: /home/akira/ros2_2023/ros2_ws/install/person_msgs/include/person_msgs/msg/detail/person__struct.hpp
[1.213s] -- Up-to-date: /home/akira/ros2_2023/ros2_ws/install/person_msgs/include/person_msgs
[1.214s] -- Up-to-date: /home/akira/ros2_2023/ros2_ws/install/person_msgs/include/person_msgs/srv
[1.214s] -- Up-to-date: /home/akira/ros2_2023/ros2_ws/install/person_msgs/include/person_msgs/srv/detail
[1.214s] -- Up-to-date: /home/akira/ros2_2023/ros2_ws/install/person_msgs/include/person_msgs/srv/detail/query__type_support.cpp
[1.214s] -- Up-to-date: /home/akira/ros2_2023/ros2_ws/install/person_msgs/include/person_msgs/srv/detail/query__rosidl_typesupport_introspection_cpp.hpp
[1.215s] -- Up-to-date: /home/akira/ros2_2023/ros2_ws/install/person_msgs/include/person_msgs/msg
[1.215s] -- Up-to-date: /home/akira/ros2_2023/ros2_ws/install/person_msgs/include/person_msgs/msg/detail
[1.215s] -- Up-to-date: /home/akira/ros2_2023/ros2_ws/install/person_msgs/include/person_msgs/msg/detail/person__rosidl_typesupport_introspection_cpp.hpp
[1.215s] -- Up-to-date: /home/akira/ros2_2023/ros2_ws/install/person_msgs/include/person_msgs/msg/detail/person__type_support.cpp
[1.216s] -- Up-to-date: /home/akira/ros2_2023/ros2_ws/install/person_msgs/lib/libperson_msgs__rosidl_typesupport_introspection_cpp.so
[1.216s] -- Up-to-date: /home/akira/ros2_2023/ros2_ws/install/person_msgs/lib/libperson_msgs__rosidl_typesupport_cpp.so
[1.216s] -- Up-to-date: /home/akira/ros2_2023/ros2_ws/install/person_msgs/share/person_msgs/environment/pythonpath.sh
[1.216s] -- Up-to-date: /home/akira/ros2_2023/ros2_ws/install/person_msgs/share/person_msgs/environment/pythonpath.dsv
[1.216s] -- Up-to-date: /home/akira/ros2_2023/ros2_ws/install/person_msgs/lib/python3.8/site-packages/person_msgs/__init__.py
[1.263s] -- Up-to-date: /home/akira/ros2_2023/ros2_ws/install/person_msgs/lib/python3.8/site-packages/person_msgs/msg
[1.264s] -- Up-to-date: /home/akira/ros2_2023/ros2_ws/install/person_msgs/lib/python3.8/site-packages/person_msgs/msg/_person.py
[1.264s] -- Up-to-date: /home/akira/ros2_2023/ros2_ws/install/person_msgs/lib/python3.8/site-packages/person_msgs/msg/_person_s.c
[1.264s] -- Up-to-date: /home/akira/ros2_2023/ros2_ws/install/person_msgs/lib/python3.8/site-packages/person_msgs/msg/__init__.py
[1.264s] -- Up-to-date: /home/akira/ros2_2023/ros2_ws/install/person_msgs/lib/python3.8/site-packages/person_msgs/srv
[1.264s] -- Up-to-date: /home/akira/ros2_2023/ros2_ws/install/person_msgs/lib/python3.8/site-packages/person_msgs/srv/_query_s.c
[1.264s] -- Up-to-date: /home/akira/ros2_2023/ros2_ws/install/person_msgs/lib/python3.8/site-packages/person_msgs/srv/_query.py
[1.264s] -- Up-to-date: /home/akira/ros2_2023/ros2_ws/install/person_msgs/lib/python3.8/site-packages/person_msgs/srv/__init__.py
[1.266s] -- Up-to-date: /home/akira/ros2_2023/ros2_ws/install/person_msgs/lib/python3.8/site-packages/person_msgs/person_msgs_s__rosidl_typesupport_fastrtps_c.cpython-38-x86_64-linux-gnu.so
[1.268s] -- Up-to-date: /home/akira/ros2_2023/ros2_ws/install/person_msgs/lib/python3.8/site-packages/person_msgs/person_msgs_s__rosidl_typesupport_introspection_c.cpython-38-x86_64-linux-gnu.so
[1.270s] -- Up-to-date: /home/akira/ros2_2023/ros2_ws/install/person_msgs/lib/python3.8/site-packages/person_msgs/person_msgs_s__rosidl_typesupport_c.cpython-38-x86_64-linux-gnu.so
[1.272s] -- Up-to-date: /home/akira/ros2_2023/ros2_ws/install/person_msgs/lib/libperson_msgs__python.so
[1.272s] -- Up-to-date: /home/akira/ros2_2023/ros2_ws/install/person_msgs/share/person_msgs/msg/Person.idl
[1.273s] -- Up-to-date: /home/akira/ros2_2023/ros2_ws/install/person_msgs/share/person_msgs/srv/Query.idl
[1.273s] -- Up-to-date: /home/akira/ros2_2023/ros2_ws/install/person_msgs/share/person_msgs/msg/Person.msg
[1.274s] -- Up-to-date: /home/akira/ros2_2023/ros2_ws/install/person_msgs/share/person_msgs/srv/Query.srv
[1.274s] -- Up-to-date: /home/akira/ros2_2023/ros2_ws/install/person_msgs/share/person_msgs/srv/Query_Request.msg
[1.274s] -- Up-to-date: /home/akira/ros2_2023/ros2_ws/install/person_msgs/share/person_msgs/srv/Query_Response.msg
[1.274s] -- Up-to-date: /home/akira/ros2_2023/ros2_ws/install/person_msgs/share/ament_index/resource_index/package_run_dependencies/person_msgs
[1.275s] -- Up-to-date: /home/akira/ros2_2023/ros2_ws/install/person_msgs/share/ament_index/resource_index/parent_prefix_path/person_msgs
[1.275s] -- Up-to-date: /home/akira/ros2_2023/ros2_ws/install/person_msgs/share/person_msgs/environment/ament_prefix_path.sh
[1.275s] -- Up-to-date: /home/akira/ros2_2023/ros2_ws/install/person_msgs/share/person_msgs/environment/ament_prefix_path.dsv
[1.275s] -- Up-to-date: /home/akira/ros2_2023/ros2_ws/install/person_msgs/share/person_msgs/environment/path.sh
[1.275s] -- Up-to-date: /home/akira/ros2_2023/ros2_ws/install/person_msgs/share/person_msgs/environment/path.dsv
[1.275s] -- Up-to-date: /home/akira/ros2_2023/ros2_ws/install/person_msgs/share/person_msgs/local_setup.bash
[1.275s] -- Up-to-date: /home/akira/ros2_2023/ros2_ws/install/person_msgs/share/person_msgs/local_setup.sh
[1.276s] -- Up-to-date: /home/akira/ros2_2023/ros2_ws/install/person_msgs/share/person_msgs/local_setup.zsh
[1.276s] -- Up-to-date: /home/akira/ros2_2023/ros2_ws/install/person_msgs/share/person_msgs/local_setup.dsv
[1.276s] -- Installing: /home/akira/ros2_2023/ros2_ws/install/person_msgs/share/person_msgs/package.dsv
[1.276s] -- Up-to-date: /home/akira/ros2_2023/ros2_ws/install/person_msgs/share/ament_index/resource_index/packages/person_msgs
[1.277s] -- Up-to-date: /home/akira/ros2_2023/ros2_ws/install/person_msgs/share/person_msgs/cmake/person_msgs__rosidl_generator_cExport.cmake
[1.277s] -- Up-to-date: /home/akira/ros2_2023/ros2_ws/install/person_msgs/share/person_msgs/cmake/person_msgs__rosidl_generator_cExport-noconfig.cmake
[1.278s] -- Up-to-date: /home/akira/ros2_2023/ros2_ws/install/person_msgs/share/person_msgs/cmake/person_msgs__rosidl_typesupport_introspection_cExport.cmake
[1.278s] -- Up-to-date: /home/akira/ros2_2023/ros2_ws/install/person_msgs/share/person_msgs/cmake/person_msgs__rosidl_typesupport_introspection_cExport-noconfig.cmake
[1.280s] -- Up-to-date: /home/akira/ros2_2023/ros2_ws/install/person_msgs/share/person_msgs/cmake/person_msgs__rosidl_typesupport_cExport.cmake
[1.280s] -- Up-to-date: /home/akira/ros2_2023/ros2_ws/install/person_msgs/share/person_msgs/cmake/person_msgs__rosidl_typesupport_cExport-noconfig.cmake
[1.281s] -- Up-to-date: /home/akira/ros2_2023/ros2_ws/install/person_msgs/share/person_msgs/cmake/person_msgs__rosidl_generator_cppExport.cmake
[1.283s] -- Up-to-date: /home/akira/ros2_2023/ros2_ws/install/person_msgs/share/person_msgs/cmake/person_msgs__rosidl_typesupport_introspection_cppExport.cmake
[1.283s] -- Up-to-date: /home/akira/ros2_2023/ros2_ws/install/person_msgs/share/person_msgs/cmake/person_msgs__rosidl_typesupport_introspection_cppExport-noconfig.cmake
[1.285s] -- Up-to-date: /home/akira/ros2_2023/ros2_ws/install/person_msgs/share/person_msgs/cmake/person_msgs__rosidl_typesupport_cppExport.cmake
[1.285s] -- Up-to-date: /home/akira/ros2_2023/ros2_ws/install/person_msgs/share/person_msgs/cmake/person_msgs__rosidl_typesupport_cppExport-noconfig.cmake
[1.285s] -- Up-to-date: /home/akira/ros2_2023/ros2_ws/install/person_msgs/share/person_msgs/cmake/rosidl_cmake-extras.cmake
[1.286s] -- Up-to-date: /home/akira/ros2_2023/ros2_ws/install/person_msgs/share/person_msgs/cmake/ament_cmake_export_dependencies-extras.cmake
[1.286s] -- Up-to-date: /home/akira/ros2_2023/ros2_ws/install/person_msgs/share/person_msgs/cmake/ament_cmake_export_libraries-extras.cmake
[1.286s] -- Up-to-date: /home/akira/ros2_2023/ros2_ws/install/person_msgs/share/person_msgs/cmake/ament_cmake_export_targets-extras.cmake
[1.287s] -- Up-to-date: /home/akira/ros2_2023/ros2_ws/install/person_msgs/share/person_msgs/cmake/ament_cmake_export_include_directories-extras.cmake
[1.287s] -- Up-to-date: /home/akira/ros2_2023/ros2_ws/install/person_msgs/share/person_msgs/cmake/rosidl_cmake_export_typesupport_libraries-extras.cmake
[1.287s] -- Up-to-date: /home/akira/ros2_2023/ros2_ws/install/person_msgs/share/person_msgs/cmake/rosidl_cmake_export_typesupport_targets-extras.cmake
[1.287s] -- Up-to-date: /home/akira/ros2_2023/ros2_ws/install/person_msgs/share/person_msgs/cmake/person_msgsConfig.cmake
[1.287s] -- Up-to-date: /home/akira/ros2_2023/ros2_ws/install/person_msgs/share/person_msgs/cmake/person_msgsConfig-version.cmake
[1.287s] -- Up-to-date: /home/akira/ros2_2023/ros2_ws/install/person_msgs/share/person_msgs/package.xml
[1.290s] Invoked command in '/home/akira/ros2_2023/ros2_ws/build/person_msgs' returned '0': CMAKE_PREFIX_PATH=/opt/ros/foxy /usr/bin/cmake --install /home/akira/ros2_2023/ros2_ws/build/person_msgs
