[0.211s] Invoking command in '/home/akira/ros2_2023/ros2_ws/src/person_msgs/build/person_msgs': CMAKE_PREFIX_PATH=${CMAKE_PREFIX_PATH}:/home/akira/ros2_2023/ros2_ws/install/mypkg:/opt/ros/foxy /usr/bin/cmake --build /home/akira/ros2_2023/ros2_ws/src/person_msgs/build/person_msgs -- -j16 -l16
[0.242s] -- Found ament_cmake: 0.9.12 (/opt/ros/foxy/share/ament_cmake/cmake)
[0.273s] -- Using PYTHON_EXECUTABLE: /usr/bin/python3
[0.502s] -- Found rosidl_default_generators: 1.0.1 (/opt/ros/foxy/share/rosidl_default_generators/cmake)
[0.506s] -- Using all available rosidl_typesupport_c: rosidl_typesupport_fastrtps_c;rosidl_typesupport_introspection_c
[0.515s] -- Found rosidl_adapter: 1.3.1 (/opt/ros/foxy/share/rosidl_adapter/cmake)
[2.686s] -- Found OpenSSL: /usr/lib/x86_64-linux-gnu/libcrypto.so (found version "1.1.1f")  
[4.472s] -- Found FastRTPS: /opt/ros/foxy/include  
[7.806s] -- Using all available rosidl_typesupport_cpp: rosidl_typesupport_fastrtps_cpp;rosidl_typesupport_introspection_cpp
[7.874s] -- Found PythonInterp: /usr/bin/python3 (found version "3.8.10") 
[8.043s] -- Found ament_cmake_ros: 0.9.2 (/opt/ros/foxy/share/ament_cmake_ros/cmake)
[14.728s] -- Using all available rosidl_typesupport_c: rosidl_typesupport_fastrtps_c;rosidl_typesupport_introspection_c
[14.740s] -- Using all available rosidl_typesupport_cpp: rosidl_typesupport_fastrtps_cpp;rosidl_typesupport_introspection_cpp
[14.774s] -- Found PythonInterp: /usr/bin/python3 (found suitable version "3.8.10", minimum required is "3.5") 
[14.775s] -- Found python_cmake_module: 0.8.1 (/opt/ros/foxy/share/python_cmake_module/cmake)
[15.411s] -- Found PythonLibs: /usr/lib/x86_64-linux-gnu/libpython3.8.so (found suitable version "3.8.10", minimum required is "3.5") 
[15.412s] -- Using PYTHON_EXECUTABLE: /usr/bin/python3
[15.412s] -- Using PYTHON_INCLUDE_DIRS: /usr/include/python3.8
[15.412s] -- Using PYTHON_LIBRARIES: /usr/lib/x86_64-linux-gnu/libpython3.8.so
[15.444s] -- Found PythonExtra: .so  
[15.562s] -- Found ament_lint_auto: 0.9.8 (/opt/ros/foxy/share/ament_lint_auto/cmake)
[15.577s] -- Added test 'copyright' to check source files copyright and LICENSE
[15.588s] -- Added test 'cppcheck' to perform static code analysis on C / C++ code
[15.591s] -- Configured cppcheck include dirs: $<BUILD_INTERFACE:/home/akira/ros2_2023/ros2_ws/src/person_msgs/build/person_msgs/rosidl_generator_c>;/home/akira/ros2_2023/ros2_ws/src/person_msgs/build/person_msgs/rosidl_generator_c;/home/akira/ros2_2023/ros2_ws/src/person_msgs/build/person_msgs/rosidl_generator_cpp;/home/akira/ros2_2023/ros2_ws/src/person_msgs/build/person_msgs/rosidl_typesupport_fastrtps_c;/home/akira/ros2_2023/ros2_ws/src/person_msgs/build/person_msgs/rosidl_typesupport_fastrtps_cpp;$<BUILD_INTERFACE:/home/akira/ros2_2023/ros2_ws/src/person_msgs/build/person_msgs/rosidl_typesupport_introspection_c>;$<BUILD_INTERFACE:/home/akira/ros2_2023/ros2_ws/src/person_msgs/build/person_msgs/rosidl_typesupport_c>;$<BUILD_INTERFACE:/home/akira/ros2_2023/ros2_ws/src/person_msgs/build/person_msgs/rosidl_generator_cpp>;/home/akira/ros2_2023/ros2_ws/src/person_msgs/build/person_msgs/rosidl_generator_py
[15.591s] -- Configured cppcheck exclude dirs and/or files: 
[15.601s] -- Added test 'cpplint' to check C / C++ code against the Google style
[15.601s] -- Configured cpplint exclude dirs and/or files: 
[15.603s] -- Added test 'flake8' to check Python code syntax and style conventions
[15.606s] -- Added test 'lint_cmake' to check CMake code style
[15.608s] -- Added test 'pep257' to check Python code against some of the style conventions in PEP 257
[15.618s] -- Added test 'uncrustify' to check C / C++ code style
[15.619s] -- Configured uncrustify additional arguments: 
[15.621s] -- Added test 'xmllint' to check XML markup files
[15.626s] -- Configuring done
[15.672s] -- Generating done
[15.677s] -- Build files have been written to: /home/akira/ros2_2023/ros2_ws/src/person_msgs/build/person_msgs
[15.711s] [  3%] [34m[1mGenerating C code for ROS interfaces[0m
[15.712s] [35m[1mScanning dependencies of target person_msgs__cpp[0m
[15.725s] [  6%] [34m[1mGenerating C++ code for ROS interfaces[0m
[16.104s] [35m[1mScanning dependencies of target person_msgs__rosidl_generator_c[0m
[16.108s] [  6%] Built target person_msgs__cpp
[16.119s] [  9%] [32mBuilding C object CMakeFiles/person_msgs__rosidl_generator_c.dir/rosidl_generator_c/person_msgs/msg/detail/person__functions.c.o[0m
[16.121s] [ 12%] [34m[1mGenerating C++ type support for eProsima Fast-RTPS[0m
[16.124s] [ 16%] [34m[1mGenerating C++ type support dispatch for ROS interfaces[0m
[16.125s] [ 19%] [34m[1mGenerating C++ introspection for ROS interfaces[0m
[16.204s] [ 22%] [32m[1mLinking C shared library libperson_msgs__rosidl_generator_c.so[0m
[16.375s] [ 22%] Built target person_msgs__rosidl_generator_c
[16.390s] [ 25%] [34m[1mGenerating C introspection for ROS interfaces[0m
[16.392s] [ 29%] [34m[1mGenerating C type support dispatch for ROS interfaces[0m
[16.504s] [35m[1mScanning dependencies of target person_msgs__rosidl_typesupport_cpp[0m
[16.519s] [ 32%] [32mBuilding CXX object CMakeFiles/person_msgs__rosidl_typesupport_cpp.dir/rosidl_typesupport_cpp/person_msgs/msg/person__type_support.cpp.o[0m
[16.531s] [35m[1mScanning dependencies of target person_msgs__rosidl_typesupport_introspection_cpp[0m
[16.550s] [ 35%] [32mBuilding CXX object CMakeFiles/person_msgs__rosidl_typesupport_introspection_cpp.dir/rosidl_typesupport_introspection_cpp/person_msgs/msg/detail/person__type_support.cpp.o[0m
[16.552s] [35m[1mScanning dependencies of target person_msgs__rosidl_typesupport_fastrtps_cpp[0m
[16.577s] [ 38%] [32mBuilding CXX object CMakeFiles/person_msgs__rosidl_typesupport_fastrtps_cpp.dir/rosidl_typesupport_fastrtps_cpp/person_msgs/msg/detail/dds_fastrtps/person__type_support.cpp.o[0m
[16.790s] [35m[1mScanning dependencies of target person_msgs__rosidl_typesupport_c[0m
[16.793s] [35m[1mScanning dependencies of target person_msgs__rosidl_typesupport_introspection_c[0m
[16.809s] [ 41%] [32mBuilding CXX object CMakeFiles/person_msgs__rosidl_typesupport_c.dir/rosidl_typesupport_c/person_msgs/msg/person__type_support.cpp.o[0m
[16.809s] [ 45%] [32mBuilding C object CMakeFiles/person_msgs__rosidl_typesupport_introspection_c.dir/rosidl_typesupport_introspection_c/person_msgs/msg/detail/person__type_support.c.o[0m
[16.863s] [ 48%] [32m[1mLinking C shared library libperson_msgs__rosidl_typesupport_introspection_c.so[0m
[16.864s] [ 51%] [32m[1mLinking CXX shared library libperson_msgs__rosidl_typesupport_c.so[0m
[16.994s] [ 51%] Built target person_msgs__rosidl_typesupport_introspection_c
[17.014s] [ 51%] Built target person_msgs__rosidl_typesupport_c
[17.093s] [ 54%] [32m[1mLinking CXX shared library libperson_msgs__rosidl_typesupport_cpp.so[0m
[17.124s] [ 58%] [32m[1mLinking CXX shared library libperson_msgs__rosidl_typesupport_introspection_cpp.so[0m
[17.309s] [ 58%] Built target person_msgs__rosidl_typesupport_cpp
[17.367s] [ 58%] Built target person_msgs__rosidl_typesupport_introspection_cpp
[17.375s] [ 61%] [32m[1mLinking CXX shared library libperson_msgs__rosidl_typesupport_fastrtps_cpp.so[0m
[17.655s] [ 61%] Built target person_msgs__rosidl_typesupport_fastrtps_cpp
[17.667s] [ 64%] [34m[1mGenerating C type support for eProsima Fast-RTPS[0m
[17.983s] [35m[1mScanning dependencies of target person_msgs__rosidl_typesupport_fastrtps_c[0m
[18.001s] [ 67%] [32mBuilding CXX object CMakeFiles/person_msgs__rosidl_typesupport_fastrtps_c.dir/rosidl_typesupport_fastrtps_c/person_msgs/msg/detail/person__type_support_c.cpp.o[0m
[18.539s] [ 70%] [32m[1mLinking CXX shared library libperson_msgs__rosidl_typesupport_fastrtps_c.so[0m
[18.744s] [ 70%] Built target person_msgs__rosidl_typesupport_fastrtps_c
[18.757s] [35m[1mScanning dependencies of target person_msgs[0m
[18.769s] [ 70%] Built target person_msgs
[18.781s] [35m[1mScanning dependencies of target person_msgs__py[0m
[18.794s] [ 74%] [34m[1mGenerating Python code for ROS interfaces[0m
[19.365s] [ 74%] Built target person_msgs__py
[19.378s] [35m[1mScanning dependencies of target person_msgs__python[0m
[19.402s] [ 77%] [32mBuilding C object CMakeFiles/person_msgs__python.dir/rosidl_generator_py/person_msgs/msg/_person_s.c.o[0m
[19.525s] [ 80%] [32m[1mLinking C shared library rosidl_generator_py/person_msgs/libperson_msgs__python.so[0m
[19.730s] [ 80%] Built target person_msgs__python
[19.745s] [35m[1mScanning dependencies of target person_msgs__rosidl_typesupport_c__pyext[0m
[19.746s] [35m[1mScanning dependencies of target person_msgs__rosidl_typesupport_introspection_c__pyext[0m
[19.746s] [35m[1mScanning dependencies of target person_msgs__rosidl_typesupport_fastrtps_c__pyext[0m
[19.776s] [ 83%] [32mBuilding C object CMakeFiles/person_msgs__rosidl_typesupport_introspection_c__pyext.dir/rosidl_generator_py/person_msgs/_person_msgs_s.ep.rosidl_typesupport_introspection_c.c.o[0m
[19.776s] [ 87%] [32mBuilding C object CMakeFiles/person_msgs__rosidl_typesupport_c__pyext.dir/rosidl_generator_py/person_msgs/_person_msgs_s.ep.rosidl_typesupport_c.c.o[0m
[19.777s] [ 90%] [32mBuilding C object CMakeFiles/person_msgs__rosidl_typesupport_fastrtps_c__pyext.dir/rosidl_generator_py/person_msgs/_person_msgs_s.ep.rosidl_typesupport_fastrtps_c.c.o[0m
[19.899s] [ 93%] [32m[1mLinking CXX shared library rosidl_generator_py/person_msgs/person_msgs_s__rosidl_typesupport_fastrtps_c.cpython-38-x86_64-linux-gnu.so[0m
[19.905s] [ 96%] [32m[1mLinking C shared library rosidl_generator_py/person_msgs/person_msgs_s__rosidl_typesupport_c.cpython-38-x86_64-linux-gnu.so[0m
[19.911s] [100%] [32m[1mLinking C shared library rosidl_generator_py/person_msgs/person_msgs_s__rosidl_typesupport_introspection_c.cpython-38-x86_64-linux-gnu.so[0m
[20.041s] [100%] Built target person_msgs__rosidl_typesupport_c__pyext
[20.079s] [100%] Built target person_msgs__rosidl_typesupport_fastrtps_c__pyext
[20.097s] [100%] Built target person_msgs__rosidl_typesupport_introspection_c__pyext
[20.112s] Invoked command in '/home/akira/ros2_2023/ros2_ws/src/person_msgs/build/person_msgs' returned '0': CMAKE_PREFIX_PATH=${CMAKE_PREFIX_PATH}:/home/akira/ros2_2023/ros2_ws/install/mypkg:/opt/ros/foxy /usr/bin/cmake --build /home/akira/ros2_2023/ros2_ws/src/person_msgs/build/person_msgs -- -j16 -l16
[20.199s] Invoking command in '/home/akira/ros2_2023/ros2_ws/src/person_msgs/build/person_msgs': CMAKE_PREFIX_PATH=${CMAKE_PREFIX_PATH}:/home/akira/ros2_2023/ros2_ws/install/mypkg:/opt/ros/foxy /usr/bin/cmake --install /home/akira/ros2_2023/ros2_ws/src/person_msgs/build/person_msgs
[20.210s] -- Install configuration: ""
[20.211s] -- Installing: /home/akira/ros2_2023/ros2_ws/src/person_msgs/install/person_msgs/share/ament_index/resource_index/rosidl_interfaces/person_msgs
[20.211s] -- Installing: /home/akira/ros2_2023/ros2_ws/src/person_msgs/install/person_msgs/include/person_msgs
[20.211s] -- Installing: /home/akira/ros2_2023/ros2_ws/src/person_msgs/install/person_msgs/include/person_msgs/msg
[20.212s] -- Installing: /home/akira/ros2_2023/ros2_ws/src/person_msgs/install/person_msgs/include/person_msgs/msg/person.h
[20.212s] -- Installing: /home/akira/ros2_2023/ros2_ws/src/person_msgs/install/person_msgs/include/person_msgs/msg/rosidl_generator_c__visibility_control.h
[20.212s] -- Installing: /home/akira/ros2_2023/ros2_ws/src/person_msgs/install/person_msgs/include/person_msgs/msg/detail
[20.212s] -- Installing: /home/akira/ros2_2023/ros2_ws/src/person_msgs/install/person_msgs/include/person_msgs/msg/detail/person__functions.c
[20.213s] -- Installing: /home/akira/ros2_2023/ros2_ws/src/person_msgs/install/person_msgs/include/person_msgs/msg/detail/person__type_support.h
[20.213s] -- Installing: /home/akira/ros2_2023/ros2_ws/src/person_msgs/install/person_msgs/include/person_msgs/msg/detail/person__functions.h
[20.213s] -- Installing: /home/akira/ros2_2023/ros2_ws/src/person_msgs/install/person_msgs/include/person_msgs/msg/detail/person__struct.h
[20.213s] -- Installing: /home/akira/ros2_2023/ros2_ws/src/person_msgs/install/person_msgs/share/person_msgs/environment/library_path.sh
[20.213s] -- Installing: /home/akira/ros2_2023/ros2_ws/src/person_msgs/install/person_msgs/share/person_msgs/environment/library_path.dsv
[20.214s] -- Installing: /home/akira/ros2_2023/ros2_ws/src/person_msgs/install/person_msgs/lib/libperson_msgs__rosidl_generator_c.so
[20.214s] -- Set runtime path of "/home/akira/ros2_2023/ros2_ws/src/person_msgs/install/person_msgs/lib/libperson_msgs__rosidl_generator_c.so" to ""
[20.214s] -- Up-to-date: /home/akira/ros2_2023/ros2_ws/src/person_msgs/install/person_msgs/include/person_msgs
[20.214s] -- Up-to-date: /home/akira/ros2_2023/ros2_ws/src/person_msgs/install/person_msgs/include/person_msgs/msg
[20.215s] -- Installing: /home/akira/ros2_2023/ros2_ws/src/person_msgs/install/person_msgs/include/person_msgs/msg/rosidl_typesupport_fastrtps_c__visibility_control.h
[20.215s] -- Up-to-date: /home/akira/ros2_2023/ros2_ws/src/person_msgs/install/person_msgs/include/person_msgs/msg/detail
[20.215s] -- Installing: /home/akira/ros2_2023/ros2_ws/src/person_msgs/install/person_msgs/include/person_msgs/msg/detail/person__rosidl_typesupport_fastrtps_c.h
[20.215s] -- Installing: /home/akira/ros2_2023/ros2_ws/src/person_msgs/install/person_msgs/lib/libperson_msgs__rosidl_typesupport_fastrtps_c.so
[20.216s] -- Set runtime path of "/home/akira/ros2_2023/ros2_ws/src/person_msgs/install/person_msgs/lib/libperson_msgs__rosidl_typesupport_fastrtps_c.so" to ""
[20.216s] -- Up-to-date: /home/akira/ros2_2023/ros2_ws/src/person_msgs/install/person_msgs/include/person_msgs
[20.216s] -- Up-to-date: /home/akira/ros2_2023/ros2_ws/src/person_msgs/install/person_msgs/include/person_msgs/msg
[20.216s] -- Installing: /home/akira/ros2_2023/ros2_ws/src/person_msgs/install/person_msgs/include/person_msgs/msg/rosidl_typesupport_fastrtps_cpp__visibility_control.h
[20.217s] -- Up-to-date: /home/akira/ros2_2023/ros2_ws/src/person_msgs/install/person_msgs/include/person_msgs/msg/detail
[20.217s] -- Installing: /home/akira/ros2_2023/ros2_ws/src/person_msgs/install/person_msgs/include/person_msgs/msg/detail/dds_fastrtps
[20.217s] -- Installing: /home/akira/ros2_2023/ros2_ws/src/person_msgs/install/person_msgs/include/person_msgs/msg/detail/person__rosidl_typesupport_fastrtps_cpp.hpp
[20.218s] -- Installing: /home/akira/ros2_2023/ros2_ws/src/person_msgs/install/person_msgs/lib/libperson_msgs__rosidl_typesupport_fastrtps_cpp.so
[20.218s] -- Set runtime path of "/home/akira/ros2_2023/ros2_ws/src/person_msgs/install/person_msgs/lib/libperson_msgs__rosidl_typesupport_fastrtps_cpp.so" to ""
[20.218s] -- Up-to-date: /home/akira/ros2_2023/ros2_ws/src/person_msgs/install/person_msgs/include/person_msgs
[20.219s] -- Up-to-date: /home/akira/ros2_2023/ros2_ws/src/person_msgs/install/person_msgs/include/person_msgs/msg
[20.219s] -- Installing: /home/akira/ros2_2023/ros2_ws/src/person_msgs/install/person_msgs/include/person_msgs/msg/rosidl_typesupport_introspection_c__visibility_control.h
[20.219s] -- Up-to-date: /home/akira/ros2_2023/ros2_ws/src/person_msgs/install/person_msgs/include/person_msgs/msg/detail
[20.219s] -- Installing: /home/akira/ros2_2023/ros2_ws/src/person_msgs/install/person_msgs/include/person_msgs/msg/detail/person__type_support.c
[20.220s] -- Installing: /home/akira/ros2_2023/ros2_ws/src/person_msgs/install/person_msgs/include/person_msgs/msg/detail/person__rosidl_typesupport_introspection_c.h
[20.220s] -- Installing: /home/akira/ros2_2023/ros2_ws/src/person_msgs/install/person_msgs/lib/libperson_msgs__rosidl_typesupport_introspection_c.so
[20.220s] -- Set runtime path of "/home/akira/ros2_2023/ros2_ws/src/person_msgs/install/person_msgs/lib/libperson_msgs__rosidl_typesupport_introspection_c.so" to ""
[20.221s] -- Installing: /home/akira/ros2_2023/ros2_ws/src/person_msgs/install/person_msgs/lib/libperson_msgs__rosidl_typesupport_c.so
[20.221s] -- Set runtime path of "/home/akira/ros2_2023/ros2_ws/src/person_msgs/install/person_msgs/lib/libperson_msgs__rosidl_typesupport_c.so" to ""
[20.221s] -- Up-to-date: /home/akira/ros2_2023/ros2_ws/src/person_msgs/install/person_msgs/include/person_msgs
[20.221s] -- Up-to-date: /home/akira/ros2_2023/ros2_ws/src/person_msgs/install/person_msgs/include/person_msgs/msg
[20.222s] -- Installing: /home/akira/ros2_2023/ros2_ws/src/person_msgs/install/person_msgs/include/person_msgs/msg/person.hpp
[20.222s] -- Installing: /home/akira/ros2_2023/ros2_ws/src/person_msgs/install/person_msgs/include/person_msgs/msg/rosidl_generator_cpp__visibility_control.hpp
[20.222s] -- Up-to-date: /home/akira/ros2_2023/ros2_ws/src/person_msgs/install/person_msgs/include/person_msgs/msg/detail
[20.222s] -- Installing: /home/akira/ros2_2023/ros2_ws/src/person_msgs/install/person_msgs/include/person_msgs/msg/detail/person__builder.hpp
[20.223s] -- Installing: /home/akira/ros2_2023/ros2_ws/src/person_msgs/install/person_msgs/include/person_msgs/msg/detail/person__type_support.hpp
[20.223s] -- Installing: /home/akira/ros2_2023/ros2_ws/src/person_msgs/install/person_msgs/include/person_msgs/msg/detail/person__traits.hpp
[20.223s] -- Installing: /home/akira/ros2_2023/ros2_ws/src/person_msgs/install/person_msgs/include/person_msgs/msg/detail/person__struct.hpp
[20.223s] -- Up-to-date: /home/akira/ros2_2023/ros2_ws/src/person_msgs/install/person_msgs/include/person_msgs
[20.223s] -- Up-to-date: /home/akira/ros2_2023/ros2_ws/src/person_msgs/install/person_msgs/include/person_msgs/msg
[20.223s] -- Up-to-date: /home/akira/ros2_2023/ros2_ws/src/person_msgs/install/person_msgs/include/person_msgs/msg/detail
[20.223s] -- Installing: /home/akira/ros2_2023/ros2_ws/src/person_msgs/install/person_msgs/include/person_msgs/msg/detail/person__rosidl_typesupport_introspection_cpp.hpp
[20.224s] -- Installing: /home/akira/ros2_2023/ros2_ws/src/person_msgs/install/person_msgs/include/person_msgs/msg/detail/person__type_support.cpp
[20.224s] -- Installing: /home/akira/ros2_2023/ros2_ws/src/person_msgs/install/person_msgs/lib/libperson_msgs__rosidl_typesupport_introspection_cpp.so
[20.224s] -- Set runtime path of "/home/akira/ros2_2023/ros2_ws/src/person_msgs/install/person_msgs/lib/libperson_msgs__rosidl_typesupport_introspection_cpp.so" to ""
[20.224s] -- Installing: /home/akira/ros2_2023/ros2_ws/src/person_msgs/install/person_msgs/lib/libperson_msgs__rosidl_typesupport_cpp.so
[20.224s] -- Set runtime path of "/home/akira/ros2_2023/ros2_ws/src/person_msgs/install/person_msgs/lib/libperson_msgs__rosidl_typesupport_cpp.so" to ""
[20.224s] -- Installing: /home/akira/ros2_2023/ros2_ws/src/person_msgs/install/person_msgs/share/person_msgs/environment/pythonpath.sh
[20.224s] -- Installing: /home/akira/ros2_2023/ros2_ws/src/person_msgs/install/person_msgs/share/person_msgs/environment/pythonpath.dsv
[20.224s] -- Installing: /home/akira/ros2_2023/ros2_ws/src/person_msgs/install/person_msgs/lib/python3.8/site-packages/person_msgs/__init__.py
[20.267s] Compiling '/home/akira/ros2_2023/ros2_ws/src/person_msgs/install/person_msgs/lib/python3.8/site-packages/person_msgs/__init__.py'...
[20.273s] -- Installing: /home/akira/ros2_2023/ros2_ws/src/person_msgs/install/person_msgs/lib/python3.8/site-packages/person_msgs/msg
[20.274s] -- Installing: /home/akira/ros2_2023/ros2_ws/src/person_msgs/install/person_msgs/lib/python3.8/site-packages/person_msgs/msg/_person.py
[20.274s] -- Installing: /home/akira/ros2_2023/ros2_ws/src/person_msgs/install/person_msgs/lib/python3.8/site-packages/person_msgs/msg/_person_s.c
[20.274s] -- Installing: /home/akira/ros2_2023/ros2_ws/src/person_msgs/install/person_msgs/lib/python3.8/site-packages/person_msgs/msg/__init__.py
[20.275s] -- Installing: /home/akira/ros2_2023/ros2_ws/src/person_msgs/install/person_msgs/lib/python3.8/site-packages/person_msgs/person_msgs_s__rosidl_typesupport_fastrtps_c.cpython-38-x86_64-linux-gnu.so
[20.275s] -- Set runtime path of "/home/akira/ros2_2023/ros2_ws/src/person_msgs/install/person_msgs/lib/python3.8/site-packages/person_msgs/person_msgs_s__rosidl_typesupport_fastrtps_c.cpython-38-x86_64-linux-gnu.so" to ""
[20.276s] -- Installing: /home/akira/ros2_2023/ros2_ws/src/person_msgs/install/person_msgs/lib/python3.8/site-packages/person_msgs/person_msgs_s__rosidl_typesupport_introspection_c.cpython-38-x86_64-linux-gnu.so
[20.277s] -- Set runtime path of "/home/akira/ros2_2023/ros2_ws/src/person_msgs/install/person_msgs/lib/python3.8/site-packages/person_msgs/person_msgs_s__rosidl_typesupport_introspection_c.cpython-38-x86_64-linux-gnu.so" to ""
[20.277s] -- Installing: /home/akira/ros2_2023/ros2_ws/src/person_msgs/install/person_msgs/lib/python3.8/site-packages/person_msgs/person_msgs_s__rosidl_typesupport_c.cpython-38-x86_64-linux-gnu.so
[20.278s] -- Set runtime path of "/home/akira/ros2_2023/ros2_ws/src/person_msgs/install/person_msgs/lib/python3.8/site-packages/person_msgs/person_msgs_s__rosidl_typesupport_c.cpython-38-x86_64-linux-gnu.so" to ""
[20.278s] -- Installing: /home/akira/ros2_2023/ros2_ws/src/person_msgs/install/person_msgs/lib/libperson_msgs__python.so
[20.278s] -- Set runtime path of "/home/akira/ros2_2023/ros2_ws/src/person_msgs/install/person_msgs/lib/libperson_msgs__python.so" to ""
[20.279s] -- Installing: /home/akira/ros2_2023/ros2_ws/src/person_msgs/install/person_msgs/share/person_msgs/msg/Person.idl
[20.279s] -- Installing: /home/akira/ros2_2023/ros2_ws/src/person_msgs/install/person_msgs/share/person_msgs/msg/Person.msg
[20.280s] -- Installing: /home/akira/ros2_2023/ros2_ws/src/person_msgs/install/person_msgs/share/ament_index/resource_index/package_run_dependencies/person_msgs
[20.280s] -- Up-to-date: /home/akira/ros2_2023/ros2_ws/src/person_msgs/install/person_msgs/share/ament_index/resource_index/parent_prefix_path/person_msgs
[20.280s] -- Up-to-date: /home/akira/ros2_2023/ros2_ws/src/person_msgs/install/person_msgs/share/person_msgs/environment/ament_prefix_path.sh
[20.281s] -- Installing: /home/akira/ros2_2023/ros2_ws/src/person_msgs/install/person_msgs/share/person_msgs/environment/ament_prefix_path.dsv
[20.281s] -- Up-to-date: /home/akira/ros2_2023/ros2_ws/src/person_msgs/install/person_msgs/share/person_msgs/environment/path.sh
[20.281s] -- Installing: /home/akira/ros2_2023/ros2_ws/src/person_msgs/install/person_msgs/share/person_msgs/environment/path.dsv
[20.282s] -- Up-to-date: /home/akira/ros2_2023/ros2_ws/src/person_msgs/install/person_msgs/share/person_msgs/local_setup.bash
[20.282s] -- Installing: /home/akira/ros2_2023/ros2_ws/src/person_msgs/install/person_msgs/share/person_msgs/local_setup.sh
[20.282s] -- Up-to-date: /home/akira/ros2_2023/ros2_ws/src/person_msgs/install/person_msgs/share/person_msgs/local_setup.zsh
[20.282s] -- Installing: /home/akira/ros2_2023/ros2_ws/src/person_msgs/install/person_msgs/share/person_msgs/local_setup.dsv
[20.282s] -- Installing: /home/akira/ros2_2023/ros2_ws/src/person_msgs/install/person_msgs/share/person_msgs/package.dsv
[20.283s] -- Up-to-date: /home/akira/ros2_2023/ros2_ws/src/person_msgs/install/person_msgs/share/ament_index/resource_index/packages/person_msgs
[20.283s] -- Installing: /home/akira/ros2_2023/ros2_ws/src/person_msgs/install/person_msgs/share/person_msgs/cmake/person_msgs__rosidl_generator_cExport.cmake
[20.283s] -- Installing: /home/akira/ros2_2023/ros2_ws/src/person_msgs/install/person_msgs/share/person_msgs/cmake/person_msgs__rosidl_generator_cExport-noconfig.cmake
[20.283s] -- Installing: /home/akira/ros2_2023/ros2_ws/src/person_msgs/install/person_msgs/share/person_msgs/cmake/person_msgs__rosidl_typesupport_introspection_cExport.cmake
[20.284s] -- Installing: /home/akira/ros2_2023/ros2_ws/src/person_msgs/install/person_msgs/share/person_msgs/cmake/person_msgs__rosidl_typesupport_introspection_cExport-noconfig.cmake
[20.284s] -- Installing: /home/akira/ros2_2023/ros2_ws/src/person_msgs/install/person_msgs/share/person_msgs/cmake/person_msgs__rosidl_typesupport_cExport.cmake
[20.285s] -- Installing: /home/akira/ros2_2023/ros2_ws/src/person_msgs/install/person_msgs/share/person_msgs/cmake/person_msgs__rosidl_typesupport_cExport-noconfig.cmake
[20.285s] -- Installing: /home/akira/ros2_2023/ros2_ws/src/person_msgs/install/person_msgs/share/person_msgs/cmake/person_msgs__rosidl_generator_cppExport.cmake
[20.285s] -- Installing: /home/akira/ros2_2023/ros2_ws/src/person_msgs/install/person_msgs/share/person_msgs/cmake/person_msgs__rosidl_typesupport_introspection_cppExport.cmake
[20.285s] -- Installing: /home/akira/ros2_2023/ros2_ws/src/person_msgs/install/person_msgs/share/person_msgs/cmake/person_msgs__rosidl_typesupport_introspection_cppExport-noconfig.cmake
[20.286s] -- Installing: /home/akira/ros2_2023/ros2_ws/src/person_msgs/install/person_msgs/share/person_msgs/cmake/person_msgs__rosidl_typesupport_cppExport.cmake
[20.286s] -- Installing: /home/akira/ros2_2023/ros2_ws/src/person_msgs/install/person_msgs/share/person_msgs/cmake/person_msgs__rosidl_typesupport_cppExport-noconfig.cmake
[20.286s] -- Installing: /home/akira/ros2_2023/ros2_ws/src/person_msgs/install/person_msgs/share/person_msgs/cmake/rosidl_cmake-extras.cmake
[20.287s] -- Installing: /home/akira/ros2_2023/ros2_ws/src/person_msgs/install/person_msgs/share/person_msgs/cmake/ament_cmake_export_dependencies-extras.cmake
[20.287s] -- Installing: /home/akira/ros2_2023/ros2_ws/src/person_msgs/install/person_msgs/share/person_msgs/cmake/ament_cmake_export_libraries-extras.cmake
[20.288s] -- Installing: /home/akira/ros2_2023/ros2_ws/src/person_msgs/install/person_msgs/share/person_msgs/cmake/ament_cmake_export_targets-extras.cmake
[20.288s] -- Installing: /home/akira/ros2_2023/ros2_ws/src/person_msgs/install/person_msgs/share/person_msgs/cmake/ament_cmake_export_include_directories-extras.cmake
[20.288s] -- Installing: /home/akira/ros2_2023/ros2_ws/src/person_msgs/install/person_msgs/share/person_msgs/cmake/rosidl_cmake_export_typesupport_libraries-extras.cmake
[20.289s] -- Installing: /home/akira/ros2_2023/ros2_ws/src/person_msgs/install/person_msgs/share/person_msgs/cmake/rosidl_cmake_export_typesupport_targets-extras.cmake
[20.289s] -- Installing: /home/akira/ros2_2023/ros2_ws/src/person_msgs/install/person_msgs/share/person_msgs/cmake/person_msgsConfig.cmake
[20.289s] -- Up-to-date: /home/akira/ros2_2023/ros2_ws/src/person_msgs/install/person_msgs/share/person_msgs/cmake/person_msgsConfig-version.cmake
[20.289s] -- Installing: /home/akira/ros2_2023/ros2_ws/src/person_msgs/install/person_msgs/share/person_msgs/package.xml
[20.293s] Invoked command in '/home/akira/ros2_2023/ros2_ws/src/person_msgs/build/person_msgs' returned '0': CMAKE_PREFIX_PATH=${CMAKE_PREFIX_PATH}:/home/akira/ros2_2023/ros2_ws/install/mypkg:/opt/ros/foxy /usr/bin/cmake --install /home/akira/ros2_2023/ros2_ws/src/person_msgs/build/person_msgs
