[2.727s] DEBUG:colcon:Command line arguments: ['/usr/bin/colcon', 'build']
[2.727s] DEBUG:colcon:Parsed command line arguments: Namespace(allow_overriding=[], ament_cmake_args=None, base_paths=['.'], build_base='build', catkin_cmake_args=None, catkin_skip_building_tests=False, cmake_args=None, cmake_clean_cache=False, cmake_clean_first=False, cmake_force_configure=False, cmake_target=None, cmake_target_skip_unavailable=False, continue_on_error=False, event_handlers=None, executor='parallel', ignore_user_meta=False, install_base='install', log_base=None, log_level=None, main=<bound method BuildVerb.main of <colcon_core.verb.build.BuildVerb object at 0x7f72f9f54910>>, merge_install=False, metas=['./colcon.meta'], packages_above=None, packages_above_and_dependencies=None, packages_above_depth=None, packages_end=None, packages_ignore=None, packages_ignore_regex=None, packages_select=None, packages_select_build_failed=False, packages_select_by_dep=None, packages_select_regex=None, packages_select_test_failures=False, packages_skip=None, packages_skip_build_finished=False, packages_skip_by_dep=None, packages_skip_regex=None, packages_skip_test_passed=False, packages_skip_up_to=None, packages_start=None, packages_up_to=None, packages_up_to_regex=None, parallel_workers=16, paths=None, symlink_install=False, test_result_base=None, verb_extension=<colcon_core.verb.build.BuildVerb object at 0x7f72f9f54910>, verb_name='build', verb_parser=<colcon_defaults.argument_parser.defaults.DefaultArgumentsDecorator object at 0x7f72f9b6a2b0>)
[2.850s] Level 1:colcon.colcon_core.package_discovery:discover_packages(colcon_meta) check parameters
[2.850s] Level 1:colcon.colcon_core.package_discovery:discover_packages(recursive) check parameters
[2.850s] Level 1:colcon.colcon_core.package_discovery:discover_packages(ignore) check parameters
[2.850s] Level 1:colcon.colcon_core.package_discovery:discover_packages(path) check parameters
[2.850s] Level 1:colcon.colcon_core.package_discovery:discover_packages(colcon_meta) discover
[2.850s] Level 1:colcon.colcon_core.package_discovery:discover_packages(recursive) discover
[2.850s] INFO:colcon.colcon_core.package_discovery:Crawling recursively for packages in '/home/akira/ros2_2023/ros2_ws/src/person_msgs'
[2.850s] Level 1:colcon.colcon_core.package_identification:_identify(.) by extensions ['ignore', 'ignore_ament_install']
[2.850s] Level 1:colcon.colcon_core.package_identification:_identify(.) by extension 'ignore'
[2.851s] Level 1:colcon.colcon_core.package_identification:_identify(.) by extension 'ignore_ament_install'
[2.851s] Level 1:colcon.colcon_core.package_identification:_identify(.) by extensions ['colcon_pkg']
[2.851s] Level 1:colcon.colcon_core.package_identification:_identify(.) by extension 'colcon_pkg'
[2.851s] Level 1:colcon.colcon_core.package_identification:_identify(.) by extensions ['colcon_meta']
[2.851s] Level 1:colcon.colcon_core.package_identification:_identify(.) by extension 'colcon_meta'
[2.851s] Level 1:colcon.colcon_core.package_identification:_identify(.) by extensions ['ros']
[2.851s] Level 1:colcon.colcon_core.package_identification:_identify(.) by extension 'ros'
[2.870s] DEBUG:colcon.colcon_core.package_identification:Package '.' with type 'ros.ament_cmake' and name 'person_msgs'
[2.870s] Level 1:colcon.colcon_core.package_discovery:discover_packages(recursive) using defaults
[2.870s] Level 1:colcon.colcon_core.package_discovery:discover_packages(ignore) discover
[2.870s] Level 1:colcon.colcon_core.package_discovery:discover_packages(ignore) using defaults
[2.870s] Level 1:colcon.colcon_core.package_discovery:discover_packages(path) discover
[2.870s] Level 1:colcon.colcon_core.package_discovery:discover_packages(path) using defaults
[3.104s] Level 1:colcon.colcon_core.package_discovery:discover_packages(prefix_path) check parameters
[3.104s] Level 1:colcon.colcon_core.package_discovery:discover_packages(prefix_path) discover
[3.186s] DEBUG:colcon.colcon_installed_package_information.package_discovery:Found 2 installed packages in /home/akira/ros2_2023/ros2_ws/install
[3.228s] DEBUG:colcon.colcon_installed_package_information.package_discovery:Found 168 installed packages in /opt/ros/foxy
[3.230s] Level 1:colcon.colcon_core.package_discovery:discover_packages(prefix_path) using defaults
[3.376s] Level 5:colcon.colcon_core.verb:set package 'person_msgs' build argument 'cmake_args' from command line to 'None'
[3.376s] Level 5:colcon.colcon_core.verb:set package 'person_msgs' build argument 'cmake_target' from command line to 'None'
[3.376s] Level 5:colcon.colcon_core.verb:set package 'person_msgs' build argument 'cmake_target_skip_unavailable' from command line to 'False'
[3.376s] Level 5:colcon.colcon_core.verb:set package 'person_msgs' build argument 'cmake_clean_cache' from command line to 'False'
[3.376s] Level 5:colcon.colcon_core.verb:set package 'person_msgs' build argument 'cmake_clean_first' from command line to 'False'
[3.376s] Level 5:colcon.colcon_core.verb:set package 'person_msgs' build argument 'cmake_force_configure' from command line to 'False'
[3.376s] Level 5:colcon.colcon_core.verb:set package 'person_msgs' build argument 'ament_cmake_args' from command line to 'None'
[3.376s] Level 5:colcon.colcon_core.verb:set package 'person_msgs' build argument 'catkin_cmake_args' from command line to 'None'
[3.376s] Level 5:colcon.colcon_core.verb:set package 'person_msgs' build argument 'catkin_skip_building_tests' from command line to 'False'
[3.376s] DEBUG:colcon.colcon_core.verb:Building package 'person_msgs' with the following arguments: {'ament_cmake_args': None, 'build_base': '/home/akira/ros2_2023/ros2_ws/src/person_msgs/build/person_msgs', 'catkin_cmake_args': None, 'catkin_skip_building_tests': False, 'cmake_args': None, 'cmake_clean_cache': False, 'cmake_clean_first': False, 'cmake_force_configure': False, 'cmake_target': None, 'cmake_target_skip_unavailable': False, 'install_base': '/home/akira/ros2_2023/ros2_ws/src/person_msgs/install/person_msgs', 'merge_install': False, 'path': '/home/akira/ros2_2023/ros2_ws/src/person_msgs', 'symlink_install': False, 'test_result_base': None}
[3.416s] INFO:colcon.colcon_core.executor:Executing jobs using 'parallel' executor
[3.458s] DEBUG:colcon.colcon_parallel_executor.executor.parallel:run_until_complete
[3.458s] INFO:colcon.colcon_ros.task.ament_cmake.build:Building ROS package in '/home/akira/ros2_2023/ros2_ws/src/person_msgs' with build type 'ament_cmake'
[3.459s] INFO:colcon.colcon_cmake.task.cmake.build:Building CMake package in '/home/akira/ros2_2023/ros2_ws/src/person_msgs'
[3.506s] INFO:colcon.colcon_core.plugin_system:Skipping extension 'colcon_core.shell.bat': Not used on non-Windows systems
[3.506s] INFO:colcon.colcon_core.shell:Skip shell extension 'powershell' for command environment: Not usable outside of PowerShell
[3.506s] DEBUG:colcon.colcon_core.shell:Skip shell extension 'dsv' for command environment
[3.671s] DEBUG:colcon.colcon_core.event_handler.log_command:Invoking command in '/home/akira/ros2_2023/ros2_ws/src/person_msgs/build/person_msgs': CMAKE_PREFIX_PATH=${CMAKE_PREFIX_PATH}:/home/akira/ros2_2023/ros2_ws/install/mypkg:/opt/ros/foxy /usr/bin/cmake --build /home/akira/ros2_2023/ros2_ws/src/person_msgs/build/person_msgs -- -j16 -l16
[23.571s] DEBUG:colcon.colcon_core.event_handler.log_command:Invoked command in '/home/akira/ros2_2023/ros2_ws/src/person_msgs/build/person_msgs' returned '0': CMAKE_PREFIX_PATH=${CMAKE_PREFIX_PATH}:/home/akira/ros2_2023/ros2_ws/install/mypkg:/opt/ros/foxy /usr/bin/cmake --build /home/akira/ros2_2023/ros2_ws/src/person_msgs/build/person_msgs -- -j16 -l16
[23.659s] DEBUG:colcon.colcon_core.event_handler.log_command:Invoking command in '/home/akira/ros2_2023/ros2_ws/src/person_msgs/build/person_msgs': CMAKE_PREFIX_PATH=${CMAKE_PREFIX_PATH}:/home/akira/ros2_2023/ros2_ws/install/mypkg:/opt/ros/foxy /usr/bin/cmake --install /home/akira/ros2_2023/ros2_ws/src/person_msgs/build/person_msgs
[23.751s] Level 1:colcon.colcon_core.environment:create_environment_scripts_only(person_msgs)
[23.752s] DEBUG:colcon.colcon_core.event_handler.log_command:Invoked command in '/home/akira/ros2_2023/ros2_ws/src/person_msgs/build/person_msgs' returned '0': CMAKE_PREFIX_PATH=${CMAKE_PREFIX_PATH}:/home/akira/ros2_2023/ros2_ws/install/mypkg:/opt/ros/foxy /usr/bin/cmake --install /home/akira/ros2_2023/ros2_ws/src/person_msgs/build/person_msgs
[23.800s] Level 1:colcon.colcon_core.environment:checking '/home/akira/ros2_2023/ros2_ws/src/person_msgs/install/person_msgs' for CMake module files
[23.801s] Level 1:colcon.colcon_core.environment:checking '/home/akira/ros2_2023/ros2_ws/src/person_msgs/install/person_msgs' for CMake config files
[23.801s] Level 1:colcon.colcon_core.shell:create_environment_hook('person_msgs', 'cmake_prefix_path')
[23.843s] INFO:colcon.colcon_core.shell:Creating environment hook '/home/akira/ros2_2023/ros2_ws/src/person_msgs/install/person_msgs/share/person_msgs/hook/cmake_prefix_path.ps1'
[23.844s] INFO:colcon.colcon_core.shell:Creating environment descriptor '/home/akira/ros2_2023/ros2_ws/src/person_msgs/install/person_msgs/share/person_msgs/hook/cmake_prefix_path.dsv'
[23.844s] INFO:colcon.colcon_core.shell:Creating environment hook '/home/akira/ros2_2023/ros2_ws/src/person_msgs/install/person_msgs/share/person_msgs/hook/cmake_prefix_path.sh'
[23.846s] Level 1:colcon.colcon_core.environment:checking '/home/akira/ros2_2023/ros2_ws/src/person_msgs/install/person_msgs/lib'
[23.846s] Level 1:colcon.colcon_core.shell:create_environment_hook('person_msgs', 'ld_library_path_lib')
[23.893s] INFO:colcon.colcon_core.shell:Creating environment hook '/home/akira/ros2_2023/ros2_ws/src/person_msgs/install/person_msgs/share/person_msgs/hook/ld_library_path_lib.ps1'
[23.894s] INFO:colcon.colcon_core.shell:Creating environment descriptor '/home/akira/ros2_2023/ros2_ws/src/person_msgs/install/person_msgs/share/person_msgs/hook/ld_library_path_lib.dsv'
[23.895s] INFO:colcon.colcon_core.shell:Creating environment hook '/home/akira/ros2_2023/ros2_ws/src/person_msgs/install/person_msgs/share/person_msgs/hook/ld_library_path_lib.sh'
[23.895s] Level 1:colcon.colcon_core.environment:checking '/home/akira/ros2_2023/ros2_ws/src/person_msgs/install/person_msgs/bin'
[23.895s] Level 1:colcon.colcon_core.environment:checking '/home/akira/ros2_2023/ros2_ws/src/person_msgs/install/person_msgs/lib/pkgconfig/person_msgs.pc'
[23.896s] Level 1:colcon.colcon_core.environment:checking '/home/akira/ros2_2023/ros2_ws/src/person_msgs/install/person_msgs/lib/python3.8/site-packages'
[23.896s] Level 1:colcon.colcon_core.shell:create_environment_hook('person_msgs', 'pythonpath')
[23.940s] INFO:colcon.colcon_core.shell:Creating environment hook '/home/akira/ros2_2023/ros2_ws/src/person_msgs/install/person_msgs/share/person_msgs/hook/pythonpath.ps1'
[23.941s] INFO:colcon.colcon_core.shell:Creating environment descriptor '/home/akira/ros2_2023/ros2_ws/src/person_msgs/install/person_msgs/share/person_msgs/hook/pythonpath.dsv'
[23.941s] INFO:colcon.colcon_core.shell:Creating environment hook '/home/akira/ros2_2023/ros2_ws/src/person_msgs/install/person_msgs/share/person_msgs/hook/pythonpath.sh'
[23.942s] Level 1:colcon.colcon_core.environment:checking '/home/akira/ros2_2023/ros2_ws/src/person_msgs/install/person_msgs/bin'
[23.989s] INFO:colcon.colcon_core.shell:Creating package script '/home/akira/ros2_2023/ros2_ws/src/person_msgs/install/person_msgs/share/person_msgs/package.ps1'
[23.990s] INFO:colcon.colcon_core.shell:Creating package descriptor '/home/akira/ros2_2023/ros2_ws/src/person_msgs/install/person_msgs/share/person_msgs/package.dsv'
[23.991s] INFO:colcon.colcon_core.shell:Creating package script '/home/akira/ros2_2023/ros2_ws/src/person_msgs/install/person_msgs/share/person_msgs/package.sh'
[23.992s] INFO:colcon.colcon_core.shell:Creating package script '/home/akira/ros2_2023/ros2_ws/src/person_msgs/install/person_msgs/share/person_msgs/package.bash'
[23.993s] INFO:colcon.colcon_core.shell:Creating package script '/home/akira/ros2_2023/ros2_ws/src/person_msgs/install/person_msgs/share/person_msgs/package.zsh'
[23.994s] Level 1:colcon.colcon_core.environment:create_file_with_runtime_dependencies(/home/akira/ros2_2023/ros2_ws/src/person_msgs/install/person_msgs/share/colcon-core/packages/person_msgs)
[24.110s] Level 1:colcon.colcon_core.environment:create_environment_scripts_only(person_msgs)
[24.154s] Level 1:colcon.colcon_core.environment:checking '/home/akira/ros2_2023/ros2_ws/src/person_msgs/install/person_msgs' for CMake module files
[24.155s] Level 1:colcon.colcon_core.environment:checking '/home/akira/ros2_2023/ros2_ws/src/person_msgs/install/person_msgs' for CMake config files
[24.155s] Level 1:colcon.colcon_core.shell:create_environment_hook('person_msgs', 'cmake_prefix_path')
[24.200s] INFO:colcon.colcon_core.shell:Creating environment hook '/home/akira/ros2_2023/ros2_ws/src/person_msgs/install/person_msgs/share/person_msgs/hook/cmake_prefix_path.ps1'
[24.200s] INFO:colcon.colcon_core.shell:Creating environment descriptor '/home/akira/ros2_2023/ros2_ws/src/person_msgs/install/person_msgs/share/person_msgs/hook/cmake_prefix_path.dsv'
[24.201s] INFO:colcon.colcon_core.shell:Creating environment hook '/home/akira/ros2_2023/ros2_ws/src/person_msgs/install/person_msgs/share/person_msgs/hook/cmake_prefix_path.sh'
[24.202s] Level 1:colcon.colcon_core.environment:checking '/home/akira/ros2_2023/ros2_ws/src/person_msgs/install/person_msgs/lib'
[24.202s] Level 1:colcon.colcon_core.shell:create_environment_hook('person_msgs', 'ld_library_path_lib')
[24.245s] INFO:colcon.colcon_core.shell:Creating environment hook '/home/akira/ros2_2023/ros2_ws/src/person_msgs/install/person_msgs/share/person_msgs/hook/ld_library_path_lib.ps1'
[24.245s] INFO:colcon.colcon_core.shell:Creating environment descriptor '/home/akira/ros2_2023/ros2_ws/src/person_msgs/install/person_msgs/share/person_msgs/hook/ld_library_path_lib.dsv'
[24.246s] INFO:colcon.colcon_core.shell:Creating environment hook '/home/akira/ros2_2023/ros2_ws/src/person_msgs/install/person_msgs/share/person_msgs/hook/ld_library_path_lib.sh'
[24.246s] Level 1:colcon.colcon_core.environment:checking '/home/akira/ros2_2023/ros2_ws/src/person_msgs/install/person_msgs/bin'
[24.246s] Level 1:colcon.colcon_core.environment:checking '/home/akira/ros2_2023/ros2_ws/src/person_msgs/install/person_msgs/lib/pkgconfig/person_msgs.pc'
[24.247s] Level 1:colcon.colcon_core.environment:checking '/home/akira/ros2_2023/ros2_ws/src/person_msgs/install/person_msgs/lib/python3.8/site-packages'
[24.247s] Level 1:colcon.colcon_core.shell:create_environment_hook('person_msgs', 'pythonpath')
[24.290s] INFO:colcon.colcon_core.shell:Creating environment hook '/home/akira/ros2_2023/ros2_ws/src/person_msgs/install/person_msgs/share/person_msgs/hook/pythonpath.ps1'
[24.291s] INFO:colcon.colcon_core.shell:Creating environment descriptor '/home/akira/ros2_2023/ros2_ws/src/person_msgs/install/person_msgs/share/person_msgs/hook/pythonpath.dsv'
[24.291s] INFO:colcon.colcon_core.shell:Creating environment hook '/home/akira/ros2_2023/ros2_ws/src/person_msgs/install/person_msgs/share/person_msgs/hook/pythonpath.sh'
[24.293s] Level 1:colcon.colcon_core.environment:checking '/home/akira/ros2_2023/ros2_ws/src/person_msgs/install/person_msgs/bin'
[24.337s] INFO:colcon.colcon_core.shell:Creating package script '/home/akira/ros2_2023/ros2_ws/src/person_msgs/install/person_msgs/share/person_msgs/package.ps1'
[24.338s] INFO:colcon.colcon_core.shell:Creating package descriptor '/home/akira/ros2_2023/ros2_ws/src/person_msgs/install/person_msgs/share/person_msgs/package.dsv'
[24.338s] INFO:colcon.colcon_core.shell:Creating package script '/home/akira/ros2_2023/ros2_ws/src/person_msgs/install/person_msgs/share/person_msgs/package.sh'
[24.339s] INFO:colcon.colcon_core.shell:Creating package script '/home/akira/ros2_2023/ros2_ws/src/person_msgs/install/person_msgs/share/person_msgs/package.bash'
[24.340s] INFO:colcon.colcon_core.shell:Creating package script '/home/akira/ros2_2023/ros2_ws/src/person_msgs/install/person_msgs/share/person_msgs/package.zsh'
[24.341s] Level 1:colcon.colcon_core.environment:create_file_with_runtime_dependencies(/home/akira/ros2_2023/ros2_ws/src/person_msgs/install/person_msgs/share/colcon-core/packages/person_msgs)
[24.342s] DEBUG:colcon.colcon_parallel_executor.executor.parallel:closing loop
[24.342s] DEBUG:colcon.colcon_parallel_executor.executor.parallel:loop closed
[24.342s] DEBUG:colcon.colcon_parallel_executor.executor.parallel:run_until_complete finished with '0'
[24.343s] DEBUG:colcon.colcon_core.event_reactor:joining thread
[24.450s] INFO:colcon.colcon_core.plugin_system:Skipping extension 'colcon_notification.desktop_notification.notify_send': Could not find 'notify-send'
[24.451s] INFO:colcon.colcon_core.plugin_system:Skipping extension 'colcon_notification.desktop_notification.terminal_notifier': Not used on non-Darwin systems
[24.451s] INFO:colcon.colcon_core.plugin_system:Skipping extension 'colcon_notification.desktop_notification.win32': Not used on non-Windows systems
[24.451s] INFO:colcon.colcon_notification.desktop_notification:Sending desktop notification using 'notify2'
[24.458s] DEBUG:colcon.colcon_notification.desktop_notification.notify2:Failed to initialize notify2: org.freedesktop.DBus.Error.ServiceUnknown: The name org.freedesktop.Notifications was not provided by any .service files
[24.459s] DEBUG:colcon.colcon_core.event_reactor:joined thread
[24.505s] INFO:colcon.colcon_core.shell:Creating prefix script '/home/akira/ros2_2023/ros2_ws/src/person_msgs/install/local_setup.ps1'
[24.507s] INFO:colcon.colcon_core.shell:Creating prefix util module '/home/akira/ros2_2023/ros2_ws/src/person_msgs/install/_local_setup_util_ps1.py'
[24.508s] INFO:colcon.colcon_core.shell:Creating prefix chain script '/home/akira/ros2_2023/ros2_ws/src/person_msgs/install/setup.ps1'
[24.551s] INFO:colcon.colcon_core.shell:Creating prefix script '/home/akira/ros2_2023/ros2_ws/src/person_msgs/install/local_setup.sh'
[24.552s] INFO:colcon.colcon_core.shell:Creating prefix util module '/home/akira/ros2_2023/ros2_ws/src/person_msgs/install/_local_setup_util_sh.py'
[24.553s] INFO:colcon.colcon_core.shell:Creating prefix chain script '/home/akira/ros2_2023/ros2_ws/src/person_msgs/install/setup.sh'
[24.595s] INFO:colcon.colcon_core.shell:Creating prefix script '/home/akira/ros2_2023/ros2_ws/src/person_msgs/install/local_setup.bash'
[24.596s] INFO:colcon.colcon_core.shell:Creating prefix chain script '/home/akira/ros2_2023/ros2_ws/src/person_msgs/install/setup.bash'
[24.640s] INFO:colcon.colcon_core.shell:Creating prefix script '/home/akira/ros2_2023/ros2_ws/src/person_msgs/install/local_setup.zsh'
[24.640s] INFO:colcon.colcon_core.shell:Creating prefix chain script '/home/akira/ros2_2023/ros2_ws/src/person_msgs/install/setup.zsh'
