[1.292s] Invoking command in '/home/akira/ros2_2023/ros2_ws/src/mypkg': PYTHONPATH=/home/akira/ros2_2023/ros2_ws/src/mypkg/build/mypkg/prefix_override:/home/akira/ros2_2023/ros2_ws/src/mypkg/install/mypkg/lib/python3.8/site-packages:${PYTHONPATH} /usr/bin/python3 setup.py egg_info --egg-base build/mypkg build --build-base /home/akira/ros2_2023/ros2_ws/src/mypkg/build/mypkg/build install --record /home/akira/ros2_2023/ros2_ws/src/mypkg/build/mypkg/install.log --install-scripts $base/lib/mypkg --single-version-externally-managed
[1.567s] running egg_info
[1.567s] writing build/mypkg/mypkg.egg-info/PKG-INFO
[1.568s] writing dependency_links to build/mypkg/mypkg.egg-info/dependency_links.txt
[1.568s] writing entry points to build/mypkg/mypkg.egg-info/entry_points.txt
[1.569s] writing requirements to build/mypkg/mypkg.egg-info/requires.txt
[1.569s] writing top-level names to build/mypkg/mypkg.egg-info/top_level.txt
[1.632s] reading manifest file 'build/mypkg/mypkg.egg-info/SOURCES.txt'
[1.634s] writing manifest file 'build/mypkg/mypkg.egg-info/SOURCES.txt'
[1.634s] running build
[1.634s] running build_py
[1.635s] running install
[1.636s] running install_lib
[1.639s] running install_data
[1.640s] running install_egg_info
[1.642s] removing '/home/akira/ros2_2023/ros2_ws/src/mypkg/install/mypkg/lib/python3.8/site-packages/mypkg-0.0.0-py3.8.egg-info' (and everything under it)
[1.643s] Copying build/mypkg/mypkg.egg-info to /home/akira/ros2_2023/ros2_ws/src/mypkg/install/mypkg/lib/python3.8/site-packages/mypkg-0.0.0-py3.8.egg-info
[1.645s] running install_scripts
[1.671s] Installing listener script to /home/akira/ros2_2023/ros2_ws/src/mypkg/install/mypkg/lib/mypkg
[1.672s] Installing talker script to /home/akira/ros2_2023/ros2_ws/src/mypkg/install/mypkg/lib/mypkg
[1.673s] writing list of installed files to '/home/akira/ros2_2023/ros2_ws/src/mypkg/build/mypkg/install.log'
[1.699s] Invoked command in '/home/akira/ros2_2023/ros2_ws/src/mypkg' returned '0': PYTHONPATH=/home/akira/ros2_2023/ros2_ws/src/mypkg/build/mypkg/prefix_override:/home/akira/ros2_2023/ros2_ws/src/mypkg/install/mypkg/lib/python3.8/site-packages:${PYTHONPATH} /usr/bin/python3 setup.py egg_info --egg-base build/mypkg build --build-base /home/akira/ros2_2023/ros2_ws/src/mypkg/build/mypkg/build install --record /home/akira/ros2_2023/ros2_ws/src/mypkg/build/mypkg/install.log --install-scripts $base/lib/mypkg --single-version-externally-managed
