[0.200s] Invoking command in '/home/akira/ros2_2023/ros2_ws/src/person_msgs/build/person_msgs': CMAKE_PREFIX_PATH=${CMAKE_PREFIX_PATH}:/home/akira/ros2_2023/ros2_ws/install/mypkg:/opt/ros/foxy /usr/bin/cmake --build /home/akira/ros2_2023/ros2_ws/src/person_msgs/build/person_msgs -- -j16 -l16
[0.255s] Invoked command in '/home/akira/ros2_2023/ros2_ws/src/person_msgs/build/person_msgs' returned '0': CMAKE_PREFIX_PATH=${CMAKE_PREFIX_PATH}:/home/akira/ros2_2023/ros2_ws/install/mypkg:/opt/ros/foxy /usr/bin/cmake --build /home/akira/ros2_2023/ros2_ws/src/person_msgs/build/person_msgs -- -j16 -l16
[0.300s] Invoking command in '/home/akira/ros2_2023/ros2_ws/src/person_msgs/build/person_msgs': CMAKE_PREFIX_PATH=${CMAKE_PREFIX_PATH}:/home/akira/ros2_2023/ros2_ws/install/mypkg:/opt/ros/foxy /usr/bin/cmake --install /home/akira/ros2_2023/ros2_ws/src/person_msgs/build/person_msgs
[0.311s] -- Install configuration: ""
[0.312s] -- Up-to-date: /home/akira/ros2_2023/ros2_ws/src/person_msgs/install/person_msgs/share/ament_index/resource_index/package_run_dependencies/person_msgs
[0.312s] -- Up-to-date: /home/akira/ros2_2023/ros2_ws/src/person_msgs/install/person_msgs/share/ament_index/resource_index/parent_prefix_path/person_msgs
[0.313s] -- Up-to-date: /home/akira/ros2_2023/ros2_ws/src/person_msgs/install/person_msgs/share/person_msgs/environment/ament_prefix_path.sh
[0.313s] -- Up-to-date: /home/akira/ros2_2023/ros2_ws/src/person_msgs/install/person_msgs/share/person_msgs/environment/ament_prefix_path.dsv
[0.314s] -- Up-to-date: /home/akira/ros2_2023/ros2_ws/src/person_msgs/install/person_msgs/share/person_msgs/environment/path.sh
[0.314s] -- Up-to-date: /home/akira/ros2_2023/ros2_ws/src/person_msgs/install/person_msgs/share/person_msgs/environment/path.dsv
[0.314s] -- Up-to-date: /home/akira/ros2_2023/ros2_ws/src/person_msgs/install/person_msgs/share/person_msgs/local_setup.bash
[0.314s] -- Up-to-date: /home/akira/ros2_2023/ros2_ws/src/person_msgs/install/person_msgs/share/person_msgs/local_setup.sh
[0.315s] -- Up-to-date: /home/akira/ros2_2023/ros2_ws/src/person_msgs/install/person_msgs/share/person_msgs/local_setup.zsh
[0.315s] -- Up-to-date: /home/akira/ros2_2023/ros2_ws/src/person_msgs/install/person_msgs/share/person_msgs/local_setup.dsv
[0.315s] -- Up-to-date: /home/akira/ros2_2023/ros2_ws/src/person_msgs/install/person_msgs/share/person_msgs/package.dsv
[0.315s] -- Up-to-date: /home/akira/ros2_2023/ros2_ws/src/person_msgs/install/person_msgs/share/ament_index/resource_index/packages/person_msgs
[0.315s] -- Up-to-date: /home/akira/ros2_2023/ros2_ws/src/person_msgs/install/person_msgs/share/person_msgs/cmake/person_msgsConfig.cmake
[0.316s] -- Up-to-date: /home/akira/ros2_2023/ros2_ws/src/person_msgs/install/person_msgs/share/person_msgs/cmake/person_msgsConfig-version.cmake
[0.317s] -- Up-to-date: /home/akira/ros2_2023/ros2_ws/src/person_msgs/install/person_msgs/share/person_msgs/package.xml
[0.318s] Invoked command in '/home/akira/ros2_2023/ros2_ws/src/person_msgs/build/person_msgs' returned '0': CMAKE_PREFIX_PATH=${CMAKE_PREFIX_PATH}:/home/akira/ros2_2023/ros2_ws/install/mypkg:/opt/ros/foxy /usr/bin/cmake --install /home/akira/ros2_2023/ros2_ws/src/person_msgs/build/person_msgs
