[1.098s] Invoking command in '/home/akira/ros2_2023/ros2_ws/src/mypkg': PYTHONPATH=/home/akira/ros2_2023/ros2_ws/build/mypkg/prefix_override:/home/akira/ros2_2023/ros2_ws/install/mypkg/lib/python3.8/site-packages:${PYTHONPATH} /usr/bin/python3 setup.py egg_info --egg-base ../../build/mypkg build --build-base /home/akira/ros2_2023/ros2_ws/build/mypkg/build install --record /home/akira/ros2_2023/ros2_ws/build/mypkg/install.log --install-scripts $base/lib/mypkg --single-version-externally-managed
[1.358s] running egg_info
[1.358s] writing ../../build/mypkg/mypkg.egg-info/PKG-INFO
[1.359s] writing dependency_links to ../../build/mypkg/mypkg.egg-info/dependency_links.txt
[1.360s] writing entry points to ../../build/mypkg/mypkg.egg-info/entry_points.txt
[1.360s] writing requirements to ../../build/mypkg/mypkg.egg-info/requires.txt
[1.361s] writing top-level names to ../../build/mypkg/mypkg.egg-info/top_level.txt
[1.414s] reading manifest file '../../build/mypkg/mypkg.egg-info/SOURCES.txt'
[1.415s] writing manifest file '../../build/mypkg/mypkg.egg-info/SOURCES.txt'
[1.416s] running build
[1.416s] running build_py
[1.417s] copying mypkg/talker.py -> /home/akira/ros2_2023/ros2_ws/build/mypkg/build/lib/mypkg
[1.417s] running install
[1.418s] running install_lib
[1.419s] copying /home/akira/ros2_2023/ros2_ws/build/mypkg/build/lib/mypkg/talker.py -> /home/akira/ros2_2023/ros2_ws/install/mypkg/lib/python3.8/site-packages/mypkg
[1.420s] byte-compiling /home/akira/ros2_2023/ros2_ws/install/mypkg/lib/python3.8/site-packages/mypkg/talker.py to talker.cpython-38.pyc
[1.421s] running install_data
[1.422s] copying package.xml -> /home/akira/ros2_2023/ros2_ws/install/mypkg/share/mypkg
[1.423s] running install_egg_info
[1.425s] removing '/home/akira/ros2_2023/ros2_ws/install/mypkg/lib/python3.8/site-packages/mypkg-0.0.0-py3.8.egg-info' (and everything under it)
[1.426s] Copying ../../build/mypkg/mypkg.egg-info to /home/akira/ros2_2023/ros2_ws/install/mypkg/lib/python3.8/site-packages/mypkg-0.0.0-py3.8.egg-info
[1.427s] running install_scripts
[1.451s] Installing talker script to /home/akira/ros2_2023/ros2_ws/install/mypkg/lib/mypkg
[1.452s] writing list of installed files to '/home/akira/ros2_2023/ros2_ws/build/mypkg/install.log'
[1.481s] Invoked command in '/home/akira/ros2_2023/ros2_ws/src/mypkg' returned '0': PYTHONPATH=/home/akira/ros2_2023/ros2_ws/build/mypkg/prefix_override:/home/akira/ros2_2023/ros2_ws/install/mypkg/lib/python3.8/site-packages:${PYTHONPATH} /usr/bin/python3 setup.py egg_info --egg-base ../../build/mypkg build --build-base /home/akira/ros2_2023/ros2_ws/build/mypkg/build install --record /home/akira/ros2_2023/ros2_ws/build/mypkg/install.log --install-scripts $base/lib/mypkg --single-version-externally-managed
