[2.947s] DEBUG:colcon:Command line arguments: ['/usr/bin/colcon', 'build']
[2.948s] DEBUG:colcon:Parsed command line arguments: Namespace(allow_overriding=[], ament_cmake_args=None, base_paths=['.'], build_base='build', catkin_cmake_args=None, catkin_skip_building_tests=False, cmake_args=None, cmake_clean_cache=False, cmake_clean_first=False, cmake_force_configure=False, cmake_target=None, cmake_target_skip_unavailable=False, continue_on_error=False, event_handlers=None, executor='parallel', ignore_user_meta=False, install_base='install', log_base=None, log_level=None, main=<bound method BuildVerb.main of <colcon_core.verb.build.BuildVerb object at 0x7efed5ba7dc0>>, merge_install=False, metas=['./colcon.meta'], packages_above=None, packages_above_and_dependencies=None, packages_above_depth=None, packages_end=None, packages_ignore=None, packages_ignore_regex=None, packages_select=None, packages_select_build_failed=False, packages_select_by_dep=None, packages_select_regex=None, packages_select_test_failures=False, packages_skip=None, packages_skip_build_finished=False, packages_skip_by_dep=None, packages_skip_regex=None, packages_skip_test_passed=False, packages_skip_up_to=None, packages_start=None, packages_up_to=None, packages_up_to_regex=None, parallel_workers=16, paths=None, symlink_install=False, test_result_base=None, verb_extension=<colcon_core.verb.build.BuildVerb object at 0x7efed5ba7dc0>, verb_name='build', verb_parser=<colcon_defaults.argument_parser.defaults.DefaultArgumentsDecorator object at 0x7efed57aaeb0>)
[3.090s] Level 1:colcon.colcon_core.package_discovery:discover_packages(colcon_meta) check parameters
[3.090s] Level 1:colcon.colcon_core.package_discovery:discover_packages(recursive) check parameters
[3.090s] Level 1:colcon.colcon_core.package_discovery:discover_packages(ignore) check parameters
[3.090s] Level 1:colcon.colcon_core.package_discovery:discover_packages(path) check parameters
[3.090s] Level 1:colcon.colcon_core.package_discovery:discover_packages(colcon_meta) discover
[3.090s] Level 1:colcon.colcon_core.package_discovery:discover_packages(recursive) discover
[3.090s] INFO:colcon.colcon_core.package_discovery:Crawling recursively for packages in '/home/akira/ros2_2023/ros2_ws/src/mypkg'
[3.090s] Level 1:colcon.colcon_core.package_identification:_identify(.) by extensions ['ignore', 'ignore_ament_install']
[3.091s] Level 1:colcon.colcon_core.package_identification:_identify(.) by extension 'ignore'
[3.091s] Level 1:colcon.colcon_core.package_identification:_identify(.) by extension 'ignore_ament_install'
[3.091s] Level 1:colcon.colcon_core.package_identification:_identify(.) by extensions ['colcon_pkg']
[3.091s] Level 1:colcon.colcon_core.package_identification:_identify(.) by extension 'colcon_pkg'
[3.091s] Level 1:colcon.colcon_core.package_identification:_identify(.) by extensions ['colcon_meta']
[3.091s] Level 1:colcon.colcon_core.package_identification:_identify(.) by extension 'colcon_meta'
[3.091s] Level 1:colcon.colcon_core.package_identification:_identify(.) by extensions ['ros']
[3.091s] Level 1:colcon.colcon_core.package_identification:_identify(.) by extension 'ros'
[3.129s] DEBUG:colcon.colcon_core.package_identification:Package '.' with type 'ros.ament_python' and name 'mypkg'
[3.129s] Level 1:colcon.colcon_core.package_discovery:discover_packages(recursive) using defaults
[3.129s] Level 1:colcon.colcon_core.package_discovery:discover_packages(ignore) discover
[3.129s] Level 1:colcon.colcon_core.package_discovery:discover_packages(ignore) using defaults
[3.129s] Level 1:colcon.colcon_core.package_discovery:discover_packages(path) discover
[3.129s] Level 1:colcon.colcon_core.package_discovery:discover_packages(path) using defaults
[3.388s] Level 1:colcon.colcon_core.package_discovery:discover_packages(prefix_path) check parameters
[3.388s] Level 1:colcon.colcon_core.package_discovery:discover_packages(prefix_path) discover
[3.476s] DEBUG:colcon.colcon_installed_package_information.package_discovery:Found 168 installed packages in /opt/ros/foxy
[3.478s] Level 1:colcon.colcon_core.package_discovery:discover_packages(prefix_path) using defaults
[3.654s] Level 5:colcon.colcon_core.verb:set package 'mypkg' build argument 'cmake_args' from command line to 'None'
[3.654s] Level 5:colcon.colcon_core.verb:set package 'mypkg' build argument 'cmake_target' from command line to 'None'
[3.654s] Level 5:colcon.colcon_core.verb:set package 'mypkg' build argument 'cmake_target_skip_unavailable' from command line to 'False'
[3.654s] Level 5:colcon.colcon_core.verb:set package 'mypkg' build argument 'cmake_clean_cache' from command line to 'False'
[3.654s] Level 5:colcon.colcon_core.verb:set package 'mypkg' build argument 'cmake_clean_first' from command line to 'False'
[3.654s] Level 5:colcon.colcon_core.verb:set package 'mypkg' build argument 'cmake_force_configure' from command line to 'False'
[3.654s] Level 5:colcon.colcon_core.verb:set package 'mypkg' build argument 'ament_cmake_args' from command line to 'None'
[3.655s] Level 5:colcon.colcon_core.verb:set package 'mypkg' build argument 'catkin_cmake_args' from command line to 'None'
[3.655s] Level 5:colcon.colcon_core.verb:set package 'mypkg' build argument 'catkin_skip_building_tests' from command line to 'False'
[3.655s] DEBUG:colcon.colcon_core.verb:Building package 'mypkg' with the following arguments: {'ament_cmake_args': None, 'build_base': '/home/akira/ros2_2023/ros2_ws/src/mypkg/build/mypkg', 'catkin_cmake_args': None, 'catkin_skip_building_tests': False, 'cmake_args': None, 'cmake_clean_cache': False, 'cmake_clean_first': False, 'cmake_force_configure': False, 'cmake_target': None, 'cmake_target_skip_unavailable': False, 'install_base': '/home/akira/ros2_2023/ros2_ws/src/mypkg/install/mypkg', 'merge_install': False, 'path': '/home/akira/ros2_2023/ros2_ws/src/mypkg', 'symlink_install': False, 'test_result_base': None}
[3.697s] INFO:colcon.colcon_core.executor:Executing jobs using 'parallel' executor
[3.742s] DEBUG:colcon.colcon_parallel_executor.executor.parallel:run_until_complete
[3.743s] INFO:colcon.colcon_ros.task.ament_python.build:Building ROS package in '/home/akira/ros2_2023/ros2_ws/src/mypkg' with build type 'ament_python'
[3.743s] Level 1:colcon.colcon_core.shell:create_environment_hook('mypkg', 'ament_prefix_path')
[3.797s] INFO:colcon.colcon_core.plugin_system:Skipping extension 'colcon_core.shell.bat': Not used on non-Windows systems
[3.797s] INFO:colcon.colcon_core.shell:Creating environment hook '/home/akira/ros2_2023/ros2_ws/src/mypkg/install/mypkg/share/mypkg/hook/ament_prefix_path.ps1'
[3.799s] INFO:colcon.colcon_core.shell:Creating environment descriptor '/home/akira/ros2_2023/ros2_ws/src/mypkg/install/mypkg/share/mypkg/hook/ament_prefix_path.dsv'
[3.800s] INFO:colcon.colcon_core.shell:Creating environment hook '/home/akira/ros2_2023/ros2_ws/src/mypkg/install/mypkg/share/mypkg/hook/ament_prefix_path.sh'
[3.845s] INFO:colcon.colcon_core.shell:Skip shell extension 'powershell' for command environment: Not usable outside of PowerShell
[3.845s] DEBUG:colcon.colcon_core.shell:Skip shell extension 'dsv' for command environment
[4.323s] INFO:colcon.colcon_core.task.python.build:Building Python package in '/home/akira/ros2_2023/ros2_ws/src/mypkg'
[4.376s] INFO:colcon.colcon_core.shell:Skip shell extension 'powershell' for command environment: Not usable outside of PowerShell
[4.376s] DEBUG:colcon.colcon_core.shell:Skip shell extension 'dsv' for command environment
[5.036s] DEBUG:colcon.colcon_core.event_handler.log_command:Invoking command in '/home/akira/ros2_2023/ros2_ws/src/mypkg': PYTHONPATH=/home/akira/ros2_2023/ros2_ws/src/mypkg/build/mypkg/prefix_override:/home/akira/ros2_2023/ros2_ws/src/mypkg/install/mypkg/lib/python3.8/site-packages:${PYTHONPATH} /usr/bin/python3 setup.py egg_info --egg-base build/mypkg build --build-base /home/akira/ros2_2023/ros2_ws/src/mypkg/build/mypkg/build install --record /home/akira/ros2_2023/ros2_ws/src/mypkg/build/mypkg/install.log --install-scripts $base/lib/mypkg --single-version-externally-managed
[5.443s] DEBUG:colcon.colcon_core.event_handler.log_command:Invoked command in '/home/akira/ros2_2023/ros2_ws/src/mypkg' returned '0': PYTHONPATH=/home/akira/ros2_2023/ros2_ws/src/mypkg/build/mypkg/prefix_override:/home/akira/ros2_2023/ros2_ws/src/mypkg/install/mypkg/lib/python3.8/site-packages:${PYTHONPATH} /usr/bin/python3 setup.py egg_info --egg-base build/mypkg build --build-base /home/akira/ros2_2023/ros2_ws/src/mypkg/build/mypkg/build install --record /home/akira/ros2_2023/ros2_ws/src/mypkg/build/mypkg/install.log --install-scripts $base/lib/mypkg --single-version-externally-managed
[5.493s] Level 1:colcon.colcon_core.environment:checking '/home/akira/ros2_2023/ros2_ws/src/mypkg/install/mypkg' for CMake module files
[5.494s] Level 1:colcon.colcon_core.environment:checking '/home/akira/ros2_2023/ros2_ws/src/mypkg/install/mypkg' for CMake config files
[5.496s] Level 1:colcon.colcon_core.environment:checking '/home/akira/ros2_2023/ros2_ws/src/mypkg/install/mypkg/lib'
[5.496s] Level 1:colcon.colcon_core.environment:checking '/home/akira/ros2_2023/ros2_ws/src/mypkg/install/mypkg/bin'
[5.496s] Level 1:colcon.colcon_core.environment:checking '/home/akira/ros2_2023/ros2_ws/src/mypkg/install/mypkg/lib/pkgconfig/mypkg.pc'
[5.496s] Level 1:colcon.colcon_core.environment:checking '/home/akira/ros2_2023/ros2_ws/src/mypkg/install/mypkg/lib/python3.8/site-packages'
[5.497s] Level 1:colcon.colcon_core.shell:create_environment_hook('mypkg', 'pythonpath')
[5.544s] INFO:colcon.colcon_core.shell:Creating environment hook '/home/akira/ros2_2023/ros2_ws/src/mypkg/install/mypkg/share/mypkg/hook/pythonpath.ps1'
[5.545s] INFO:colcon.colcon_core.shell:Creating environment descriptor '/home/akira/ros2_2023/ros2_ws/src/mypkg/install/mypkg/share/mypkg/hook/pythonpath.dsv'
[5.545s] INFO:colcon.colcon_core.shell:Creating environment hook '/home/akira/ros2_2023/ros2_ws/src/mypkg/install/mypkg/share/mypkg/hook/pythonpath.sh'
[5.546s] Level 1:colcon.colcon_core.environment:checking '/home/akira/ros2_2023/ros2_ws/src/mypkg/install/mypkg/bin'
[5.546s] Level 1:colcon.colcon_core.environment:create_environment_scripts_only(mypkg)
[5.590s] INFO:colcon.colcon_core.shell:Creating package script '/home/akira/ros2_2023/ros2_ws/src/mypkg/install/mypkg/share/mypkg/package.ps1'
[5.592s] INFO:colcon.colcon_core.shell:Creating package descriptor '/home/akira/ros2_2023/ros2_ws/src/mypkg/install/mypkg/share/mypkg/package.dsv'
[5.593s] INFO:colcon.colcon_core.shell:Creating package script '/home/akira/ros2_2023/ros2_ws/src/mypkg/install/mypkg/share/mypkg/package.sh'
[5.594s] INFO:colcon.colcon_core.shell:Creating package script '/home/akira/ros2_2023/ros2_ws/src/mypkg/install/mypkg/share/mypkg/package.bash'
[5.596s] INFO:colcon.colcon_core.shell:Creating package script '/home/akira/ros2_2023/ros2_ws/src/mypkg/install/mypkg/share/mypkg/package.zsh'
[5.597s] Level 1:colcon.colcon_core.environment:create_file_with_runtime_dependencies(/home/akira/ros2_2023/ros2_ws/src/mypkg/install/mypkg/share/colcon-core/packages/mypkg)
[5.598s] DEBUG:colcon.colcon_parallel_executor.executor.parallel:closing loop
[5.599s] DEBUG:colcon.colcon_parallel_executor.executor.parallel:loop closed
[5.599s] DEBUG:colcon.colcon_parallel_executor.executor.parallel:run_until_complete finished with '0'
[5.599s] DEBUG:colcon.colcon_core.event_reactor:joining thread
[5.730s] INFO:colcon.colcon_core.plugin_system:Skipping extension 'colcon_notification.desktop_notification.notify_send': Could not find 'notify-send'
[5.730s] INFO:colcon.colcon_core.plugin_system:Skipping extension 'colcon_notification.desktop_notification.terminal_notifier': Not used on non-Darwin systems
[5.730s] INFO:colcon.colcon_core.plugin_system:Skipping extension 'colcon_notification.desktop_notification.win32': Not used on non-Windows systems
[5.730s] INFO:colcon.colcon_notification.desktop_notification:Sending desktop notification using 'notify2'
[5.751s] DEBUG:colcon.colcon_notification.desktop_notification.notify2:Failed to initialize notify2: org.freedesktop.DBus.Error.ServiceUnknown: The name org.freedesktop.Notifications was not provided by any .service files
[5.752s] DEBUG:colcon.colcon_core.event_reactor:joined thread
[5.796s] INFO:colcon.colcon_core.shell:Creating prefix script '/home/akira/ros2_2023/ros2_ws/src/mypkg/install/local_setup.ps1'
[5.798s] INFO:colcon.colcon_core.shell:Creating prefix util module '/home/akira/ros2_2023/ros2_ws/src/mypkg/install/_local_setup_util_ps1.py'
[5.801s] INFO:colcon.colcon_core.shell:Creating prefix chain script '/home/akira/ros2_2023/ros2_ws/src/mypkg/install/setup.ps1'
[5.846s] INFO:colcon.colcon_core.shell:Creating prefix script '/home/akira/ros2_2023/ros2_ws/src/mypkg/install/local_setup.sh'
[5.848s] INFO:colcon.colcon_core.shell:Creating prefix util module '/home/akira/ros2_2023/ros2_ws/src/mypkg/install/_local_setup_util_sh.py'
[5.849s] INFO:colcon.colcon_core.shell:Creating prefix chain script '/home/akira/ros2_2023/ros2_ws/src/mypkg/install/setup.sh'
[5.891s] INFO:colcon.colcon_core.shell:Creating prefix script '/home/akira/ros2_2023/ros2_ws/src/mypkg/install/local_setup.bash'
[5.892s] INFO:colcon.colcon_core.shell:Creating prefix chain script '/home/akira/ros2_2023/ros2_ws/src/mypkg/install/setup.bash'
[5.937s] INFO:colcon.colcon_core.shell:Creating prefix script '/home/akira/ros2_2023/ros2_ws/src/mypkg/install/local_setup.zsh'
[5.938s] INFO:colcon.colcon_core.shell:Creating prefix chain script '/home/akira/ros2_2023/ros2_ws/src/mypkg/install/setup.zsh'
