[1.220s] Invoking command in '/home/akira/ros2_2023/ros2_ws/src/mypkg/build/mypkg': PYTHONPATH=/home/akira/ros2_2023/ros2_ws/src/mypkg/build/mypkg/prefix_override:/home/akira/ros2_2023/ros2_ws/src/mypkg/install/mypkg/lib/python3.8/site-packages:${PYTHONPATH} /usr/bin/python3 setup.py develop --uninstall --editable --build-directory /home/akira/ros2_2023/ros2_ws/src/mypkg/build/mypkg/build
[1.518s] running develop
[1.663s] Removing /home/akira/ros2_2023/ros2_ws/src/mypkg/install/mypkg/lib/python3.8/site-packages/mypkg.egg-link (link to .)
[1.699s] Invoked command in '/home/akira/ros2_2023/ros2_ws/src/mypkg/build/mypkg' returned '0': PYTHONPATH=/home/akira/ros2_2023/ros2_ws/src/mypkg/build/mypkg/prefix_override:/home/akira/ros2_2023/ros2_ws/src/mypkg/install/mypkg/lib/python3.8/site-packages:${PYTHONPATH} /usr/bin/python3 setup.py develop --uninstall --editable --build-directory /home/akira/ros2_2023/ros2_ws/src/mypkg/build/mypkg/build
[1.701s] Invoking command in '/home/akira/ros2_2023/ros2_ws/src/mypkg': PYTHONPATH=/home/akira/ros2_2023/ros2_ws/src/mypkg/build/mypkg/prefix_override:/home/akira/ros2_2023/ros2_ws/src/mypkg/install/mypkg/lib/python3.8/site-packages:${PYTHONPATH} /usr/bin/python3 setup.py egg_info --egg-base build/mypkg build --build-base /home/akira/ros2_2023/ros2_ws/src/mypkg/build/mypkg/build install --record /home/akira/ros2_2023/ros2_ws/src/mypkg/build/mypkg/install.log --install-scripts $base/lib/mypkg --single-version-externally-managed
[1.971s] running egg_info
[1.972s] writing build/mypkg/mypkg.egg-info/PKG-INFO
[1.972s] writing dependency_links to build/mypkg/mypkg.egg-info/dependency_links.txt
[1.973s] writing entry points to build/mypkg/mypkg.egg-info/entry_points.txt
[1.973s] writing requirements to build/mypkg/mypkg.egg-info/requires.txt
[1.973s] writing top-level names to build/mypkg/mypkg.egg-info/top_level.txt
[2.028s] reading manifest file 'build/mypkg/mypkg.egg-info/SOURCES.txt'
[2.030s] writing manifest file 'build/mypkg/mypkg.egg-info/SOURCES.txt'
[2.030s] running build
[2.031s] running build_py
[2.031s] copying mypkg/listener.py -> /home/akira/ros2_2023/ros2_ws/src/mypkg/build/mypkg/build/lib/mypkg
[2.031s] running install
[2.032s] running install_lib
[2.033s] creating /home/akira/ros2_2023/ros2_ws/src/mypkg/install/mypkg/lib/python3.8/site-packages/mypkg
[2.034s] copying /home/akira/ros2_2023/ros2_ws/src/mypkg/build/mypkg/build/lib/mypkg/talker.py -> /home/akira/ros2_2023/ros2_ws/src/mypkg/install/mypkg/lib/python3.8/site-packages/mypkg
[2.034s] copying /home/akira/ros2_2023/ros2_ws/src/mypkg/build/mypkg/build/lib/mypkg/listener.py -> /home/akira/ros2_2023/ros2_ws/src/mypkg/install/mypkg/lib/python3.8/site-packages/mypkg
[2.035s] copying /home/akira/ros2_2023/ros2_ws/src/mypkg/build/mypkg/build/lib/mypkg/__init__.py -> /home/akira/ros2_2023/ros2_ws/src/mypkg/install/mypkg/lib/python3.8/site-packages/mypkg
[2.036s] byte-compiling /home/akira/ros2_2023/ros2_ws/src/mypkg/install/mypkg/lib/python3.8/site-packages/mypkg/talker.py to talker.cpython-38.pyc
[2.038s] byte-compiling /home/akira/ros2_2023/ros2_ws/src/mypkg/install/mypkg/lib/python3.8/site-packages/mypkg/listener.py to listener.cpython-38.pyc
[2.038s] byte-compiling /home/akira/ros2_2023/ros2_ws/src/mypkg/install/mypkg/lib/python3.8/site-packages/mypkg/__init__.py to __init__.cpython-38.pyc
[2.039s] running install_data
[2.039s] running install_egg_info
[2.041s] Copying build/mypkg/mypkg.egg-info to /home/akira/ros2_2023/ros2_ws/src/mypkg/install/mypkg/lib/python3.8/site-packages/mypkg-0.0.0-py3.8.egg-info
[2.043s] running install_scripts
[2.067s] Installing listener script to /home/akira/ros2_2023/ros2_ws/src/mypkg/install/mypkg/lib/mypkg
[2.068s] Installing talker script to /home/akira/ros2_2023/ros2_ws/src/mypkg/install/mypkg/lib/mypkg
[2.068s] writing list of installed files to '/home/akira/ros2_2023/ros2_ws/src/mypkg/build/mypkg/install.log'
[2.097s] Invoked command in '/home/akira/ros2_2023/ros2_ws/src/mypkg' returned '0': PYTHONPATH=/home/akira/ros2_2023/ros2_ws/src/mypkg/build/mypkg/prefix_override:/home/akira/ros2_2023/ros2_ws/src/mypkg/install/mypkg/lib/python3.8/site-packages:${PYTHONPATH} /usr/bin/python3 setup.py egg_info --egg-base build/mypkg build --build-base /home/akira/ros2_2023/ros2_ws/src/mypkg/build/mypkg/build install --record /home/akira/ros2_2023/ros2_ws/src/mypkg/build/mypkg/install.log --install-scripts $base/lib/mypkg --single-version-externally-managed
