[1.379s] Invoking command in '/home/akira/ros2_2023/ros2_ws/src/mypkg': PYTHONPATH=/home/akira/ros2_2023/ros2_ws/src/mypkg/build/mypkg/prefix_override:/home/akira/ros2_2023/ros2_ws/src/mypkg/install/mypkg/lib/python3.8/site-packages:${PYTHONPATH} /usr/bin/python3 setup.py egg_info --egg-base build/mypkg build --build-base /home/akira/ros2_2023/ros2_ws/src/mypkg/build/mypkg/build install --record /home/akira/ros2_2023/ros2_ws/src/mypkg/build/mypkg/install.log --install-scripts $base/lib/mypkg --single-version-externally-managed
[1.661s] running egg_info
[1.663s] writing build/mypkg/mypkg.egg-info/PKG-INFO
[1.664s] writing dependency_links to build/mypkg/mypkg.egg-info/dependency_links.txt
[1.664s] writing entry points to build/mypkg/mypkg.egg-info/entry_points.txt
[1.664s] writing requirements to build/mypkg/mypkg.egg-info/requires.txt
[1.665s] writing top-level names to build/mypkg/mypkg.egg-info/top_level.txt
[1.719s] reading manifest file 'build/mypkg/mypkg.egg-info/SOURCES.txt'
[1.721s] writing manifest file 'build/mypkg/mypkg.egg-info/SOURCES.txt'
[1.721s] running build
[1.722s] running build_py
[1.722s] running install
[1.723s] running install_lib
[1.726s] running install_data
[1.726s] copying package.xml -> /home/akira/ros2_2023/ros2_ws/src/mypkg/install/mypkg/share/mypkg
[1.727s] copying launch/talk_listen.launch.py -> /home/akira/ros2_2023/ros2_ws/src/mypkg/install/mypkg/share/mypkg
[1.727s] running install_egg_info
[1.729s] removing '/home/akira/ros2_2023/ros2_ws/src/mypkg/install/mypkg/lib/python3.8/site-packages/mypkg-0.0.0-py3.8.egg-info' (and everything under it)
[1.730s] Copying build/mypkg/mypkg.egg-info to /home/akira/ros2_2023/ros2_ws/src/mypkg/install/mypkg/lib/python3.8/site-packages/mypkg-0.0.0-py3.8.egg-info
[1.731s] running install_scripts
[1.757s] Installing listener script to /home/akira/ros2_2023/ros2_ws/src/mypkg/install/mypkg/lib/mypkg
[1.757s] Installing talker script to /home/akira/ros2_2023/ros2_ws/src/mypkg/install/mypkg/lib/mypkg
[1.757s] writing list of installed files to '/home/akira/ros2_2023/ros2_ws/src/mypkg/build/mypkg/install.log'
[1.786s] Invoked command in '/home/akira/ros2_2023/ros2_ws/src/mypkg' returned '0': PYTHONPATH=/home/akira/ros2_2023/ros2_ws/src/mypkg/build/mypkg/prefix_override:/home/akira/ros2_2023/ros2_ws/src/mypkg/install/mypkg/lib/python3.8/site-packages:${PYTHONPATH} /usr/bin/python3 setup.py egg_info --egg-base build/mypkg build --build-base /home/akira/ros2_2023/ros2_ws/src/mypkg/build/mypkg/build install --record /home/akira/ros2_2023/ros2_ws/src/mypkg/build/mypkg/install.log --install-scripts $base/lib/mypkg --single-version-externally-managed
