[1.414s] Invoking command in '/home/akira/ros2_2023/ros2_ws/src/mypkg': PYTHONPATH=/home/akira/ros2_2023/ros2_ws/build/mypkg/prefix_override:/home/akira/ros2_2023/ros2_ws/install/mypkg/lib/python3.8/site-packages:${PYTHONPATH} /usr/bin/python3 setup.py egg_info --egg-base ../../build/mypkg build --build-base /home/akira/ros2_2023/ros2_ws/build/mypkg/build install --record /home/akira/ros2_2023/ros2_ws/build/mypkg/install.log --install-scripts $base/lib/mypkg --single-version-externally-managed
[1.683s] running egg_info
[1.683s] writing ../../build/mypkg/mypkg.egg-info/PKG-INFO
[1.684s] writing dependency_links to ../../build/mypkg/mypkg.egg-info/dependency_links.txt
[1.685s] writing entry points to ../../build/mypkg/mypkg.egg-info/entry_points.txt
[1.685s] writing requirements to ../../build/mypkg/mypkg.egg-info/requires.txt
[1.685s] writing top-level names to ../../build/mypkg/mypkg.egg-info/top_level.txt
[1.741s] reading manifest file '../../build/mypkg/mypkg.egg-info/SOURCES.txt'
[1.743s] writing manifest file '../../build/mypkg/mypkg.egg-info/SOURCES.txt'
[1.743s] running build
[1.744s] running build_py
[1.744s] running install
[1.745s] running install_lib
[1.747s] running install_data
[1.748s] copying launch/talk_listen.launch.py -> /home/akira/ros2_2023/ros2_ws/install/mypkg/share/mypkg
[1.749s] running install_egg_info
[1.751s] removing '/home/akira/ros2_2023/ros2_ws/install/mypkg/lib/python3.8/site-packages/mypkg-0.0.0-py3.8.egg-info' (and everything under it)
[1.752s] Copying ../../build/mypkg/mypkg.egg-info to /home/akira/ros2_2023/ros2_ws/install/mypkg/lib/python3.8/site-packages/mypkg-0.0.0-py3.8.egg-info
[1.753s] running install_scripts
[1.778s] Installing listener script to /home/akira/ros2_2023/ros2_ws/install/mypkg/lib/mypkg
[1.779s] Installing talker script to /home/akira/ros2_2023/ros2_ws/install/mypkg/lib/mypkg
[1.780s] writing list of installed files to '/home/akira/ros2_2023/ros2_ws/build/mypkg/install.log'
[1.806s] Invoked command in '/home/akira/ros2_2023/ros2_ws/src/mypkg' returned '0': PYTHONPATH=/home/akira/ros2_2023/ros2_ws/build/mypkg/prefix_override:/home/akira/ros2_2023/ros2_ws/install/mypkg/lib/python3.8/site-packages:${PYTHONPATH} /usr/bin/python3 setup.py egg_info --egg-base ../../build/mypkg build --build-base /home/akira/ros2_2023/ros2_ws/build/mypkg/build install --record /home/akira/ros2_2023/ros2_ws/build/mypkg/install.log --install-scripts $base/lib/mypkg --single-version-externally-managed
