[1.186s] Invoking command in '/home/akira/ros2_2023/ros2_ws/src/mypkg': PYTHONPATH=/home/akira/ros2_2023/ros2_ws/src/mypkg/build/mypkg/prefix_override:/home/akira/ros2_2023/ros2_ws/src/mypkg/install/mypkg/lib/python3.8/site-packages:${PYTHONPATH} /usr/bin/python3 setup.py egg_info --egg-base build/mypkg build --build-base /home/akira/ros2_2023/ros2_ws/src/mypkg/build/mypkg/build install --record /home/akira/ros2_2023/ros2_ws/src/mypkg/build/mypkg/install.log --install-scripts $base/lib/mypkg --single-version-externally-managed
[1.446s] running egg_info
[1.447s] writing build/mypkg/mypkg.egg-info/PKG-INFO
[1.448s] writing dependency_links to build/mypkg/mypkg.egg-info/dependency_links.txt
[1.448s] writing entry points to build/mypkg/mypkg.egg-info/entry_points.txt
[1.449s] writing requirements to build/mypkg/mypkg.egg-info/requires.txt
[1.449s] writing top-level names to build/mypkg/mypkg.egg-info/top_level.txt
[1.500s] reading manifest file 'build/mypkg/mypkg.egg-info/SOURCES.txt'
[1.501s] writing manifest file 'build/mypkg/mypkg.egg-info/SOURCES.txt'
[1.501s] running build
[1.502s] running build_py
[1.502s] copying mypkg/talker.py -> /home/akira/ros2_2023/ros2_ws/src/mypkg/build/mypkg/build/lib/mypkg
[1.502s] running install
[1.504s] running install_lib
[1.505s] copying /home/akira/ros2_2023/ros2_ws/src/mypkg/build/mypkg/build/lib/mypkg/talker.py -> /home/akira/ros2_2023/ros2_ws/src/mypkg/install/mypkg/lib/python3.8/site-packages/mypkg
[1.506s] byte-compiling /home/akira/ros2_2023/ros2_ws/src/mypkg/install/mypkg/lib/python3.8/site-packages/mypkg/talker.py to talker.cpython-38.pyc
[1.508s] running install_data
[1.509s] running install_egg_info
[1.511s] removing '/home/akira/ros2_2023/ros2_ws/src/mypkg/install/mypkg/lib/python3.8/site-packages/mypkg-0.0.0-py3.8.egg-info' (and everything under it)
[1.511s] Copying build/mypkg/mypkg.egg-info to /home/akira/ros2_2023/ros2_ws/src/mypkg/install/mypkg/lib/python3.8/site-packages/mypkg-0.0.0-py3.8.egg-info
[1.513s] running install_scripts
[1.538s] Installing listener script to /home/akira/ros2_2023/ros2_ws/src/mypkg/install/mypkg/lib/mypkg
[1.539s] Installing talker script to /home/akira/ros2_2023/ros2_ws/src/mypkg/install/mypkg/lib/mypkg
[1.539s] writing list of installed files to '/home/akira/ros2_2023/ros2_ws/src/mypkg/build/mypkg/install.log'
[1.566s] Invoked command in '/home/akira/ros2_2023/ros2_ws/src/mypkg' returned '0': PYTHONPATH=/home/akira/ros2_2023/ros2_ws/src/mypkg/build/mypkg/prefix_override:/home/akira/ros2_2023/ros2_ws/src/mypkg/install/mypkg/lib/python3.8/site-packages:${PYTHONPATH} /usr/bin/python3 setup.py egg_info --egg-base build/mypkg build --build-base /home/akira/ros2_2023/ros2_ws/src/mypkg/build/mypkg/build install --record /home/akira/ros2_2023/ros2_ws/src/mypkg/build/mypkg/install.log --install-scripts $base/lib/mypkg --single-version-externally-managed
