[0.471s] Invoking command in '/home/akira/ros2_2023/ros2_ws/src/mypkg': PYTHONPATH=/home/akira/ros2_2023/ros2_ws/build/mypkg/prefix_override:/home/akira/ros2_2023/ros2_ws/install/mypkg/lib/python3.8/site-packages:${PYTHONPATH} /usr/bin/python3 setup.py egg_info --egg-base ../../build/mypkg build --build-base /home/akira/ros2_2023/ros2_ws/build/mypkg/build install --record /home/akira/ros2_2023/ros2_ws/build/mypkg/install.log --install-scripts $base/lib/mypkg --single-version-externally-managed
[0.575s] running egg_info
[0.576s] writing ../../build/mypkg/mypkg.egg-info/PKG-INFO
[0.576s] writing dependency_links to ../../build/mypkg/mypkg.egg-info/dependency_links.txt
[0.576s] writing entry points to ../../build/mypkg/mypkg.egg-info/entry_points.txt
[0.576s] writing requirements to ../../build/mypkg/mypkg.egg-info/requires.txt
[0.576s] writing top-level names to ../../build/mypkg/mypkg.egg-info/top_level.txt
[0.598s] reading manifest file '../../build/mypkg/mypkg.egg-info/SOURCES.txt'
[0.598s] writing manifest file '../../build/mypkg/mypkg.egg-info/SOURCES.txt'
[0.598s] running build
[0.598s] running build_py
[0.598s] running install
[0.599s] running install_lib
[0.600s] running install_data
[0.600s] running install_egg_info
[0.601s] removing '/home/akira/ros2_2023/ros2_ws/install/mypkg/lib/python3.8/site-packages/mypkg-0.0.0-py3.8.egg-info' (and everything under it)
[0.601s] Copying ../../build/mypkg/mypkg.egg-info to /home/akira/ros2_2023/ros2_ws/install/mypkg/lib/python3.8/site-packages/mypkg-0.0.0-py3.8.egg-info
[0.602s] running install_scripts
[0.614s] Installing listener script to /home/akira/ros2_2023/ros2_ws/install/mypkg/lib/mypkg
[0.614s] Installing talker script to /home/akira/ros2_2023/ros2_ws/install/mypkg/lib/mypkg
[0.614s] writing list of installed files to '/home/akira/ros2_2023/ros2_ws/build/mypkg/install.log'
[0.627s] Invoked command in '/home/akira/ros2_2023/ros2_ws/src/mypkg' returned '0': PYTHONPATH=/home/akira/ros2_2023/ros2_ws/build/mypkg/prefix_override:/home/akira/ros2_2023/ros2_ws/install/mypkg/lib/python3.8/site-packages:${PYTHONPATH} /usr/bin/python3 setup.py egg_info --egg-base ../../build/mypkg build --build-base /home/akira/ros2_2023/ros2_ws/build/mypkg/build install --record /home/akira/ros2_2023/ros2_ws/build/mypkg/install.log --install-scripts $base/lib/mypkg --single-version-externally-managed
