[2.713s] DEBUG:colcon:Command line arguments: ['/usr/bin/colcon', 'build']
[2.713s] DEBUG:colcon:Parsed command line arguments: Namespace(allow_overriding=[], ament_cmake_args=None, base_paths=['.'], build_base='build', catkin_cmake_args=None, catkin_skip_building_tests=False, cmake_args=None, cmake_clean_cache=False, cmake_clean_first=False, cmake_force_configure=False, cmake_target=None, cmake_target_skip_unavailable=False, continue_on_error=False, event_handlers=None, executor='parallel', ignore_user_meta=False, install_base='install', log_base=None, log_level=None, main=<bound method BuildVerb.main of <colcon_core.verb.build.BuildVerb object at 0x7ffb9f9b90a0>>, merge_install=False, metas=['./colcon.meta'], packages_above=None, packages_above_and_dependencies=None, packages_above_depth=None, packages_end=None, packages_ignore=None, packages_ignore_regex=None, packages_select=None, packages_select_build_failed=False, packages_select_by_dep=None, packages_select_regex=None, packages_select_test_failures=False, packages_skip=None, packages_skip_build_finished=False, packages_skip_by_dep=None, packages_skip_regex=None, packages_skip_test_passed=False, packages_skip_up_to=None, packages_start=None, packages_up_to=None, packages_up_to_regex=None, parallel_workers=16, paths=None, symlink_install=False, test_result_base=None, verb_extension=<colcon_core.verb.build.BuildVerb object at 0x7ffb9f9b90a0>, verb_name='build', verb_parser=<colcon_defaults.argument_parser.defaults.DefaultArgumentsDecorator object at 0x7ffb9f68ba60>)
[2.837s] Level 1:colcon.colcon_core.package_discovery:discover_packages(colcon_meta) check parameters
[2.837s] Level 1:colcon.colcon_core.package_discovery:discover_packages(recursive) check parameters
[2.837s] Level 1:colcon.colcon_core.package_discovery:discover_packages(ignore) check parameters
[2.837s] Level 1:colcon.colcon_core.package_discovery:discover_packages(path) check parameters
[2.837s] Level 1:colcon.colcon_core.package_discovery:discover_packages(colcon_meta) discover
[2.838s] Level 1:colcon.colcon_core.package_discovery:discover_packages(recursive) discover
[2.838s] INFO:colcon.colcon_core.package_discovery:Crawling recursively for packages in '/home/akira/ros2_2023/ros2_ws/src/person_msgs'
[2.838s] Level 1:colcon.colcon_core.package_identification:_identify(.) by extensions ['ignore', 'ignore_ament_install']
[2.838s] Level 1:colcon.colcon_core.package_identification:_identify(.) by extension 'ignore'
[2.838s] Level 1:colcon.colcon_core.package_identification:_identify(.) by extension 'ignore_ament_install'
[2.838s] Level 1:colcon.colcon_core.package_identification:_identify(.) by extensions ['colcon_pkg']
[2.838s] Level 1:colcon.colcon_core.package_identification:_identify(.) by extension 'colcon_pkg'
[2.838s] Level 1:colcon.colcon_core.package_identification:_identify(.) by extensions ['colcon_meta']
[2.838s] Level 1:colcon.colcon_core.package_identification:_identify(.) by extension 'colcon_meta'
[2.838s] Level 1:colcon.colcon_core.package_identification:_identify(.) by extensions ['ros']
[2.838s] Level 1:colcon.colcon_core.package_identification:_identify(.) by extension 'ros'
[2.858s] DEBUG:colcon.colcon_core.package_identification:Package '.' with type 'ros.ament_cmake' and name 'person_msgs'
[2.858s] Level 1:colcon.colcon_core.package_discovery:discover_packages(recursive) using defaults
[2.858s] Level 1:colcon.colcon_core.package_discovery:discover_packages(ignore) discover
[2.858s] Level 1:colcon.colcon_core.package_discovery:discover_packages(ignore) using defaults
[2.858s] Level 1:colcon.colcon_core.package_discovery:discover_packages(path) discover
[2.858s] Level 1:colcon.colcon_core.package_discovery:discover_packages(path) using defaults
[3.085s] Level 1:colcon.colcon_core.package_discovery:discover_packages(prefix_path) check parameters
[3.085s] Level 1:colcon.colcon_core.package_discovery:discover_packages(prefix_path) discover
[3.128s] WARNING:colcon.colcon_ros.prefix_path.ament:The path '/home/akira/ros2_2023/ros2_ws/install/person_msgs' in the environment variable AMENT_PREFIX_PATH doesn't exist
[3.128s] WARNING:colcon.colcon_ros.prefix_path.catkin:The path '/home/akira/ros2_2023/ros2_ws/install/person_msgs' in the environment variable CMAKE_PREFIX_PATH doesn't exist
[3.173s] DEBUG:colcon.colcon_installed_package_information.package_discovery:Found 1 installed packages in /home/akira/ros2_2023/ros2_ws/install
[3.219s] DEBUG:colcon.colcon_installed_package_information.package_discovery:Found 168 installed packages in /opt/ros/foxy
[3.220s] Level 1:colcon.colcon_core.package_discovery:discover_packages(prefix_path) using defaults
[3.369s] Level 5:colcon.colcon_core.verb:set package 'person_msgs' build argument 'cmake_args' from command line to 'None'
[3.369s] Level 5:colcon.colcon_core.verb:set package 'person_msgs' build argument 'cmake_target' from command line to 'None'
[3.369s] Level 5:colcon.colcon_core.verb:set package 'person_msgs' build argument 'cmake_target_skip_unavailable' from command line to 'False'
[3.369s] Level 5:colcon.colcon_core.verb:set package 'person_msgs' build argument 'cmake_clean_cache' from command line to 'False'
[3.369s] Level 5:colcon.colcon_core.verb:set package 'person_msgs' build argument 'cmake_clean_first' from command line to 'False'
[3.369s] Level 5:colcon.colcon_core.verb:set package 'person_msgs' build argument 'cmake_force_configure' from command line to 'False'
[3.369s] Level 5:colcon.colcon_core.verb:set package 'person_msgs' build argument 'ament_cmake_args' from command line to 'None'
[3.369s] Level 5:colcon.colcon_core.verb:set package 'person_msgs' build argument 'catkin_cmake_args' from command line to 'None'
[3.369s] Level 5:colcon.colcon_core.verb:set package 'person_msgs' build argument 'catkin_skip_building_tests' from command line to 'False'
[3.369s] DEBUG:colcon.colcon_core.verb:Building package 'person_msgs' with the following arguments: {'ament_cmake_args': None, 'build_base': '/home/akira/ros2_2023/ros2_ws/src/person_msgs/build/person_msgs', 'catkin_cmake_args': None, 'catkin_skip_building_tests': False, 'cmake_args': None, 'cmake_clean_cache': False, 'cmake_clean_first': False, 'cmake_force_configure': False, 'cmake_target': None, 'cmake_target_skip_unavailable': False, 'install_base': '/home/akira/ros2_2023/ros2_ws/src/person_msgs/install/person_msgs', 'merge_install': False, 'path': '/home/akira/ros2_2023/ros2_ws/src/person_msgs', 'symlink_install': False, 'test_result_base': None}
[3.410s] INFO:colcon.colcon_core.executor:Executing jobs using 'parallel' executor
[3.453s] DEBUG:colcon.colcon_parallel_executor.executor.parallel:run_until_complete
[3.454s] INFO:colcon.colcon_ros.task.ament_cmake.build:Building ROS package in '/home/akira/ros2_2023/ros2_ws/src/person_msgs' with build type 'ament_cmake'
[3.454s] INFO:colcon.colcon_cmake.task.cmake.build:Building CMake package in '/home/akira/ros2_2023/ros2_ws/src/person_msgs'
[3.499s] INFO:colcon.colcon_core.plugin_system:Skipping extension 'colcon_core.shell.bat': Not used on non-Windows systems
[3.499s] INFO:colcon.colcon_core.shell:Skip shell extension 'powershell' for command environment: Not usable outside of PowerShell
[3.499s] DEBUG:colcon.colcon_core.shell:Skip shell extension 'dsv' for command environment
[3.654s] DEBUG:colcon.colcon_core.event_handler.log_command:Invoking command in '/home/akira/ros2_2023/ros2_ws/src/person_msgs/build/person_msgs': CMAKE_PREFIX_PATH=${CMAKE_PREFIX_PATH}:/home/akira/ros2_2023/ros2_ws/install/mypkg:/opt/ros/foxy /usr/bin/cmake --build /home/akira/ros2_2023/ros2_ws/src/person_msgs/build/person_msgs -- -j16 -l16
[3.709s] DEBUG:colcon.colcon_core.event_handler.log_command:Invoked command in '/home/akira/ros2_2023/ros2_ws/src/person_msgs/build/person_msgs' returned '0': CMAKE_PREFIX_PATH=${CMAKE_PREFIX_PATH}:/home/akira/ros2_2023/ros2_ws/install/mypkg:/opt/ros/foxy /usr/bin/cmake --build /home/akira/ros2_2023/ros2_ws/src/person_msgs/build/person_msgs -- -j16 -l16
[3.755s] DEBUG:colcon.colcon_core.event_handler.log_command:Invoking command in '/home/akira/ros2_2023/ros2_ws/src/person_msgs/build/person_msgs': CMAKE_PREFIX_PATH=${CMAKE_PREFIX_PATH}:/home/akira/ros2_2023/ros2_ws/install/mypkg:/opt/ros/foxy /usr/bin/cmake --install /home/akira/ros2_2023/ros2_ws/src/person_msgs/build/person_msgs
[3.772s] Level 1:colcon.colcon_core.environment:create_environment_scripts_only(person_msgs)
[3.773s] DEBUG:colcon.colcon_core.event_handler.log_command:Invoked command in '/home/akira/ros2_2023/ros2_ws/src/person_msgs/build/person_msgs' returned '0': CMAKE_PREFIX_PATH=${CMAKE_PREFIX_PATH}:/home/akira/ros2_2023/ros2_ws/install/mypkg:/opt/ros/foxy /usr/bin/cmake --install /home/akira/ros2_2023/ros2_ws/src/person_msgs/build/person_msgs
[3.822s] Level 1:colcon.colcon_core.environment:checking '/home/akira/ros2_2023/ros2_ws/src/person_msgs/install/person_msgs' for CMake module files
[3.823s] Level 1:colcon.colcon_core.environment:checking '/home/akira/ros2_2023/ros2_ws/src/person_msgs/install/person_msgs' for CMake config files
[3.823s] Level 1:colcon.colcon_core.shell:create_environment_hook('person_msgs', 'cmake_prefix_path')
[3.869s] INFO:colcon.colcon_core.shell:Creating environment hook '/home/akira/ros2_2023/ros2_ws/src/person_msgs/install/person_msgs/share/person_msgs/hook/cmake_prefix_path.ps1'
[3.870s] INFO:colcon.colcon_core.shell:Creating environment descriptor '/home/akira/ros2_2023/ros2_ws/src/person_msgs/install/person_msgs/share/person_msgs/hook/cmake_prefix_path.dsv'
[3.871s] INFO:colcon.colcon_core.shell:Creating environment hook '/home/akira/ros2_2023/ros2_ws/src/person_msgs/install/person_msgs/share/person_msgs/hook/cmake_prefix_path.sh'
[3.872s] Level 1:colcon.colcon_core.environment:checking '/home/akira/ros2_2023/ros2_ws/src/person_msgs/install/person_msgs/bin'
[3.873s] Level 1:colcon.colcon_core.environment:checking '/home/akira/ros2_2023/ros2_ws/src/person_msgs/install/person_msgs/lib/pkgconfig/person_msgs.pc'
[3.873s] Level 1:colcon.colcon_core.environment:checking '/home/akira/ros2_2023/ros2_ws/src/person_msgs/install/person_msgs/lib/python3.8/site-packages'
[3.873s] Level 1:colcon.colcon_core.environment:checking '/home/akira/ros2_2023/ros2_ws/src/person_msgs/install/person_msgs/bin'
[3.917s] INFO:colcon.colcon_core.shell:Creating package script '/home/akira/ros2_2023/ros2_ws/src/person_msgs/install/person_msgs/share/person_msgs/package.ps1'
[3.918s] INFO:colcon.colcon_core.shell:Creating package descriptor '/home/akira/ros2_2023/ros2_ws/src/person_msgs/install/person_msgs/share/person_msgs/package.dsv'
[3.919s] INFO:colcon.colcon_core.shell:Creating package script '/home/akira/ros2_2023/ros2_ws/src/person_msgs/install/person_msgs/share/person_msgs/package.sh'
[3.920s] INFO:colcon.colcon_core.shell:Creating package script '/home/akira/ros2_2023/ros2_ws/src/person_msgs/install/person_msgs/share/person_msgs/package.bash'
[3.921s] INFO:colcon.colcon_core.shell:Creating package script '/home/akira/ros2_2023/ros2_ws/src/person_msgs/install/person_msgs/share/person_msgs/package.zsh'
[3.922s] Level 1:colcon.colcon_core.environment:create_file_with_runtime_dependencies(/home/akira/ros2_2023/ros2_ws/src/person_msgs/install/person_msgs/share/colcon-core/packages/person_msgs)
[3.999s] Level 1:colcon.colcon_core.environment:create_environment_scripts_only(person_msgs)
[4.043s] Level 1:colcon.colcon_core.environment:checking '/home/akira/ros2_2023/ros2_ws/src/person_msgs/install/person_msgs' for CMake module files
[4.044s] Level 1:colcon.colcon_core.environment:checking '/home/akira/ros2_2023/ros2_ws/src/person_msgs/install/person_msgs' for CMake config files
[4.044s] Level 1:colcon.colcon_core.shell:create_environment_hook('person_msgs', 'cmake_prefix_path')
[4.087s] INFO:colcon.colcon_core.shell:Creating environment hook '/home/akira/ros2_2023/ros2_ws/src/person_msgs/install/person_msgs/share/person_msgs/hook/cmake_prefix_path.ps1'
[4.088s] INFO:colcon.colcon_core.shell:Creating environment descriptor '/home/akira/ros2_2023/ros2_ws/src/person_msgs/install/person_msgs/share/person_msgs/hook/cmake_prefix_path.dsv'
[4.088s] INFO:colcon.colcon_core.shell:Creating environment hook '/home/akira/ros2_2023/ros2_ws/src/person_msgs/install/person_msgs/share/person_msgs/hook/cmake_prefix_path.sh'
[4.089s] Level 1:colcon.colcon_core.environment:checking '/home/akira/ros2_2023/ros2_ws/src/person_msgs/install/person_msgs/bin'
[4.089s] Level 1:colcon.colcon_core.environment:checking '/home/akira/ros2_2023/ros2_ws/src/person_msgs/install/person_msgs/lib/pkgconfig/person_msgs.pc'
[4.089s] Level 1:colcon.colcon_core.environment:checking '/home/akira/ros2_2023/ros2_ws/src/person_msgs/install/person_msgs/lib/python3.8/site-packages'
[4.089s] Level 1:colcon.colcon_core.environment:checking '/home/akira/ros2_2023/ros2_ws/src/person_msgs/install/person_msgs/bin'
[4.136s] INFO:colcon.colcon_core.shell:Creating package script '/home/akira/ros2_2023/ros2_ws/src/person_msgs/install/person_msgs/share/person_msgs/package.ps1'
[4.137s] INFO:colcon.colcon_core.shell:Creating package descriptor '/home/akira/ros2_2023/ros2_ws/src/person_msgs/install/person_msgs/share/person_msgs/package.dsv'
[4.138s] INFO:colcon.colcon_core.shell:Creating package script '/home/akira/ros2_2023/ros2_ws/src/person_msgs/install/person_msgs/share/person_msgs/package.sh'
[4.139s] INFO:colcon.colcon_core.shell:Creating package script '/home/akira/ros2_2023/ros2_ws/src/person_msgs/install/person_msgs/share/person_msgs/package.bash'
[4.139s] INFO:colcon.colcon_core.shell:Creating package script '/home/akira/ros2_2023/ros2_ws/src/person_msgs/install/person_msgs/share/person_msgs/package.zsh'
[4.140s] Level 1:colcon.colcon_core.environment:create_file_with_runtime_dependencies(/home/akira/ros2_2023/ros2_ws/src/person_msgs/install/person_msgs/share/colcon-core/packages/person_msgs)
[4.140s] DEBUG:colcon.colcon_parallel_executor.executor.parallel:closing loop
[4.142s] DEBUG:colcon.colcon_parallel_executor.executor.parallel:loop closed
[4.142s] DEBUG:colcon.colcon_parallel_executor.executor.parallel:run_until_complete finished with '0'
[4.142s] DEBUG:colcon.colcon_core.event_reactor:joining thread
[4.264s] INFO:colcon.colcon_core.plugin_system:Skipping extension 'colcon_notification.desktop_notification.notify_send': Could not find 'notify-send'
[4.264s] INFO:colcon.colcon_core.plugin_system:Skipping extension 'colcon_notification.desktop_notification.terminal_notifier': Not used on non-Darwin systems
[4.264s] INFO:colcon.colcon_core.plugin_system:Skipping extension 'colcon_notification.desktop_notification.win32': Not used on non-Windows systems
[4.265s] INFO:colcon.colcon_notification.desktop_notification:Sending desktop notification using 'notify2'
[4.271s] DEBUG:colcon.colcon_notification.desktop_notification.notify2:Failed to initialize notify2: org.freedesktop.DBus.Error.ServiceUnknown: The name org.freedesktop.Notifications was not provided by any .service files
[4.272s] DEBUG:colcon.colcon_core.event_reactor:joined thread
[4.315s] INFO:colcon.colcon_core.shell:Creating prefix script '/home/akira/ros2_2023/ros2_ws/src/person_msgs/install/local_setup.ps1'
[4.317s] INFO:colcon.colcon_core.shell:Creating prefix util module '/home/akira/ros2_2023/ros2_ws/src/person_msgs/install/_local_setup_util_ps1.py'
[4.319s] INFO:colcon.colcon_core.shell:Creating prefix chain script '/home/akira/ros2_2023/ros2_ws/src/person_msgs/install/setup.ps1'
[4.363s] INFO:colcon.colcon_core.shell:Creating prefix script '/home/akira/ros2_2023/ros2_ws/src/person_msgs/install/local_setup.sh'
[4.363s] INFO:colcon.colcon_core.shell:Creating prefix util module '/home/akira/ros2_2023/ros2_ws/src/person_msgs/install/_local_setup_util_sh.py'
[4.364s] INFO:colcon.colcon_core.shell:Creating prefix chain script '/home/akira/ros2_2023/ros2_ws/src/person_msgs/install/setup.sh'
[4.407s] INFO:colcon.colcon_core.shell:Creating prefix script '/home/akira/ros2_2023/ros2_ws/src/person_msgs/install/local_setup.bash'
[4.408s] INFO:colcon.colcon_core.shell:Creating prefix chain script '/home/akira/ros2_2023/ros2_ws/src/person_msgs/install/setup.bash'
[4.449s] INFO:colcon.colcon_core.shell:Creating prefix script '/home/akira/ros2_2023/ros2_ws/src/person_msgs/install/local_setup.zsh'
[4.450s] INFO:colcon.colcon_core.shell:Creating prefix chain script '/home/akira/ros2_2023/ros2_ws/src/person_msgs/install/setup.zsh'
