[2.048s] Invoking command in '/home/akira/ros2_2023/ros2_ws/src/mypkg': PYTHONPATH=/home/akira/ros2_2023/ros2_ws/build/mypkg/prefix_override:/home/akira/ros2_2023/ros2_ws/install/mypkg/lib/python3.8/site-packages:${PYTHONPATH} /usr/bin/python3 setup.py egg_info --egg-base ../../build/mypkg build --build-base /home/akira/ros2_2023/ros2_ws/build/mypkg/build install --record /home/akira/ros2_2023/ros2_ws/build/mypkg/install.log --install-scripts $base/lib/mypkg --single-version-externally-managed
[2.376s] running egg_info
[2.377s] writing ../../build/mypkg/mypkg.egg-info/PKG-INFO
[2.377s] writing dependency_links to ../../build/mypkg/mypkg.egg-info/dependency_links.txt
[2.377s] writing entry points to ../../build/mypkg/mypkg.egg-info/entry_points.txt
[2.378s] writing requirements to ../../build/mypkg/mypkg.egg-info/requires.txt
[2.378s] writing top-level names to ../../build/mypkg/mypkg.egg-info/top_level.txt
[2.437s] reading manifest file '../../build/mypkg/mypkg.egg-info/SOURCES.txt'
[2.438s] writing manifest file '../../build/mypkg/mypkg.egg-info/SOURCES.txt'
[2.439s] running build
[2.439s] running build_py
[2.439s] copying mypkg/talker.py -> /home/akira/ros2_2023/ros2_ws/build/mypkg/build/lib/mypkg
[2.439s] running install
[2.441s] running install_lib
[2.442s] copying /home/akira/ros2_2023/ros2_ws/build/mypkg/build/lib/mypkg/talker.py -> /home/akira/ros2_2023/ros2_ws/install/mypkg/lib/python3.8/site-packages/mypkg
[2.443s] byte-compiling /home/akira/ros2_2023/ros2_ws/install/mypkg/lib/python3.8/site-packages/mypkg/talker.py to talker.cpython-38.pyc
[2.445s] running install_data
[2.446s] running install_egg_info
[2.448s] removing '/home/akira/ros2_2023/ros2_ws/install/mypkg/lib/python3.8/site-packages/mypkg-0.0.0-py3.8.egg-info' (and everything under it)
[2.449s] Copying ../../build/mypkg/mypkg.egg-info to /home/akira/ros2_2023/ros2_ws/install/mypkg/lib/python3.8/site-packages/mypkg-0.0.0-py3.8.egg-info
[2.450s] running install_scripts
[2.477s] Installing listener script to /home/akira/ros2_2023/ros2_ws/install/mypkg/lib/mypkg
[2.477s] Installing talker script to /home/akira/ros2_2023/ros2_ws/install/mypkg/lib/mypkg
[2.477s] writing list of installed files to '/home/akira/ros2_2023/ros2_ws/build/mypkg/install.log'
[2.506s] Invoked command in '/home/akira/ros2_2023/ros2_ws/src/mypkg' returned '0': PYTHONPATH=/home/akira/ros2_2023/ros2_ws/build/mypkg/prefix_override:/home/akira/ros2_2023/ros2_ws/install/mypkg/lib/python3.8/site-packages:${PYTHONPATH} /usr/bin/python3 setup.py egg_info --egg-base ../../build/mypkg build --build-base /home/akira/ros2_2023/ros2_ws/build/mypkg/build install --record /home/akira/ros2_2023/ros2_ws/build/mypkg/install.log --install-scripts $base/lib/mypkg --single-version-externally-managed
