[2.062s] Invoking command in '/home/akira/ros2_2023/ros2_ws/src/mypkg': PYTHONPATH=/home/akira/ros2_2023/ros2_ws/build/mypkg/prefix_override:/home/akira/ros2_2023/ros2_ws/install/mypkg/lib/python3.8/site-packages:${PYTHONPATH} /usr/bin/python3 setup.py egg_info --egg-base ../../build/mypkg build --build-base /home/akira/ros2_2023/ros2_ws/build/mypkg/build install --record /home/akira/ros2_2023/ros2_ws/build/mypkg/install.log --install-scripts $base/lib/mypkg --single-version-externally-managed
[2.349s] running egg_info
[2.350s] writing ../../build/mypkg/mypkg.egg-info/PKG-INFO
[2.350s] writing dependency_links to ../../build/mypkg/mypkg.egg-info/dependency_links.txt
[2.350s] writing entry points to ../../build/mypkg/mypkg.egg-info/entry_points.txt
[2.350s] writing requirements to ../../build/mypkg/mypkg.egg-info/requires.txt
[2.352s] writing top-level names to ../../build/mypkg/mypkg.egg-info/top_level.txt
[2.411s] reading manifest file '../../build/mypkg/mypkg.egg-info/SOURCES.txt'
[2.411s] writing manifest file '../../build/mypkg/mypkg.egg-info/SOURCES.txt'
[2.412s] running build
[2.412s] running build_py
[2.413s] copying mypkg/listener.py -> /home/akira/ros2_2023/ros2_ws/build/mypkg/build/lib/mypkg
[2.413s] running install
[2.413s] running install_lib
[2.416s] copying /home/akira/ros2_2023/ros2_ws/build/mypkg/build/lib/mypkg/listener.py -> /home/akira/ros2_2023/ros2_ws/install/mypkg/lib/python3.8/site-packages/mypkg
[2.417s] byte-compiling /home/akira/ros2_2023/ros2_ws/install/mypkg/lib/python3.8/site-packages/mypkg/listener.py to listener.cpython-38.pyc
[2.419s]   File "/home/akira/ros2_2023/ros2_ws/install/mypkg/lib/python3.8/site-packages/mypkg/listener.py", line 31
[2.419s]     if ＿name＿ == '＿main＿':
[2.420s]             ^
[2.421s] SyntaxError: invalid character in identifier
[2.421s] 
[2.422s] running install_data
[2.422s] running install_egg_info
[2.426s] removing '/home/akira/ros2_2023/ros2_ws/install/mypkg/lib/python3.8/site-packages/mypkg-0.0.0-py3.8.egg-info' (and everything under it)
[2.426s] Copying ../../build/mypkg/mypkg.egg-info to /home/akira/ros2_2023/ros2_ws/install/mypkg/lib/python3.8/site-packages/mypkg-0.0.0-py3.8.egg-info
[2.426s] running install_scripts
[2.461s] Installing listener script to /home/akira/ros2_2023/ros2_ws/install/mypkg/lib/mypkg
[2.461s] Installing talker script to /home/akira/ros2_2023/ros2_ws/install/mypkg/lib/mypkg
[2.462s] writing list of installed files to '/home/akira/ros2_2023/ros2_ws/build/mypkg/install.log'
[2.490s] Invoked command in '/home/akira/ros2_2023/ros2_ws/src/mypkg' returned '0': PYTHONPATH=/home/akira/ros2_2023/ros2_ws/build/mypkg/prefix_override:/home/akira/ros2_2023/ros2_ws/install/mypkg/lib/python3.8/site-packages:${PYTHONPATH} /usr/bin/python3 setup.py egg_info --egg-base ../../build/mypkg build --build-base /home/akira/ros2_2023/ros2_ws/build/mypkg/build install --record /home/akira/ros2_2023/ros2_ws/build/mypkg/install.log --install-scripts $base/lib/mypkg --single-version-externally-managed
