[2.753s] DEBUG:colcon:Command line arguments: ['/usr/bin/colcon', 'build']
[2.754s] DEBUG:colcon:Parsed command line arguments: Namespace(allow_overriding=[], ament_cmake_args=None, base_paths=['.'], build_base='build', catkin_cmake_args=None, catkin_skip_building_tests=False, cmake_args=None, cmake_clean_cache=False, cmake_clean_first=False, cmake_force_configure=False, cmake_target=None, cmake_target_skip_unavailable=False, continue_on_error=False, event_handlers=None, executor='parallel', ignore_user_meta=False, install_base='install', log_base=None, log_level=None, main=<bound method BuildVerb.main of <colcon_core.verb.build.BuildVerb object at 0x7fce3ac6d610>>, merge_install=False, metas=['./colcon.meta'], packages_above=None, packages_above_and_dependencies=None, packages_above_depth=None, packages_end=None, packages_ignore=None, packages_ignore_regex=None, packages_select=None, packages_select_build_failed=False, packages_select_by_dep=None, packages_select_regex=None, packages_select_test_failures=False, packages_skip=None, packages_skip_build_finished=False, packages_skip_by_dep=None, packages_skip_regex=None, packages_skip_test_passed=False, packages_skip_up_to=None, packages_start=None, packages_up_to=None, packages_up_to_regex=None, parallel_workers=16, paths=None, symlink_install=False, test_result_base=None, verb_extension=<colcon_core.verb.build.BuildVerb object at 0x7fce3ac6d610>, verb_name='build', verb_parser=<colcon_defaults.argument_parser.defaults.DefaultArgumentsDecorator object at 0x7fce3a883fd0>)
[2.873s] Level 1:colcon.colcon_core.package_discovery:discover_packages(colcon_meta) check parameters
[2.873s] Level 1:colcon.colcon_core.package_discovery:discover_packages(recursive) check parameters
[2.873s] Level 1:colcon.colcon_core.package_discovery:discover_packages(ignore) check parameters
[2.873s] Level 1:colcon.colcon_core.package_discovery:discover_packages(path) check parameters
[2.874s] Level 1:colcon.colcon_core.package_discovery:discover_packages(colcon_meta) discover
[2.874s] Level 1:colcon.colcon_core.package_discovery:discover_packages(recursive) discover
[2.874s] INFO:colcon.colcon_core.package_discovery:Crawling recursively for packages in '/home/akira/ros2_2023/ros2_ws'
[2.874s] Level 1:colcon.colcon_core.package_identification:_identify(.) by extensions ['ignore', 'ignore_ament_install']
[2.874s] Level 1:colcon.colcon_core.package_identification:_identify(.) by extension 'ignore'
[2.874s] Level 1:colcon.colcon_core.package_identification:_identify(.) by extension 'ignore_ament_install'
[2.874s] Level 1:colcon.colcon_core.package_identification:_identify(.) by extensions ['colcon_pkg']
[2.874s] Level 1:colcon.colcon_core.package_identification:_identify(.) by extension 'colcon_pkg'
[2.874s] Level 1:colcon.colcon_core.package_identification:_identify(.) by extensions ['colcon_meta']
[2.874s] Level 1:colcon.colcon_core.package_identification:_identify(.) by extension 'colcon_meta'
[2.874s] Level 1:colcon.colcon_core.package_identification:_identify(.) by extensions ['ros']
[2.874s] Level 1:colcon.colcon_core.package_identification:_identify(.) by extension 'ros'
[2.895s] Level 1:colcon.colcon_core.package_identification:_identify(.) by extensions ['cmake', 'python']
[2.895s] Level 1:colcon.colcon_core.package_identification:_identify(.) by extension 'cmake'
[2.895s] Level 1:colcon.colcon_core.package_identification:_identify(.) by extension 'python'
[2.895s] Level 1:colcon.colcon_core.package_identification:_identify(.) by extensions ['python_setup_py']
[2.895s] Level 1:colcon.colcon_core.package_identification:_identify(.) by extension 'python_setup_py'
[2.895s] Level 1:colcon.colcon_core.package_identification:_identify(build) by extensions ['ignore', 'ignore_ament_install']
[2.896s] Level 1:colcon.colcon_core.package_identification:_identify(build) by extension 'ignore'
[2.896s] Level 1:colcon.colcon_core.package_identification:_identify(build) ignored
[2.896s] Level 1:colcon.colcon_core.package_identification:_identify(install) by extensions ['ignore', 'ignore_ament_install']
[2.896s] Level 1:colcon.colcon_core.package_identification:_identify(install) by extension 'ignore'
[2.896s] Level 1:colcon.colcon_core.package_identification:_identify(install) ignored
[2.896s] Level 1:colcon.colcon_core.package_identification:_identify(log) by extensions ['ignore', 'ignore_ament_install']
[2.896s] Level 1:colcon.colcon_core.package_identification:_identify(log) by extension 'ignore'
[2.896s] Level 1:colcon.colcon_core.package_identification:_identify(log) ignored
[2.897s] Level 1:colcon.colcon_core.package_identification:_identify(src) by extensions ['ignore', 'ignore_ament_install']
[2.897s] Level 1:colcon.colcon_core.package_identification:_identify(src) by extension 'ignore'
[2.897s] Level 1:colcon.colcon_core.package_identification:_identify(src) by extension 'ignore_ament_install'
[2.897s] Level 1:colcon.colcon_core.package_identification:_identify(src) by extensions ['colcon_pkg']
[2.897s] Level 1:colcon.colcon_core.package_identification:_identify(src) by extension 'colcon_pkg'
[2.897s] Level 1:colcon.colcon_core.package_identification:_identify(src) by extensions ['colcon_meta']
[2.897s] Level 1:colcon.colcon_core.package_identification:_identify(src) by extension 'colcon_meta'
[2.897s] Level 1:colcon.colcon_core.package_identification:_identify(src) by extensions ['ros']
[2.897s] Level 1:colcon.colcon_core.package_identification:_identify(src) by extension 'ros'
[2.897s] Level 1:colcon.colcon_core.package_identification:_identify(src) by extensions ['cmake', 'python']
[2.897s] Level 1:colcon.colcon_core.package_identification:_identify(src) by extension 'cmake'
[2.897s] Level 1:colcon.colcon_core.package_identification:_identify(src) by extension 'python'
[2.897s] Level 1:colcon.colcon_core.package_identification:_identify(src) by extensions ['python_setup_py']
[2.897s] Level 1:colcon.colcon_core.package_identification:_identify(src) by extension 'python_setup_py'
[2.898s] Level 1:colcon.colcon_core.package_identification:_identify(src/mypkg) by extensions ['ignore', 'ignore_ament_install']
[2.898s] Level 1:colcon.colcon_core.package_identification:_identify(src/mypkg) by extension 'ignore'
[2.898s] Level 1:colcon.colcon_core.package_identification:_identify(src/mypkg) by extension 'ignore_ament_install'
[2.898s] Level 1:colcon.colcon_core.package_identification:_identify(src/mypkg) by extensions ['colcon_pkg']
[2.898s] Level 1:colcon.colcon_core.package_identification:_identify(src/mypkg) by extension 'colcon_pkg'
[2.898s] Level 1:colcon.colcon_core.package_identification:_identify(src/mypkg) by extensions ['colcon_meta']
[2.898s] Level 1:colcon.colcon_core.package_identification:_identify(src/mypkg) by extension 'colcon_meta'
[2.898s] Level 1:colcon.colcon_core.package_identification:_identify(src/mypkg) by extensions ['ros']
[2.898s] Level 1:colcon.colcon_core.package_identification:_identify(src/mypkg) by extension 'ros'
[2.902s] DEBUG:colcon.colcon_core.package_identification:Package 'src/mypkg' with type 'ros.ament_python' and name 'mypkg'
[2.902s] Level 1:colcon.colcon_core.package_identification:_identify(src/person_msgs) by extensions ['ignore', 'ignore_ament_install']
[2.902s] Level 1:colcon.colcon_core.package_identification:_identify(src/person_msgs) by extension 'ignore'
[2.902s] Level 1:colcon.colcon_core.package_identification:_identify(src/person_msgs) by extension 'ignore_ament_install'
[2.902s] Level 1:colcon.colcon_core.package_identification:_identify(src/person_msgs) by extensions ['colcon_pkg']
[2.902s] Level 1:colcon.colcon_core.package_identification:_identify(src/person_msgs) by extension 'colcon_pkg'
[2.902s] Level 1:colcon.colcon_core.package_identification:_identify(src/person_msgs) by extensions ['colcon_meta']
[2.903s] Level 1:colcon.colcon_core.package_identification:_identify(src/person_msgs) by extension 'colcon_meta'
[2.903s] Level 1:colcon.colcon_core.package_identification:_identify(src/person_msgs) by extensions ['ros']
[2.903s] Level 1:colcon.colcon_core.package_identification:_identify(src/person_msgs) by extension 'ros'
[2.903s] DEBUG:colcon.colcon_core.package_identification:Package 'src/person_msgs' with type 'ros.ament_cmake' and name 'person_msgs'
[2.903s] Level 1:colcon.colcon_core.package_discovery:discover_packages(recursive) using defaults
[2.903s] Level 1:colcon.colcon_core.package_discovery:discover_packages(ignore) discover
[2.904s] Level 1:colcon.colcon_core.package_discovery:discover_packages(ignore) using defaults
[2.904s] Level 1:colcon.colcon_core.package_discovery:discover_packages(path) discover
[2.904s] Level 1:colcon.colcon_core.package_discovery:discover_packages(path) using defaults
[3.135s] Level 1:colcon.colcon_core.package_discovery:discover_packages(prefix_path) check parameters
[3.135s] Level 1:colcon.colcon_core.package_discovery:discover_packages(prefix_path) discover
[3.218s] DEBUG:colcon.colcon_installed_package_information.package_discovery:Found 2 installed packages in /home/akira/ros2_2023/ros2_ws/install
[3.261s] DEBUG:colcon.colcon_installed_package_information.package_discovery:Found 168 installed packages in /opt/ros/foxy
[3.263s] Level 1:colcon.colcon_core.package_discovery:discover_packages(prefix_path) using defaults
[3.408s] Level 5:colcon.colcon_core.verb:set package 'mypkg' build argument 'cmake_args' from command line to 'None'
[3.408s] Level 5:colcon.colcon_core.verb:set package 'mypkg' build argument 'cmake_target' from command line to 'None'
[3.408s] Level 5:colcon.colcon_core.verb:set package 'mypkg' build argument 'cmake_target_skip_unavailable' from command line to 'False'
[3.408s] Level 5:colcon.colcon_core.verb:set package 'mypkg' build argument 'cmake_clean_cache' from command line to 'False'
[3.408s] Level 5:colcon.colcon_core.verb:set package 'mypkg' build argument 'cmake_clean_first' from command line to 'False'
[3.408s] Level 5:colcon.colcon_core.verb:set package 'mypkg' build argument 'cmake_force_configure' from command line to 'False'
[3.408s] Level 5:colcon.colcon_core.verb:set package 'mypkg' build argument 'ament_cmake_args' from command line to 'None'
[3.409s] Level 5:colcon.colcon_core.verb:set package 'mypkg' build argument 'catkin_cmake_args' from command line to 'None'
[3.409s] Level 5:colcon.colcon_core.verb:set package 'mypkg' build argument 'catkin_skip_building_tests' from command line to 'False'
[3.409s] DEBUG:colcon.colcon_core.verb:Building package 'mypkg' with the following arguments: {'ament_cmake_args': None, 'build_base': '/home/akira/ros2_2023/ros2_ws/build/mypkg', 'catkin_cmake_args': None, 'catkin_skip_building_tests': False, 'cmake_args': None, 'cmake_clean_cache': False, 'cmake_clean_first': False, 'cmake_force_configure': False, 'cmake_target': None, 'cmake_target_skip_unavailable': False, 'install_base': '/home/akira/ros2_2023/ros2_ws/install/mypkg', 'merge_install': False, 'path': '/home/akira/ros2_2023/ros2_ws/src/mypkg', 'symlink_install': False, 'test_result_base': None}
[3.454s] Level 5:colcon.colcon_core.verb:set package 'person_msgs' build argument 'cmake_args' from command line to 'None'
[3.454s] Level 5:colcon.colcon_core.verb:set package 'person_msgs' build argument 'cmake_target' from command line to 'None'
[3.454s] Level 5:colcon.colcon_core.verb:set package 'person_msgs' build argument 'cmake_target_skip_unavailable' from command line to 'False'
[3.454s] Level 5:colcon.colcon_core.verb:set package 'person_msgs' build argument 'cmake_clean_cache' from command line to 'False'
[3.454s] Level 5:colcon.colcon_core.verb:set package 'person_msgs' build argument 'cmake_clean_first' from command line to 'False'
[3.454s] Level 5:colcon.colcon_core.verb:set package 'person_msgs' build argument 'cmake_force_configure' from command line to 'False'
[3.454s] Level 5:colcon.colcon_core.verb:set package 'person_msgs' build argument 'ament_cmake_args' from command line to 'None'
[3.454s] Level 5:colcon.colcon_core.verb:set package 'person_msgs' build argument 'catkin_cmake_args' from command line to 'None'
[3.454s] Level 5:colcon.colcon_core.verb:set package 'person_msgs' build argument 'catkin_skip_building_tests' from command line to 'False'
[3.454s] DEBUG:colcon.colcon_core.verb:Building package 'person_msgs' with the following arguments: {'ament_cmake_args': None, 'build_base': '/home/akira/ros2_2023/ros2_ws/build/person_msgs', 'catkin_cmake_args': None, 'catkin_skip_building_tests': False, 'cmake_args': None, 'cmake_clean_cache': False, 'cmake_clean_first': False, 'cmake_force_configure': False, 'cmake_target': None, 'cmake_target_skip_unavailable': False, 'install_base': '/home/akira/ros2_2023/ros2_ws/install/person_msgs', 'merge_install': False, 'path': '/home/akira/ros2_2023/ros2_ws/src/person_msgs', 'symlink_install': False, 'test_result_base': None}
[3.495s] INFO:colcon.colcon_core.executor:Executing jobs using 'parallel' executor
[3.539s] DEBUG:colcon.colcon_parallel_executor.executor.parallel:run_until_complete
[3.539s] INFO:colcon.colcon_ros.task.ament_python.build:Building ROS package in '/home/akira/ros2_2023/ros2_ws/src/mypkg' with build type 'ament_python'
[3.540s] Level 1:colcon.colcon_core.shell:create_environment_hook('mypkg', 'ament_prefix_path')
[3.598s] INFO:colcon.colcon_core.plugin_system:Skipping extension 'colcon_core.shell.bat': Not used on non-Windows systems
[3.599s] INFO:colcon.colcon_core.shell:Creating environment hook '/home/akira/ros2_2023/ros2_ws/install/mypkg/share/mypkg/hook/ament_prefix_path.ps1'
[3.599s] INFO:colcon.colcon_core.shell:Creating environment descriptor '/home/akira/ros2_2023/ros2_ws/install/mypkg/share/mypkg/hook/ament_prefix_path.dsv'
[3.600s] INFO:colcon.colcon_core.shell:Creating environment hook '/home/akira/ros2_2023/ros2_ws/install/mypkg/share/mypkg/hook/ament_prefix_path.sh'
[3.644s] INFO:colcon.colcon_core.shell:Skip shell extension 'powershell' for command environment: Not usable outside of PowerShell
[3.644s] DEBUG:colcon.colcon_core.shell:Skip shell extension 'dsv' for command environment
[3.777s] INFO:colcon.colcon_ros.task.ament_cmake.build:Building ROS package in '/home/akira/ros2_2023/ros2_ws/src/person_msgs' with build type 'ament_cmake'
[3.777s] INFO:colcon.colcon_cmake.task.cmake.build:Building CMake package in '/home/akira/ros2_2023/ros2_ws/src/person_msgs'
[3.823s] INFO:colcon.colcon_core.shell:Skip shell extension 'powershell' for command environment: Not usable outside of PowerShell
[3.823s] DEBUG:colcon.colcon_core.shell:Skip shell extension 'dsv' for command environment
[4.274s] INFO:colcon.colcon_core.task.python.build:Building Python package in '/home/akira/ros2_2023/ros2_ws/src/mypkg'
[4.317s] INFO:colcon.colcon_core.shell:Skip shell extension 'powershell' for command environment: Not usable outside of PowerShell
[4.317s] DEBUG:colcon.colcon_core.shell:Skip shell extension 'dsv' for command environment
[4.466s] DEBUG:colcon.colcon_core.event_handler.log_command:Invoking command in '/home/akira/ros2_2023/ros2_ws/build/person_msgs': CMAKE_PREFIX_PATH=${CMAKE_PREFIX_PATH}:/home/akira/ros2_2023/ros2_ws/install/mypkg:/opt/ros/foxy /usr/bin/cmake --build /home/akira/ros2_2023/ros2_ws/build/person_msgs -- -j16 -l16
[4.761s] DEBUG:colcon.colcon_core.event_handler.log_command:Invoked command in '/home/akira/ros2_2023/ros2_ws/build/person_msgs' returned '0': CMAKE_PREFIX_PATH=${CMAKE_PREFIX_PATH}:/home/akira/ros2_2023/ros2_ws/install/mypkg:/opt/ros/foxy /usr/bin/cmake --build /home/akira/ros2_2023/ros2_ws/build/person_msgs -- -j16 -l16
[4.861s] DEBUG:colcon.colcon_core.event_handler.log_command:Invoking command in '/home/akira/ros2_2023/ros2_ws/build/person_msgs': CMAKE_PREFIX_PATH=${CMAKE_PREFIX_PATH}:/home/akira/ros2_2023/ros2_ws/install/mypkg:/opt/ros/foxy /usr/bin/cmake --install /home/akira/ros2_2023/ros2_ws/build/person_msgs
[4.955s] Level 1:colcon.colcon_core.environment:create_environment_scripts_only(person_msgs)
[4.955s] DEBUG:colcon.colcon_core.event_handler.log_command:Invoked command in '/home/akira/ros2_2023/ros2_ws/build/person_msgs' returned '0': CMAKE_PREFIX_PATH=${CMAKE_PREFIX_PATH}:/home/akira/ros2_2023/ros2_ws/install/mypkg:/opt/ros/foxy /usr/bin/cmake --install /home/akira/ros2_2023/ros2_ws/build/person_msgs
[5.008s] Level 1:colcon.colcon_core.environment:checking '/home/akira/ros2_2023/ros2_ws/install/person_msgs' for CMake module files
[5.008s] Level 1:colcon.colcon_core.environment:checking '/home/akira/ros2_2023/ros2_ws/install/person_msgs' for CMake config files
[5.009s] Level 1:colcon.colcon_core.shell:create_environment_hook('person_msgs', 'cmake_prefix_path')
[5.052s] INFO:colcon.colcon_core.shell:Creating environment hook '/home/akira/ros2_2023/ros2_ws/install/person_msgs/share/person_msgs/hook/cmake_prefix_path.ps1'
[5.053s] INFO:colcon.colcon_core.shell:Creating environment descriptor '/home/akira/ros2_2023/ros2_ws/install/person_msgs/share/person_msgs/hook/cmake_prefix_path.dsv'
[5.053s] INFO:colcon.colcon_core.shell:Creating environment hook '/home/akira/ros2_2023/ros2_ws/install/person_msgs/share/person_msgs/hook/cmake_prefix_path.sh'
[5.055s] Level 1:colcon.colcon_core.environment:checking '/home/akira/ros2_2023/ros2_ws/install/person_msgs/lib'
[5.055s] Level 1:colcon.colcon_core.shell:create_environment_hook('person_msgs', 'ld_library_path_lib')
[5.103s] INFO:colcon.colcon_core.shell:Creating environment hook '/home/akira/ros2_2023/ros2_ws/install/person_msgs/share/person_msgs/hook/ld_library_path_lib.ps1'
[5.103s] INFO:colcon.colcon_core.shell:Creating environment descriptor '/home/akira/ros2_2023/ros2_ws/install/person_msgs/share/person_msgs/hook/ld_library_path_lib.dsv'
[5.104s] INFO:colcon.colcon_core.shell:Creating environment hook '/home/akira/ros2_2023/ros2_ws/install/person_msgs/share/person_msgs/hook/ld_library_path_lib.sh'
[5.104s] Level 1:colcon.colcon_core.environment:checking '/home/akira/ros2_2023/ros2_ws/install/person_msgs/bin'
[5.104s] Level 1:colcon.colcon_core.environment:checking '/home/akira/ros2_2023/ros2_ws/install/person_msgs/lib/pkgconfig/person_msgs.pc'
[5.105s] Level 1:colcon.colcon_core.environment:checking '/home/akira/ros2_2023/ros2_ws/install/person_msgs/lib/python3.8/site-packages'
[5.105s] Level 1:colcon.colcon_core.shell:create_environment_hook('person_msgs', 'pythonpath')
[5.147s] INFO:colcon.colcon_core.shell:Creating environment hook '/home/akira/ros2_2023/ros2_ws/install/person_msgs/share/person_msgs/hook/pythonpath.ps1'
[5.148s] INFO:colcon.colcon_core.shell:Creating environment descriptor '/home/akira/ros2_2023/ros2_ws/install/person_msgs/share/person_msgs/hook/pythonpath.dsv'
[5.148s] INFO:colcon.colcon_core.shell:Creating environment hook '/home/akira/ros2_2023/ros2_ws/install/person_msgs/share/person_msgs/hook/pythonpath.sh'
[5.149s] Level 1:colcon.colcon_core.environment:checking '/home/akira/ros2_2023/ros2_ws/install/person_msgs/bin'
[5.194s] INFO:colcon.colcon_core.shell:Creating package script '/home/akira/ros2_2023/ros2_ws/install/person_msgs/share/person_msgs/package.ps1'
[5.196s] INFO:colcon.colcon_core.shell:Creating package descriptor '/home/akira/ros2_2023/ros2_ws/install/person_msgs/share/person_msgs/package.dsv'
[5.197s] INFO:colcon.colcon_core.shell:Creating package script '/home/akira/ros2_2023/ros2_ws/install/person_msgs/share/person_msgs/package.sh'
[5.198s] INFO:colcon.colcon_core.shell:Creating package script '/home/akira/ros2_2023/ros2_ws/install/person_msgs/share/person_msgs/package.bash'
[5.199s] INFO:colcon.colcon_core.shell:Creating package script '/home/akira/ros2_2023/ros2_ws/install/person_msgs/share/person_msgs/package.zsh'
[5.200s] Level 1:colcon.colcon_core.environment:create_file_with_runtime_dependencies(/home/akira/ros2_2023/ros2_ws/install/person_msgs/share/colcon-core/packages/person_msgs)
[5.211s] DEBUG:colcon.colcon_core.event_handler.log_command:Invoking command in '/home/akira/ros2_2023/ros2_ws/src/mypkg': PYTHONPATH=/home/akira/ros2_2023/ros2_ws/build/mypkg/prefix_override:/home/akira/ros2_2023/ros2_ws/install/mypkg/lib/python3.8/site-packages:${PYTHONPATH} /usr/bin/python3 setup.py egg_info --egg-base ../../build/mypkg build --build-base /home/akira/ros2_2023/ros2_ws/build/mypkg/build install --record /home/akira/ros2_2023/ros2_ws/build/mypkg/install.log --install-scripts $base/lib/mypkg --single-version-externally-managed
[5.345s] Level 1:colcon.colcon_core.environment:create_environment_scripts_only(person_msgs)
[5.385s] Level 1:colcon.colcon_core.environment:checking '/home/akira/ros2_2023/ros2_ws/install/person_msgs' for CMake module files
[5.386s] Level 1:colcon.colcon_core.environment:checking '/home/akira/ros2_2023/ros2_ws/install/person_msgs' for CMake config files
[5.387s] Level 1:colcon.colcon_core.shell:create_environment_hook('person_msgs', 'cmake_prefix_path')
[5.431s] INFO:colcon.colcon_core.shell:Creating environment hook '/home/akira/ros2_2023/ros2_ws/install/person_msgs/share/person_msgs/hook/cmake_prefix_path.ps1'
[5.432s] INFO:colcon.colcon_core.shell:Creating environment descriptor '/home/akira/ros2_2023/ros2_ws/install/person_msgs/share/person_msgs/hook/cmake_prefix_path.dsv'
[5.432s] INFO:colcon.colcon_core.shell:Creating environment hook '/home/akira/ros2_2023/ros2_ws/install/person_msgs/share/person_msgs/hook/cmake_prefix_path.sh'
[5.433s] Level 1:colcon.colcon_core.environment:checking '/home/akira/ros2_2023/ros2_ws/install/person_msgs/lib'
[5.434s] Level 1:colcon.colcon_core.shell:create_environment_hook('person_msgs', 'ld_library_path_lib')
[5.486s] INFO:colcon.colcon_core.shell:Creating environment hook '/home/akira/ros2_2023/ros2_ws/install/person_msgs/share/person_msgs/hook/ld_library_path_lib.ps1'
[5.487s] INFO:colcon.colcon_core.shell:Creating environment descriptor '/home/akira/ros2_2023/ros2_ws/install/person_msgs/share/person_msgs/hook/ld_library_path_lib.dsv'
[5.487s] INFO:colcon.colcon_core.shell:Creating environment hook '/home/akira/ros2_2023/ros2_ws/install/person_msgs/share/person_msgs/hook/ld_library_path_lib.sh'
[5.488s] Level 1:colcon.colcon_core.environment:checking '/home/akira/ros2_2023/ros2_ws/install/person_msgs/bin'
[5.488s] Level 1:colcon.colcon_core.environment:checking '/home/akira/ros2_2023/ros2_ws/install/person_msgs/lib/pkgconfig/person_msgs.pc'
[5.488s] Level 1:colcon.colcon_core.environment:checking '/home/akira/ros2_2023/ros2_ws/install/person_msgs/lib/python3.8/site-packages'
[5.489s] Level 1:colcon.colcon_core.shell:create_environment_hook('person_msgs', 'pythonpath')
[5.539s] INFO:colcon.colcon_core.shell:Creating environment hook '/home/akira/ros2_2023/ros2_ws/install/person_msgs/share/person_msgs/hook/pythonpath.ps1'
[5.540s] INFO:colcon.colcon_core.shell:Creating environment descriptor '/home/akira/ros2_2023/ros2_ws/install/person_msgs/share/person_msgs/hook/pythonpath.dsv'
[5.540s] INFO:colcon.colcon_core.shell:Creating environment hook '/home/akira/ros2_2023/ros2_ws/install/person_msgs/share/person_msgs/hook/pythonpath.sh'
[5.541s] Level 1:colcon.colcon_core.environment:checking '/home/akira/ros2_2023/ros2_ws/install/person_msgs/bin'
[5.593s] INFO:colcon.colcon_core.shell:Creating package script '/home/akira/ros2_2023/ros2_ws/install/person_msgs/share/person_msgs/package.ps1'
[5.597s] INFO:colcon.colcon_core.shell:Creating package descriptor '/home/akira/ros2_2023/ros2_ws/install/person_msgs/share/person_msgs/package.dsv'
[5.601s] INFO:colcon.colcon_core.shell:Creating package script '/home/akira/ros2_2023/ros2_ws/install/person_msgs/share/person_msgs/package.sh'
[5.603s] INFO:colcon.colcon_core.shell:Creating package script '/home/akira/ros2_2023/ros2_ws/install/person_msgs/share/person_msgs/package.bash'
[5.604s] INFO:colcon.colcon_core.shell:Creating package script '/home/akira/ros2_2023/ros2_ws/install/person_msgs/share/person_msgs/package.zsh'
[5.604s] Level 1:colcon.colcon_core.environment:create_file_with_runtime_dependencies(/home/akira/ros2_2023/ros2_ws/install/person_msgs/share/colcon-core/packages/person_msgs)
[5.629s] DEBUG:colcon.colcon_core.event_handler.log_command:Invoked command in '/home/akira/ros2_2023/ros2_ws/src/mypkg' returned '0': PYTHONPATH=/home/akira/ros2_2023/ros2_ws/build/mypkg/prefix_override:/home/akira/ros2_2023/ros2_ws/install/mypkg/lib/python3.8/site-packages:${PYTHONPATH} /usr/bin/python3 setup.py egg_info --egg-base ../../build/mypkg build --build-base /home/akira/ros2_2023/ros2_ws/build/mypkg/build install --record /home/akira/ros2_2023/ros2_ws/build/mypkg/install.log --install-scripts $base/lib/mypkg --single-version-externally-managed
[5.672s] Level 1:colcon.colcon_core.environment:checking '/home/akira/ros2_2023/ros2_ws/install/mypkg' for CMake module files
[5.673s] Level 1:colcon.colcon_core.environment:checking '/home/akira/ros2_2023/ros2_ws/install/mypkg' for CMake config files
[5.674s] Level 1:colcon.colcon_core.environment:checking '/home/akira/ros2_2023/ros2_ws/install/mypkg/lib'
[5.674s] Level 1:colcon.colcon_core.environment:checking '/home/akira/ros2_2023/ros2_ws/install/mypkg/bin'
[5.674s] Level 1:colcon.colcon_core.environment:checking '/home/akira/ros2_2023/ros2_ws/install/mypkg/lib/pkgconfig/mypkg.pc'
[5.674s] Level 1:colcon.colcon_core.environment:checking '/home/akira/ros2_2023/ros2_ws/install/mypkg/lib/python3.8/site-packages'
[5.674s] Level 1:colcon.colcon_core.shell:create_environment_hook('mypkg', 'pythonpath')
[5.719s] INFO:colcon.colcon_core.shell:Creating environment hook '/home/akira/ros2_2023/ros2_ws/install/mypkg/share/mypkg/hook/pythonpath.ps1'
[5.720s] INFO:colcon.colcon_core.shell:Creating environment descriptor '/home/akira/ros2_2023/ros2_ws/install/mypkg/share/mypkg/hook/pythonpath.dsv'
[5.720s] INFO:colcon.colcon_core.shell:Creating environment hook '/home/akira/ros2_2023/ros2_ws/install/mypkg/share/mypkg/hook/pythonpath.sh'
[5.721s] Level 1:colcon.colcon_core.environment:checking '/home/akira/ros2_2023/ros2_ws/install/mypkg/bin'
[5.721s] Level 1:colcon.colcon_core.environment:create_environment_scripts_only(mypkg)
[5.762s] INFO:colcon.colcon_core.shell:Creating package script '/home/akira/ros2_2023/ros2_ws/install/mypkg/share/mypkg/package.ps1'
[5.763s] INFO:colcon.colcon_core.shell:Creating package descriptor '/home/akira/ros2_2023/ros2_ws/install/mypkg/share/mypkg/package.dsv'
[5.764s] INFO:colcon.colcon_core.shell:Creating package script '/home/akira/ros2_2023/ros2_ws/install/mypkg/share/mypkg/package.sh'
[5.764s] INFO:colcon.colcon_core.shell:Creating package script '/home/akira/ros2_2023/ros2_ws/install/mypkg/share/mypkg/package.bash'
[5.765s] INFO:colcon.colcon_core.shell:Creating package script '/home/akira/ros2_2023/ros2_ws/install/mypkg/share/mypkg/package.zsh'
[5.765s] Level 1:colcon.colcon_core.environment:create_file_with_runtime_dependencies(/home/akira/ros2_2023/ros2_ws/install/mypkg/share/colcon-core/packages/mypkg)
[5.766s] DEBUG:colcon.colcon_parallel_executor.executor.parallel:closing loop
[5.767s] DEBUG:colcon.colcon_parallel_executor.executor.parallel:loop closed
[5.767s] DEBUG:colcon.colcon_parallel_executor.executor.parallel:run_until_complete finished with '0'
[5.767s] DEBUG:colcon.colcon_core.event_reactor:joining thread
[5.894s] INFO:colcon.colcon_core.plugin_system:Skipping extension 'colcon_notification.desktop_notification.notify_send': Could not find 'notify-send'
[5.894s] INFO:colcon.colcon_core.plugin_system:Skipping extension 'colcon_notification.desktop_notification.terminal_notifier': Not used on non-Darwin systems
[5.894s] INFO:colcon.colcon_core.plugin_system:Skipping extension 'colcon_notification.desktop_notification.win32': Not used on non-Windows systems
[5.894s] INFO:colcon.colcon_notification.desktop_notification:Sending desktop notification using 'notify2'
[5.901s] DEBUG:colcon.colcon_notification.desktop_notification.notify2:Failed to initialize notify2: org.freedesktop.DBus.Error.ServiceUnknown: The name org.freedesktop.Notifications was not provided by any .service files
[5.902s] DEBUG:colcon.colcon_core.event_reactor:joined thread
[5.944s] INFO:colcon.colcon_core.shell:Creating prefix script '/home/akira/ros2_2023/ros2_ws/install/local_setup.ps1'
[5.945s] INFO:colcon.colcon_core.shell:Creating prefix util module '/home/akira/ros2_2023/ros2_ws/install/_local_setup_util_ps1.py'
[5.948s] INFO:colcon.colcon_core.shell:Creating prefix chain script '/home/akira/ros2_2023/ros2_ws/install/setup.ps1'
[5.995s] INFO:colcon.colcon_core.shell:Creating prefix script '/home/akira/ros2_2023/ros2_ws/install/local_setup.sh'
[5.996s] INFO:colcon.colcon_core.shell:Creating prefix util module '/home/akira/ros2_2023/ros2_ws/install/_local_setup_util_sh.py'
[5.997s] INFO:colcon.colcon_core.shell:Creating prefix chain script '/home/akira/ros2_2023/ros2_ws/install/setup.sh'
[6.041s] INFO:colcon.colcon_core.shell:Creating prefix script '/home/akira/ros2_2023/ros2_ws/install/local_setup.bash'
[6.042s] INFO:colcon.colcon_core.shell:Creating prefix chain script '/home/akira/ros2_2023/ros2_ws/install/setup.bash'
[6.100s] INFO:colcon.colcon_core.shell:Creating prefix script '/home/akira/ros2_2023/ros2_ws/install/local_setup.zsh'
[6.100s] INFO:colcon.colcon_core.shell:Creating prefix chain script '/home/akira/ros2_2023/ros2_ws/install/setup.zsh'
