[2.710s] DEBUG:colcon:Command line arguments: ['/usr/bin/colcon', 'build']
[2.710s] DEBUG:colcon:Parsed command line arguments: Namespace(allow_overriding=[], ament_cmake_args=None, base_paths=['.'], build_base='build', catkin_cmake_args=None, catkin_skip_building_tests=False, cmake_args=None, cmake_clean_cache=False, cmake_clean_first=False, cmake_force_configure=False, cmake_target=None, cmake_target_skip_unavailable=False, continue_on_error=False, event_handlers=None, executor='parallel', ignore_user_meta=False, install_base='install', log_base=None, log_level=None, main=<bound method BuildVerb.main of <colcon_core.verb.build.BuildVerb object at 0x7f92ff327910>>, merge_install=False, metas=['./colcon.meta'], packages_above=None, packages_above_and_dependencies=None, packages_above_depth=None, packages_end=None, packages_ignore=None, packages_ignore_regex=None, packages_select=None, packages_select_build_failed=False, packages_select_by_dep=None, packages_select_regex=None, packages_select_test_failures=False, packages_skip=None, packages_skip_build_finished=False, packages_skip_by_dep=None, packages_skip_regex=None, packages_skip_test_passed=False, packages_skip_up_to=None, packages_start=None, packages_up_to=None, packages_up_to_regex=None, parallel_workers=16, paths=None, symlink_install=False, test_result_base=None, verb_extension=<colcon_core.verb.build.BuildVerb object at 0x7f92ff327910>, verb_name='build', verb_parser=<colcon_defaults.argument_parser.defaults.DefaultArgumentsDecorator object at 0x7f92fef3dbb0>)
[2.836s] Level 1:colcon.colcon_core.package_discovery:discover_packages(colcon_meta) check parameters
[2.836s] Level 1:colcon.colcon_core.package_discovery:discover_packages(recursive) check parameters
[2.836s] Level 1:colcon.colcon_core.package_discovery:discover_packages(ignore) check parameters
[2.836s] Level 1:colcon.colcon_core.package_discovery:discover_packages(path) check parameters
[2.836s] Level 1:colcon.colcon_core.package_discovery:discover_packages(colcon_meta) discover
[2.837s] Level 1:colcon.colcon_core.package_discovery:discover_packages(recursive) discover
[2.837s] INFO:colcon.colcon_core.package_discovery:Crawling recursively for packages in '/home/akira/ros2_2023/ros2_ws'
[2.837s] Level 1:colcon.colcon_core.package_identification:_identify(.) by extensions ['ignore', 'ignore_ament_install']
[2.837s] Level 1:colcon.colcon_core.package_identification:_identify(.) by extension 'ignore'
[2.837s] Level 1:colcon.colcon_core.package_identification:_identify(.) by extension 'ignore_ament_install'
[2.837s] Level 1:colcon.colcon_core.package_identification:_identify(.) by extensions ['colcon_pkg']
[2.837s] Level 1:colcon.colcon_core.package_identification:_identify(.) by extension 'colcon_pkg'
[2.837s] Level 1:colcon.colcon_core.package_identification:_identify(.) by extensions ['colcon_meta']
[2.837s] Level 1:colcon.colcon_core.package_identification:_identify(.) by extension 'colcon_meta'
[2.837s] Level 1:colcon.colcon_core.package_identification:_identify(.) by extensions ['ros']
[2.837s] Level 1:colcon.colcon_core.package_identification:_identify(.) by extension 'ros'
[2.854s] Level 1:colcon.colcon_core.package_identification:_identify(.) by extensions ['cmake', 'python']
[2.854s] Level 1:colcon.colcon_core.package_identification:_identify(.) by extension 'cmake'
[2.854s] Level 1:colcon.colcon_core.package_identification:_identify(.) by extension 'python'
[2.854s] Level 1:colcon.colcon_core.package_identification:_identify(.) by extensions ['python_setup_py']
[2.854s] Level 1:colcon.colcon_core.package_identification:_identify(.) by extension 'python_setup_py'
[2.855s] Level 1:colcon.colcon_core.package_identification:_identify(build) by extensions ['ignore', 'ignore_ament_install']
[2.855s] Level 1:colcon.colcon_core.package_identification:_identify(build) by extension 'ignore'
[2.855s] Level 1:colcon.colcon_core.package_identification:_identify(build) ignored
[2.855s] Level 1:colcon.colcon_core.package_identification:_identify(install) by extensions ['ignore', 'ignore_ament_install']
[2.855s] Level 1:colcon.colcon_core.package_identification:_identify(install) by extension 'ignore'
[2.855s] Level 1:colcon.colcon_core.package_identification:_identify(install) ignored
[2.855s] Level 1:colcon.colcon_core.package_identification:_identify(log) by extensions ['ignore', 'ignore_ament_install']
[2.856s] Level 1:colcon.colcon_core.package_identification:_identify(log) by extension 'ignore'
[2.856s] Level 1:colcon.colcon_core.package_identification:_identify(log) ignored
[2.856s] Level 1:colcon.colcon_core.package_identification:_identify(src) by extensions ['ignore', 'ignore_ament_install']
[2.856s] Level 1:colcon.colcon_core.package_identification:_identify(src) by extension 'ignore'
[2.856s] Level 1:colcon.colcon_core.package_identification:_identify(src) by extension 'ignore_ament_install'
[2.856s] Level 1:colcon.colcon_core.package_identification:_identify(src) by extensions ['colcon_pkg']
[2.856s] Level 1:colcon.colcon_core.package_identification:_identify(src) by extension 'colcon_pkg'
[2.856s] Level 1:colcon.colcon_core.package_identification:_identify(src) by extensions ['colcon_meta']
[2.856s] Level 1:colcon.colcon_core.package_identification:_identify(src) by extension 'colcon_meta'
[2.856s] Level 1:colcon.colcon_core.package_identification:_identify(src) by extensions ['ros']
[2.857s] Level 1:colcon.colcon_core.package_identification:_identify(src) by extension 'ros'
[2.857s] Level 1:colcon.colcon_core.package_identification:_identify(src) by extensions ['cmake', 'python']
[2.857s] Level 1:colcon.colcon_core.package_identification:_identify(src) by extension 'cmake'
[2.857s] Level 1:colcon.colcon_core.package_identification:_identify(src) by extension 'python'
[2.857s] Level 1:colcon.colcon_core.package_identification:_identify(src) by extensions ['python_setup_py']
[2.857s] Level 1:colcon.colcon_core.package_identification:_identify(src) by extension 'python_setup_py'
[2.857s] Level 1:colcon.colcon_core.package_identification:_identify(src/mypkg) by extensions ['ignore', 'ignore_ament_install']
[2.858s] Level 1:colcon.colcon_core.package_identification:_identify(src/mypkg) by extension 'ignore'
[2.858s] Level 1:colcon.colcon_core.package_identification:_identify(src/mypkg) by extension 'ignore_ament_install'
[2.858s] Level 1:colcon.colcon_core.package_identification:_identify(src/mypkg) by extensions ['colcon_pkg']
[2.858s] Level 1:colcon.colcon_core.package_identification:_identify(src/mypkg) by extension 'colcon_pkg'
[2.858s] Level 1:colcon.colcon_core.package_identification:_identify(src/mypkg) by extensions ['colcon_meta']
[2.858s] Level 1:colcon.colcon_core.package_identification:_identify(src/mypkg) by extension 'colcon_meta'
[2.858s] Level 1:colcon.colcon_core.package_identification:_identify(src/mypkg) by extensions ['ros']
[2.858s] Level 1:colcon.colcon_core.package_identification:_identify(src/mypkg) by extension 'ros'
[2.862s] DEBUG:colcon.colcon_core.package_identification:Package 'src/mypkg' with type 'ros.ament_python' and name 'mypkg'
[2.862s] Level 1:colcon.colcon_core.package_identification:_identify(src/person_msgs) by extensions ['ignore', 'ignore_ament_install']
[2.862s] Level 1:colcon.colcon_core.package_identification:_identify(src/person_msgs) by extension 'ignore'
[2.862s] Level 1:colcon.colcon_core.package_identification:_identify(src/person_msgs) by extension 'ignore_ament_install'
[2.862s] Level 1:colcon.colcon_core.package_identification:_identify(src/person_msgs) by extensions ['colcon_pkg']
[2.862s] Level 1:colcon.colcon_core.package_identification:_identify(src/person_msgs) by extension 'colcon_pkg'
[2.862s] Level 1:colcon.colcon_core.package_identification:_identify(src/person_msgs) by extensions ['colcon_meta']
[2.863s] Level 1:colcon.colcon_core.package_identification:_identify(src/person_msgs) by extension 'colcon_meta'
[2.863s] Level 1:colcon.colcon_core.package_identification:_identify(src/person_msgs) by extensions ['ros']
[2.863s] Level 1:colcon.colcon_core.package_identification:_identify(src/person_msgs) by extension 'ros'
[2.863s] DEBUG:colcon.colcon_core.package_identification:Package 'src/person_msgs' with type 'ros.ament_cmake' and name 'person_msgs'
[2.863s] Level 1:colcon.colcon_core.package_discovery:discover_packages(recursive) using defaults
[2.864s] Level 1:colcon.colcon_core.package_discovery:discover_packages(ignore) discover
[2.864s] Level 1:colcon.colcon_core.package_discovery:discover_packages(ignore) using defaults
[2.864s] Level 1:colcon.colcon_core.package_discovery:discover_packages(path) discover
[2.864s] Level 1:colcon.colcon_core.package_discovery:discover_packages(path) using defaults
[3.101s] Level 1:colcon.colcon_core.package_discovery:discover_packages(prefix_path) check parameters
[3.102s] Level 1:colcon.colcon_core.package_discovery:discover_packages(prefix_path) discover
[3.187s] DEBUG:colcon.colcon_installed_package_information.package_discovery:Found 2 installed packages in /home/akira/ros2_2023/ros2_ws/install
[3.228s] DEBUG:colcon.colcon_installed_package_information.package_discovery:Found 168 installed packages in /opt/ros/foxy
[3.229s] Level 1:colcon.colcon_core.package_discovery:discover_packages(prefix_path) using defaults
[3.382s] Level 5:colcon.colcon_core.verb:set package 'mypkg' build argument 'cmake_args' from command line to 'None'
[3.382s] Level 5:colcon.colcon_core.verb:set package 'mypkg' build argument 'cmake_target' from command line to 'None'
[3.382s] Level 5:colcon.colcon_core.verb:set package 'mypkg' build argument 'cmake_target_skip_unavailable' from command line to 'False'
[3.382s] Level 5:colcon.colcon_core.verb:set package 'mypkg' build argument 'cmake_clean_cache' from command line to 'False'
[3.382s] Level 5:colcon.colcon_core.verb:set package 'mypkg' build argument 'cmake_clean_first' from command line to 'False'
[3.382s] Level 5:colcon.colcon_core.verb:set package 'mypkg' build argument 'cmake_force_configure' from command line to 'False'
[3.382s] Level 5:colcon.colcon_core.verb:set package 'mypkg' build argument 'ament_cmake_args' from command line to 'None'
[3.382s] Level 5:colcon.colcon_core.verb:set package 'mypkg' build argument 'catkin_cmake_args' from command line to 'None'
[3.382s] Level 5:colcon.colcon_core.verb:set package 'mypkg' build argument 'catkin_skip_building_tests' from command line to 'False'
[3.382s] DEBUG:colcon.colcon_core.verb:Building package 'mypkg' with the following arguments: {'ament_cmake_args': None, 'build_base': '/home/akira/ros2_2023/ros2_ws/build/mypkg', 'catkin_cmake_args': None, 'catkin_skip_building_tests': False, 'cmake_args': None, 'cmake_clean_cache': False, 'cmake_clean_first': False, 'cmake_force_configure': False, 'cmake_target': None, 'cmake_target_skip_unavailable': False, 'install_base': '/home/akira/ros2_2023/ros2_ws/install/mypkg', 'merge_install': False, 'path': '/home/akira/ros2_2023/ros2_ws/src/mypkg', 'symlink_install': False, 'test_result_base': None}
[3.423s] Level 5:colcon.colcon_core.verb:set package 'person_msgs' build argument 'cmake_args' from command line to 'None'
[3.423s] Level 5:colcon.colcon_core.verb:set package 'person_msgs' build argument 'cmake_target' from command line to 'None'
[3.423s] Level 5:colcon.colcon_core.verb:set package 'person_msgs' build argument 'cmake_target_skip_unavailable' from command line to 'False'
[3.423s] Level 5:colcon.colcon_core.verb:set package 'person_msgs' build argument 'cmake_clean_cache' from command line to 'False'
[3.423s] Level 5:colcon.colcon_core.verb:set package 'person_msgs' build argument 'cmake_clean_first' from command line to 'False'
[3.423s] Level 5:colcon.colcon_core.verb:set package 'person_msgs' build argument 'cmake_force_configure' from command line to 'False'
[3.423s] Level 5:colcon.colcon_core.verb:set package 'person_msgs' build argument 'ament_cmake_args' from command line to 'None'
[3.423s] Level 5:colcon.colcon_core.verb:set package 'person_msgs' build argument 'catkin_cmake_args' from command line to 'None'
[3.423s] Level 5:colcon.colcon_core.verb:set package 'person_msgs' build argument 'catkin_skip_building_tests' from command line to 'False'
[3.423s] DEBUG:colcon.colcon_core.verb:Building package 'person_msgs' with the following arguments: {'ament_cmake_args': None, 'build_base': '/home/akira/ros2_2023/ros2_ws/build/person_msgs', 'catkin_cmake_args': None, 'catkin_skip_building_tests': False, 'cmake_args': None, 'cmake_clean_cache': False, 'cmake_clean_first': False, 'cmake_force_configure': False, 'cmake_target': None, 'cmake_target_skip_unavailable': False, 'install_base': '/home/akira/ros2_2023/ros2_ws/install/person_msgs', 'merge_install': False, 'path': '/home/akira/ros2_2023/ros2_ws/src/person_msgs', 'symlink_install': False, 'test_result_base': None}
[3.463s] INFO:colcon.colcon_core.executor:Executing jobs using 'parallel' executor
[3.504s] DEBUG:colcon.colcon_parallel_executor.executor.parallel:run_until_complete
[3.504s] INFO:colcon.colcon_ros.task.ament_python.build:Building ROS package in '/home/akira/ros2_2023/ros2_ws/src/mypkg' with build type 'ament_python'
[3.504s] Level 1:colcon.colcon_core.shell:create_environment_hook('mypkg', 'ament_prefix_path')
[3.562s] INFO:colcon.colcon_core.plugin_system:Skipping extension 'colcon_core.shell.bat': Not used on non-Windows systems
[3.563s] INFO:colcon.colcon_core.shell:Creating environment hook '/home/akira/ros2_2023/ros2_ws/install/mypkg/share/mypkg/hook/ament_prefix_path.ps1'
[3.564s] INFO:colcon.colcon_core.shell:Creating environment descriptor '/home/akira/ros2_2023/ros2_ws/install/mypkg/share/mypkg/hook/ament_prefix_path.dsv'
[3.565s] INFO:colcon.colcon_core.shell:Creating environment hook '/home/akira/ros2_2023/ros2_ws/install/mypkg/share/mypkg/hook/ament_prefix_path.sh'
[3.617s] INFO:colcon.colcon_core.shell:Skip shell extension 'powershell' for command environment: Not usable outside of PowerShell
[3.617s] DEBUG:colcon.colcon_core.shell:Skip shell extension 'dsv' for command environment
[3.751s] INFO:colcon.colcon_ros.task.ament_cmake.build:Building ROS package in '/home/akira/ros2_2023/ros2_ws/src/person_msgs' with build type 'ament_cmake'
[3.752s] INFO:colcon.colcon_cmake.task.cmake.build:Building CMake package in '/home/akira/ros2_2023/ros2_ws/src/person_msgs'
[3.801s] INFO:colcon.colcon_core.shell:Skip shell extension 'powershell' for command environment: Not usable outside of PowerShell
[3.801s] DEBUG:colcon.colcon_core.shell:Skip shell extension 'dsv' for command environment
[4.224s] INFO:colcon.colcon_core.task.python.build:Building Python package in '/home/akira/ros2_2023/ros2_ws/src/mypkg'
[4.270s] INFO:colcon.colcon_core.shell:Skip shell extension 'powershell' for command environment: Not usable outside of PowerShell
[4.270s] DEBUG:colcon.colcon_core.shell:Skip shell extension 'dsv' for command environment
[4.417s] DEBUG:colcon.colcon_core.event_handler.log_command:Invoking command in '/home/akira/ros2_2023/ros2_ws/build/person_msgs': CMAKE_PREFIX_PATH=${CMAKE_PREFIX_PATH}:/home/akira/ros2_2023/ros2_ws/install/mypkg:/opt/ros/foxy /usr/bin/cmake --build /home/akira/ros2_2023/ros2_ws/build/person_msgs -- -j16 -l16
[4.968s] DEBUG:colcon.colcon_core.event_handler.log_command:Invoking command in '/home/akira/ros2_2023/ros2_ws/src/mypkg': PYTHONPATH=/home/akira/ros2_2023/ros2_ws/build/mypkg/prefix_override:/home/akira/ros2_2023/ros2_ws/install/mypkg/lib/python3.8/site-packages:${PYTHONPATH} /usr/bin/python3 setup.py egg_info --egg-base ../../build/mypkg build --build-base /home/akira/ros2_2023/ros2_ws/build/mypkg/build install --record /home/akira/ros2_2023/ros2_ws/build/mypkg/install.log --install-scripts $base/lib/mypkg --single-version-externally-managed
[5.441s] DEBUG:colcon.colcon_core.event_handler.log_command:Invoked command in '/home/akira/ros2_2023/ros2_ws/src/mypkg' returned '0': PYTHONPATH=/home/akira/ros2_2023/ros2_ws/build/mypkg/prefix_override:/home/akira/ros2_2023/ros2_ws/install/mypkg/lib/python3.8/site-packages:${PYTHONPATH} /usr/bin/python3 setup.py egg_info --egg-base ../../build/mypkg build --build-base /home/akira/ros2_2023/ros2_ws/build/mypkg/build install --record /home/akira/ros2_2023/ros2_ws/build/mypkg/install.log --install-scripts $base/lib/mypkg --single-version-externally-managed
[5.500s] Level 1:colcon.colcon_core.environment:checking '/home/akira/ros2_2023/ros2_ws/install/mypkg' for CMake module files
[5.501s] Level 1:colcon.colcon_core.environment:checking '/home/akira/ros2_2023/ros2_ws/install/mypkg' for CMake config files
[5.502s] Level 1:colcon.colcon_core.environment:checking '/home/akira/ros2_2023/ros2_ws/install/mypkg/lib'
[5.502s] Level 1:colcon.colcon_core.environment:checking '/home/akira/ros2_2023/ros2_ws/install/mypkg/bin'
[5.502s] Level 1:colcon.colcon_core.environment:checking '/home/akira/ros2_2023/ros2_ws/install/mypkg/lib/pkgconfig/mypkg.pc'
[5.502s] Level 1:colcon.colcon_core.environment:checking '/home/akira/ros2_2023/ros2_ws/install/mypkg/lib/python3.8/site-packages'
[5.503s] Level 1:colcon.colcon_core.shell:create_environment_hook('mypkg', 'pythonpath')
[5.551s] INFO:colcon.colcon_core.shell:Creating environment hook '/home/akira/ros2_2023/ros2_ws/install/mypkg/share/mypkg/hook/pythonpath.ps1'
[5.552s] INFO:colcon.colcon_core.shell:Creating environment descriptor '/home/akira/ros2_2023/ros2_ws/install/mypkg/share/mypkg/hook/pythonpath.dsv'
[5.552s] INFO:colcon.colcon_core.shell:Creating environment hook '/home/akira/ros2_2023/ros2_ws/install/mypkg/share/mypkg/hook/pythonpath.sh'
[5.553s] Level 1:colcon.colcon_core.environment:checking '/home/akira/ros2_2023/ros2_ws/install/mypkg/bin'
[5.553s] Level 1:colcon.colcon_core.environment:create_environment_scripts_only(mypkg)
[5.602s] INFO:colcon.colcon_core.shell:Creating package script '/home/akira/ros2_2023/ros2_ws/install/mypkg/share/mypkg/package.ps1'
[5.604s] INFO:colcon.colcon_core.shell:Creating package descriptor '/home/akira/ros2_2023/ros2_ws/install/mypkg/share/mypkg/package.dsv'
[5.605s] INFO:colcon.colcon_core.shell:Creating package script '/home/akira/ros2_2023/ros2_ws/install/mypkg/share/mypkg/package.sh'
[5.606s] INFO:colcon.colcon_core.shell:Creating package script '/home/akira/ros2_2023/ros2_ws/install/mypkg/share/mypkg/package.bash'
[5.607s] INFO:colcon.colcon_core.shell:Creating package script '/home/akira/ros2_2023/ros2_ws/install/mypkg/share/mypkg/package.zsh'
[5.608s] Level 1:colcon.colcon_core.environment:create_file_with_runtime_dependencies(/home/akira/ros2_2023/ros2_ws/install/mypkg/share/colcon-core/packages/mypkg)
[21.021s] DEBUG:colcon.colcon_core.event_handler.log_command:Invoked command in '/home/akira/ros2_2023/ros2_ws/build/person_msgs' returned '0': CMAKE_PREFIX_PATH=${CMAKE_PREFIX_PATH}:/home/akira/ros2_2023/ros2_ws/install/mypkg:/opt/ros/foxy /usr/bin/cmake --build /home/akira/ros2_2023/ros2_ws/build/person_msgs -- -j16 -l16
[21.103s] DEBUG:colcon.colcon_core.event_handler.log_command:Invoking command in '/home/akira/ros2_2023/ros2_ws/build/person_msgs': CMAKE_PREFIX_PATH=${CMAKE_PREFIX_PATH}:/home/akira/ros2_2023/ros2_ws/install/mypkg:/opt/ros/foxy /usr/bin/cmake --install /home/akira/ros2_2023/ros2_ws/build/person_msgs
[21.195s] Level 1:colcon.colcon_core.environment:create_environment_scripts_only(person_msgs)
[21.196s] DEBUG:colcon.colcon_core.event_handler.log_command:Invoked command in '/home/akira/ros2_2023/ros2_ws/build/person_msgs' returned '0': CMAKE_PREFIX_PATH=${CMAKE_PREFIX_PATH}:/home/akira/ros2_2023/ros2_ws/install/mypkg:/opt/ros/foxy /usr/bin/cmake --install /home/akira/ros2_2023/ros2_ws/build/person_msgs
[21.244s] Level 1:colcon.colcon_core.environment:checking '/home/akira/ros2_2023/ros2_ws/install/person_msgs' for CMake module files
[21.245s] Level 1:colcon.colcon_core.environment:checking '/home/akira/ros2_2023/ros2_ws/install/person_msgs' for CMake config files
[21.246s] Level 1:colcon.colcon_core.shell:create_environment_hook('person_msgs', 'cmake_prefix_path')
[21.289s] INFO:colcon.colcon_core.shell:Creating environment hook '/home/akira/ros2_2023/ros2_ws/install/person_msgs/share/person_msgs/hook/cmake_prefix_path.ps1'
[21.290s] INFO:colcon.colcon_core.shell:Creating environment descriptor '/home/akira/ros2_2023/ros2_ws/install/person_msgs/share/person_msgs/hook/cmake_prefix_path.dsv'
[21.291s] INFO:colcon.colcon_core.shell:Creating environment hook '/home/akira/ros2_2023/ros2_ws/install/person_msgs/share/person_msgs/hook/cmake_prefix_path.sh'
[21.292s] Level 1:colcon.colcon_core.environment:checking '/home/akira/ros2_2023/ros2_ws/install/person_msgs/lib'
[21.292s] Level 1:colcon.colcon_core.shell:create_environment_hook('person_msgs', 'ld_library_path_lib')
[21.341s] INFO:colcon.colcon_core.shell:Creating environment hook '/home/akira/ros2_2023/ros2_ws/install/person_msgs/share/person_msgs/hook/ld_library_path_lib.ps1'
[21.342s] INFO:colcon.colcon_core.shell:Creating environment descriptor '/home/akira/ros2_2023/ros2_ws/install/person_msgs/share/person_msgs/hook/ld_library_path_lib.dsv'
[21.342s] INFO:colcon.colcon_core.shell:Creating environment hook '/home/akira/ros2_2023/ros2_ws/install/person_msgs/share/person_msgs/hook/ld_library_path_lib.sh'
[21.343s] Level 1:colcon.colcon_core.environment:checking '/home/akira/ros2_2023/ros2_ws/install/person_msgs/bin'
[21.343s] Level 1:colcon.colcon_core.environment:checking '/home/akira/ros2_2023/ros2_ws/install/person_msgs/lib/pkgconfig/person_msgs.pc'
[21.343s] Level 1:colcon.colcon_core.environment:checking '/home/akira/ros2_2023/ros2_ws/install/person_msgs/lib/python3.8/site-packages'
[21.343s] Level 1:colcon.colcon_core.shell:create_environment_hook('person_msgs', 'pythonpath')
[21.385s] INFO:colcon.colcon_core.shell:Creating environment hook '/home/akira/ros2_2023/ros2_ws/install/person_msgs/share/person_msgs/hook/pythonpath.ps1'
[21.386s] INFO:colcon.colcon_core.shell:Creating environment descriptor '/home/akira/ros2_2023/ros2_ws/install/person_msgs/share/person_msgs/hook/pythonpath.dsv'
[21.387s] INFO:colcon.colcon_core.shell:Creating environment hook '/home/akira/ros2_2023/ros2_ws/install/person_msgs/share/person_msgs/hook/pythonpath.sh'
[21.388s] Level 1:colcon.colcon_core.environment:checking '/home/akira/ros2_2023/ros2_ws/install/person_msgs/bin'
[21.431s] INFO:colcon.colcon_core.shell:Creating package script '/home/akira/ros2_2023/ros2_ws/install/person_msgs/share/person_msgs/package.ps1'
[21.432s] INFO:colcon.colcon_core.shell:Creating package descriptor '/home/akira/ros2_2023/ros2_ws/install/person_msgs/share/person_msgs/package.dsv'
[21.433s] INFO:colcon.colcon_core.shell:Creating package script '/home/akira/ros2_2023/ros2_ws/install/person_msgs/share/person_msgs/package.sh'
[21.434s] INFO:colcon.colcon_core.shell:Creating package script '/home/akira/ros2_2023/ros2_ws/install/person_msgs/share/person_msgs/package.bash'
[21.434s] INFO:colcon.colcon_core.shell:Creating package script '/home/akira/ros2_2023/ros2_ws/install/person_msgs/share/person_msgs/package.zsh'
[21.435s] Level 1:colcon.colcon_core.environment:create_file_with_runtime_dependencies(/home/akira/ros2_2023/ros2_ws/install/person_msgs/share/colcon-core/packages/person_msgs)
[21.548s] Level 1:colcon.colcon_core.environment:create_environment_scripts_only(person_msgs)
[21.593s] Level 1:colcon.colcon_core.environment:checking '/home/akira/ros2_2023/ros2_ws/install/person_msgs' for CMake module files
[21.594s] Level 1:colcon.colcon_core.environment:checking '/home/akira/ros2_2023/ros2_ws/install/person_msgs' for CMake config files
[21.595s] Level 1:colcon.colcon_core.shell:create_environment_hook('person_msgs', 'cmake_prefix_path')
[21.638s] INFO:colcon.colcon_core.shell:Creating environment hook '/home/akira/ros2_2023/ros2_ws/install/person_msgs/share/person_msgs/hook/cmake_prefix_path.ps1'
[21.640s] INFO:colcon.colcon_core.shell:Creating environment descriptor '/home/akira/ros2_2023/ros2_ws/install/person_msgs/share/person_msgs/hook/cmake_prefix_path.dsv'
[21.640s] INFO:colcon.colcon_core.shell:Creating environment hook '/home/akira/ros2_2023/ros2_ws/install/person_msgs/share/person_msgs/hook/cmake_prefix_path.sh'
[21.641s] Level 1:colcon.colcon_core.environment:checking '/home/akira/ros2_2023/ros2_ws/install/person_msgs/lib'
[21.642s] Level 1:colcon.colcon_core.shell:create_environment_hook('person_msgs', 'ld_library_path_lib')
[21.684s] INFO:colcon.colcon_core.shell:Creating environment hook '/home/akira/ros2_2023/ros2_ws/install/person_msgs/share/person_msgs/hook/ld_library_path_lib.ps1'
[21.685s] INFO:colcon.colcon_core.shell:Creating environment descriptor '/home/akira/ros2_2023/ros2_ws/install/person_msgs/share/person_msgs/hook/ld_library_path_lib.dsv'
[21.685s] INFO:colcon.colcon_core.shell:Creating environment hook '/home/akira/ros2_2023/ros2_ws/install/person_msgs/share/person_msgs/hook/ld_library_path_lib.sh'
[21.687s] Level 1:colcon.colcon_core.environment:checking '/home/akira/ros2_2023/ros2_ws/install/person_msgs/bin'
[21.687s] Level 1:colcon.colcon_core.environment:checking '/home/akira/ros2_2023/ros2_ws/install/person_msgs/lib/pkgconfig/person_msgs.pc'
[21.687s] Level 1:colcon.colcon_core.environment:checking '/home/akira/ros2_2023/ros2_ws/install/person_msgs/lib/python3.8/site-packages'
[21.687s] Level 1:colcon.colcon_core.shell:create_environment_hook('person_msgs', 'pythonpath')
[21.735s] INFO:colcon.colcon_core.shell:Creating environment hook '/home/akira/ros2_2023/ros2_ws/install/person_msgs/share/person_msgs/hook/pythonpath.ps1'
[21.735s] INFO:colcon.colcon_core.shell:Creating environment descriptor '/home/akira/ros2_2023/ros2_ws/install/person_msgs/share/person_msgs/hook/pythonpath.dsv'
[21.736s] INFO:colcon.colcon_core.shell:Creating environment hook '/home/akira/ros2_2023/ros2_ws/install/person_msgs/share/person_msgs/hook/pythonpath.sh'
[21.737s] Level 1:colcon.colcon_core.environment:checking '/home/akira/ros2_2023/ros2_ws/install/person_msgs/bin'
[21.779s] INFO:colcon.colcon_core.shell:Creating package script '/home/akira/ros2_2023/ros2_ws/install/person_msgs/share/person_msgs/package.ps1'
[21.781s] INFO:colcon.colcon_core.shell:Creating package descriptor '/home/akira/ros2_2023/ros2_ws/install/person_msgs/share/person_msgs/package.dsv'
[21.782s] INFO:colcon.colcon_core.shell:Creating package script '/home/akira/ros2_2023/ros2_ws/install/person_msgs/share/person_msgs/package.sh'
[21.782s] INFO:colcon.colcon_core.shell:Creating package script '/home/akira/ros2_2023/ros2_ws/install/person_msgs/share/person_msgs/package.bash'
[21.783s] INFO:colcon.colcon_core.shell:Creating package script '/home/akira/ros2_2023/ros2_ws/install/person_msgs/share/person_msgs/package.zsh'
[21.784s] Level 1:colcon.colcon_core.environment:create_file_with_runtime_dependencies(/home/akira/ros2_2023/ros2_ws/install/person_msgs/share/colcon-core/packages/person_msgs)
[21.785s] DEBUG:colcon.colcon_parallel_executor.executor.parallel:closing loop
[21.786s] DEBUG:colcon.colcon_parallel_executor.executor.parallel:loop closed
[21.786s] DEBUG:colcon.colcon_parallel_executor.executor.parallel:run_until_complete finished with '0'
[21.786s] DEBUG:colcon.colcon_core.event_reactor:joining thread
[21.916s] INFO:colcon.colcon_core.plugin_system:Skipping extension 'colcon_notification.desktop_notification.notify_send': Could not find 'notify-send'
[21.916s] INFO:colcon.colcon_core.plugin_system:Skipping extension 'colcon_notification.desktop_notification.terminal_notifier': Not used on non-Darwin systems
[21.916s] INFO:colcon.colcon_core.plugin_system:Skipping extension 'colcon_notification.desktop_notification.win32': Not used on non-Windows systems
[21.916s] INFO:colcon.colcon_notification.desktop_notification:Sending desktop notification using 'notify2'
[21.932s] DEBUG:colcon.colcon_notification.desktop_notification.notify2:Failed to initialize notify2: org.freedesktop.DBus.Error.ServiceUnknown: The name org.freedesktop.Notifications was not provided by any .service files
[21.933s] DEBUG:colcon.colcon_core.event_reactor:joined thread
[21.978s] INFO:colcon.colcon_core.shell:Creating prefix script '/home/akira/ros2_2023/ros2_ws/install/local_setup.ps1'
[21.980s] INFO:colcon.colcon_core.shell:Creating prefix util module '/home/akira/ros2_2023/ros2_ws/install/_local_setup_util_ps1.py'
[21.982s] INFO:colcon.colcon_core.shell:Creating prefix chain script '/home/akira/ros2_2023/ros2_ws/install/setup.ps1'
[22.027s] INFO:colcon.colcon_core.shell:Creating prefix script '/home/akira/ros2_2023/ros2_ws/install/local_setup.sh'
[22.028s] INFO:colcon.colcon_core.shell:Creating prefix util module '/home/akira/ros2_2023/ros2_ws/install/_local_setup_util_sh.py'
[22.029s] INFO:colcon.colcon_core.shell:Creating prefix chain script '/home/akira/ros2_2023/ros2_ws/install/setup.sh'
[22.074s] INFO:colcon.colcon_core.shell:Creating prefix script '/home/akira/ros2_2023/ros2_ws/install/local_setup.bash'
[22.075s] INFO:colcon.colcon_core.shell:Creating prefix chain script '/home/akira/ros2_2023/ros2_ws/install/setup.bash'
[22.133s] INFO:colcon.colcon_core.shell:Creating prefix script '/home/akira/ros2_2023/ros2_ws/install/local_setup.zsh'
[22.134s] INFO:colcon.colcon_core.shell:Creating prefix chain script '/home/akira/ros2_2023/ros2_ws/install/setup.zsh'
