[0.929s] Invoking command in '/home/akira/ros2_2023/ros2_ws/build/person_msgs': CMAKE_PREFIX_PATH=${CMAKE_PREFIX_PATH}:/home/akira/ros2_2023/install/mypkg:/home/akira/install/mypkg:/home/akira/ros2_2023/ros2_ws/install/mypkg:/opt/ros/foxy /usr/bin/cmake --build /home/akira/ros2_2023/ros2_ws/build/person_msgs -- -j16 -l16
[0.995s] [  3%] Built target person_msgs__cpp
[1.011s] [ 12%] Built target person_msgs__rosidl_generator_c
[1.043s] [ 22%] Built target person_msgs__rosidl_typesupport_introspection_cpp
[1.045s] [ 32%] Built target person_msgs__rosidl_typesupport_cpp
[1.049s] [ 41%] Built target person_msgs__rosidl_typesupport_fastrtps_cpp
[1.059s] [ 51%] Built target person_msgs__rosidl_typesupport_c
[1.063s] [ 61%] Built target person_msgs__rosidl_typesupport_introspection_c
[1.083s] [ 70%] Built target person_msgs__rosidl_typesupport_fastrtps_c
[1.113s] [ 70%] Built target person_msgs
[1.142s] [ 74%] Built target person_msgs__py
[1.170s] [ 80%] Built target person_msgs__python
[1.206s] [ 87%] Built target person_msgs__rosidl_typesupport_c__pyext
[1.206s] [ 93%] Built target person_msgs__rosidl_typesupport_introspection_c__pyext
[1.209s] [100%] Built target person_msgs__rosidl_typesupport_fastrtps_c__pyext
[1.223s] Invoked command in '/home/akira/ros2_2023/ros2_ws/build/person_msgs' returned '0': CMAKE_PREFIX_PATH=${CMAKE_PREFIX_PATH}:/home/akira/ros2_2023/install/mypkg:/home/akira/install/mypkg:/home/akira/ros2_2023/ros2_ws/install/mypkg:/opt/ros/foxy /usr/bin/cmake --build /home/akira/ros2_2023/ros2_ws/build/person_msgs -- -j16 -l16
[1.300s] Invoking command in '/home/akira/ros2_2023/ros2_ws/build/person_msgs': CMAKE_PREFIX_PATH=${CMAKE_PREFIX_PATH}:/home/akira/ros2_2023/install/mypkg:/home/akira/install/mypkg:/home/akira/ros2_2023/ros2_ws/install/mypkg:/opt/ros/foxy /usr/bin/cmake --install /home/akira/ros2_2023/ros2_ws/build/person_msgs
[1.310s] -- Install configuration: ""
[1.310s] -- Up-to-date: /home/akira/ros2_2023/ros2_ws/install/person_msgs/share/ament_index/resource_index/rosidl_interfaces/person_msgs
[1.311s] -- Up-to-date: /home/akira/ros2_2023/ros2_ws/install/person_msgs/include/person_msgs
[1.311s] -- Up-to-date: /home/akira/ros2_2023/ros2_ws/install/person_msgs/include/person_msgs/msg
[1.311s] -- Up-to-date: /home/akira/ros2_2023/ros2_ws/install/person_msgs/include/person_msgs/msg/person.h
[1.312s] -- Up-to-date: /home/akira/ros2_2023/ros2_ws/install/person_msgs/include/person_msgs/msg/rosidl_generator_c__visibility_control.h
[1.312s] -- Up-to-date: /home/akira/ros2_2023/ros2_ws/install/person_msgs/include/person_msgs/msg/detail
[1.312s] -- Up-to-date: /home/akira/ros2_2023/ros2_ws/install/person_msgs/include/person_msgs/msg/detail/person__functions.c
[1.313s] -- Up-to-date: /home/akira/ros2_2023/ros2_ws/install/person_msgs/include/person_msgs/msg/detail/person__type_support.h
[1.313s] -- Up-to-date: /home/akira/ros2_2023/ros2_ws/install/person_msgs/include/person_msgs/msg/detail/person__functions.h
[1.313s] -- Up-to-date: /home/akira/ros2_2023/ros2_ws/install/person_msgs/include/person_msgs/msg/detail/person__struct.h
[1.314s] -- Up-to-date: /home/akira/ros2_2023/ros2_ws/install/person_msgs/share/person_msgs/environment/library_path.sh
[1.314s] -- Up-to-date: /home/akira/ros2_2023/ros2_ws/install/person_msgs/share/person_msgs/environment/library_path.dsv
[1.315s] -- Up-to-date: /home/akira/ros2_2023/ros2_ws/install/person_msgs/lib/libperson_msgs__rosidl_generator_c.so
[1.315s] -- Up-to-date: /home/akira/ros2_2023/ros2_ws/install/person_msgs/include/person_msgs
[1.316s] -- Up-to-date: /home/akira/ros2_2023/ros2_ws/install/person_msgs/include/person_msgs/msg
[1.317s] -- Up-to-date: /home/akira/ros2_2023/ros2_ws/install/person_msgs/include/person_msgs/msg/rosidl_typesupport_fastrtps_c__visibility_control.h
[1.317s] -- Up-to-date: /home/akira/ros2_2023/ros2_ws/install/person_msgs/include/person_msgs/msg/detail
[1.317s] -- Up-to-date: /home/akira/ros2_2023/ros2_ws/install/person_msgs/include/person_msgs/msg/detail/person__rosidl_typesupport_fastrtps_c.h
[1.318s] -- Up-to-date: /home/akira/ros2_2023/ros2_ws/install/person_msgs/lib/libperson_msgs__rosidl_typesupport_fastrtps_c.so
[1.318s] -- Up-to-date: /home/akira/ros2_2023/ros2_ws/install/person_msgs/include/person_msgs
[1.318s] -- Up-to-date: /home/akira/ros2_2023/ros2_ws/install/person_msgs/include/person_msgs/msg
[1.319s] -- Up-to-date: /home/akira/ros2_2023/ros2_ws/install/person_msgs/include/person_msgs/msg/rosidl_typesupport_fastrtps_cpp__visibility_control.h
[1.319s] -- Up-to-date: /home/akira/ros2_2023/ros2_ws/install/person_msgs/include/person_msgs/msg/detail
[1.319s] -- Up-to-date: /home/akira/ros2_2023/ros2_ws/install/person_msgs/include/person_msgs/msg/detail/dds_fastrtps
[1.320s] -- Up-to-date: /home/akira/ros2_2023/ros2_ws/install/person_msgs/include/person_msgs/msg/detail/person__rosidl_typesupport_fastrtps_cpp.hpp
[1.320s] -- Up-to-date: /home/akira/ros2_2023/ros2_ws/install/person_msgs/lib/libperson_msgs__rosidl_typesupport_fastrtps_cpp.so
[1.320s] -- Up-to-date: /home/akira/ros2_2023/ros2_ws/install/person_msgs/include/person_msgs
[1.321s] -- Up-to-date: /home/akira/ros2_2023/ros2_ws/install/person_msgs/include/person_msgs/msg
[1.321s] -- Up-to-date: /home/akira/ros2_2023/ros2_ws/install/person_msgs/include/person_msgs/msg/rosidl_typesupport_introspection_c__visibility_control.h
[1.321s] -- Up-to-date: /home/akira/ros2_2023/ros2_ws/install/person_msgs/include/person_msgs/msg/detail
[1.321s] -- Up-to-date: /home/akira/ros2_2023/ros2_ws/install/person_msgs/include/person_msgs/msg/detail/person__type_support.c
[1.322s] -- Up-to-date: /home/akira/ros2_2023/ros2_ws/install/person_msgs/include/person_msgs/msg/detail/person__rosidl_typesupport_introspection_c.h
[1.322s] -- Up-to-date: /home/akira/ros2_2023/ros2_ws/install/person_msgs/lib/libperson_msgs__rosidl_typesupport_introspection_c.so
[1.322s] -- Up-to-date: /home/akira/ros2_2023/ros2_ws/install/person_msgs/lib/libperson_msgs__rosidl_typesupport_c.so
[1.322s] -- Up-to-date: /home/akira/ros2_2023/ros2_ws/install/person_msgs/include/person_msgs
[1.322s] -- Up-to-date: /home/akira/ros2_2023/ros2_ws/install/person_msgs/include/person_msgs/msg
[1.322s] -- Up-to-date: /home/akira/ros2_2023/ros2_ws/install/person_msgs/include/person_msgs/msg/person.hpp
[1.323s] -- Up-to-date: /home/akira/ros2_2023/ros2_ws/install/person_msgs/include/person_msgs/msg/rosidl_generator_cpp__visibility_control.hpp
[1.323s] -- Up-to-date: /home/akira/ros2_2023/ros2_ws/install/person_msgs/include/person_msgs/msg/detail
[1.323s] -- Up-to-date: /home/akira/ros2_2023/ros2_ws/install/person_msgs/include/person_msgs/msg/detail/person__builder.hpp
[1.323s] -- Up-to-date: /home/akira/ros2_2023/ros2_ws/install/person_msgs/include/person_msgs/msg/detail/person__type_support.hpp
[1.323s] -- Up-to-date: /home/akira/ros2_2023/ros2_ws/install/person_msgs/include/person_msgs/msg/detail/person__traits.hpp
[1.324s] -- Up-to-date: /home/akira/ros2_2023/ros2_ws/install/person_msgs/include/person_msgs/msg/detail/person__struct.hpp
[1.324s] -- Up-to-date: /home/akira/ros2_2023/ros2_ws/install/person_msgs/include/person_msgs
[1.324s] -- Up-to-date: /home/akira/ros2_2023/ros2_ws/install/person_msgs/include/person_msgs/msg
[1.324s] -- Up-to-date: /home/akira/ros2_2023/ros2_ws/install/person_msgs/include/person_msgs/msg/detail
[1.324s] -- Up-to-date: /home/akira/ros2_2023/ros2_ws/install/person_msgs/include/person_msgs/msg/detail/person__rosidl_typesupport_introspection_cpp.hpp
[1.324s] -- Up-to-date: /home/akira/ros2_2023/ros2_ws/install/person_msgs/include/person_msgs/msg/detail/person__type_support.cpp
[1.325s] -- Up-to-date: /home/akira/ros2_2023/ros2_ws/install/person_msgs/lib/libperson_msgs__rosidl_typesupport_introspection_cpp.so
[1.325s] -- Up-to-date: /home/akira/ros2_2023/ros2_ws/install/person_msgs/lib/libperson_msgs__rosidl_typesupport_cpp.so
[1.325s] -- Up-to-date: /home/akira/ros2_2023/ros2_ws/install/person_msgs/share/person_msgs/environment/pythonpath.sh
[1.325s] -- Up-to-date: /home/akira/ros2_2023/ros2_ws/install/person_msgs/share/person_msgs/environment/pythonpath.dsv
[1.325s] -- Up-to-date: /home/akira/ros2_2023/ros2_ws/install/person_msgs/lib/python3.8/site-packages/person_msgs/__init__.py
[1.369s] -- Up-to-date: /home/akira/ros2_2023/ros2_ws/install/person_msgs/lib/python3.8/site-packages/person_msgs/msg
[1.369s] -- Up-to-date: /home/akira/ros2_2023/ros2_ws/install/person_msgs/lib/python3.8/site-packages/person_msgs/msg/_person.py
[1.369s] -- Up-to-date: /home/akira/ros2_2023/ros2_ws/install/person_msgs/lib/python3.8/site-packages/person_msgs/msg/_person_s.c
[1.369s] -- Up-to-date: /home/akira/ros2_2023/ros2_ws/install/person_msgs/lib/python3.8/site-packages/person_msgs/msg/__init__.py
[1.369s] -- Up-to-date: /home/akira/ros2_2023/ros2_ws/install/person_msgs/lib/python3.8/site-packages/person_msgs/person_msgs_s__rosidl_typesupport_fastrtps_c.cpython-38-x86_64-linux-gnu.so
[1.371s] -- Up-to-date: /home/akira/ros2_2023/ros2_ws/install/person_msgs/lib/python3.8/site-packages/person_msgs/person_msgs_s__rosidl_typesupport_introspection_c.cpython-38-x86_64-linux-gnu.so
[1.372s] -- Up-to-date: /home/akira/ros2_2023/ros2_ws/install/person_msgs/lib/python3.8/site-packages/person_msgs/person_msgs_s__rosidl_typesupport_c.cpython-38-x86_64-linux-gnu.so
[1.372s] -- Up-to-date: /home/akira/ros2_2023/ros2_ws/install/person_msgs/lib/libperson_msgs__python.so
[1.373s] -- Up-to-date: /home/akira/ros2_2023/ros2_ws/install/person_msgs/share/person_msgs/msg/Person.idl
[1.374s] -- Up-to-date: /home/akira/ros2_2023/ros2_ws/install/person_msgs/share/person_msgs/msg/Person.msg
[1.374s] -- Up-to-date: /home/akira/ros2_2023/ros2_ws/install/person_msgs/share/ament_index/resource_index/package_run_dependencies/person_msgs
[1.374s] -- Up-to-date: /home/akira/ros2_2023/ros2_ws/install/person_msgs/share/ament_index/resource_index/parent_prefix_path/person_msgs
[1.375s] -- Up-to-date: /home/akira/ros2_2023/ros2_ws/install/person_msgs/share/person_msgs/environment/ament_prefix_path.sh
[1.375s] -- Up-to-date: /home/akira/ros2_2023/ros2_ws/install/person_msgs/share/person_msgs/environment/ament_prefix_path.dsv
[1.376s] -- Up-to-date: /home/akira/ros2_2023/ros2_ws/install/person_msgs/share/person_msgs/environment/path.sh
[1.376s] -- Up-to-date: /home/akira/ros2_2023/ros2_ws/install/person_msgs/share/person_msgs/environment/path.dsv
[1.377s] -- Up-to-date: /home/akira/ros2_2023/ros2_ws/install/person_msgs/share/person_msgs/local_setup.bash
[1.377s] -- Up-to-date: /home/akira/ros2_2023/ros2_ws/install/person_msgs/share/person_msgs/local_setup.sh
[1.377s] -- Up-to-date: /home/akira/ros2_2023/ros2_ws/install/person_msgs/share/person_msgs/local_setup.zsh
[1.378s] -- Up-to-date: /home/akira/ros2_2023/ros2_ws/install/person_msgs/share/person_msgs/local_setup.dsv
[1.378s] -- Installing: /home/akira/ros2_2023/ros2_ws/install/person_msgs/share/person_msgs/package.dsv
[1.379s] -- Up-to-date: /home/akira/ros2_2023/ros2_ws/install/person_msgs/share/ament_index/resource_index/packages/person_msgs
[1.379s] -- Up-to-date: /home/akira/ros2_2023/ros2_ws/install/person_msgs/share/person_msgs/cmake/person_msgs__rosidl_generator_cExport.cmake
[1.379s] -- Up-to-date: /home/akira/ros2_2023/ros2_ws/install/person_msgs/share/person_msgs/cmake/person_msgs__rosidl_generator_cExport-noconfig.cmake
[1.380s] -- Up-to-date: /home/akira/ros2_2023/ros2_ws/install/person_msgs/share/person_msgs/cmake/person_msgs__rosidl_typesupport_introspection_cExport.cmake
[1.380s] -- Up-to-date: /home/akira/ros2_2023/ros2_ws/install/person_msgs/share/person_msgs/cmake/person_msgs__rosidl_typesupport_introspection_cExport-noconfig.cmake
[1.380s] -- Up-to-date: /home/akira/ros2_2023/ros2_ws/install/person_msgs/share/person_msgs/cmake/person_msgs__rosidl_typesupport_cExport.cmake
[1.380s] -- Up-to-date: /home/akira/ros2_2023/ros2_ws/install/person_msgs/share/person_msgs/cmake/person_msgs__rosidl_typesupport_cExport-noconfig.cmake
[1.380s] -- Up-to-date: /home/akira/ros2_2023/ros2_ws/install/person_msgs/share/person_msgs/cmake/person_msgs__rosidl_generator_cppExport.cmake
[1.380s] -- Up-to-date: /home/akira/ros2_2023/ros2_ws/install/person_msgs/share/person_msgs/cmake/person_msgs__rosidl_typesupport_introspection_cppExport.cmake
[1.381s] -- Up-to-date: /home/akira/ros2_2023/ros2_ws/install/person_msgs/share/person_msgs/cmake/person_msgs__rosidl_typesupport_introspection_cppExport-noconfig.cmake
[1.381s] -- Up-to-date: /home/akira/ros2_2023/ros2_ws/install/person_msgs/share/person_msgs/cmake/person_msgs__rosidl_typesupport_cppExport.cmake
[1.381s] -- Up-to-date: /home/akira/ros2_2023/ros2_ws/install/person_msgs/share/person_msgs/cmake/person_msgs__rosidl_typesupport_cppExport-noconfig.cmake
[1.382s] -- Up-to-date: /home/akira/ros2_2023/ros2_ws/install/person_msgs/share/person_msgs/cmake/rosidl_cmake-extras.cmake
[1.382s] -- Up-to-date: /home/akira/ros2_2023/ros2_ws/install/person_msgs/share/person_msgs/cmake/ament_cmake_export_dependencies-extras.cmake
[1.382s] -- Up-to-date: /home/akira/ros2_2023/ros2_ws/install/person_msgs/share/person_msgs/cmake/ament_cmake_export_libraries-extras.cmake
[1.382s] -- Up-to-date: /home/akira/ros2_2023/ros2_ws/install/person_msgs/share/person_msgs/cmake/ament_cmake_export_targets-extras.cmake
[1.383s] -- Up-to-date: /home/akira/ros2_2023/ros2_ws/install/person_msgs/share/person_msgs/cmake/ament_cmake_export_include_directories-extras.cmake
[1.383s] -- Up-to-date: /home/akira/ros2_2023/ros2_ws/install/person_msgs/share/person_msgs/cmake/rosidl_cmake_export_typesupport_libraries-extras.cmake
[1.383s] -- Up-to-date: /home/akira/ros2_2023/ros2_ws/install/person_msgs/share/person_msgs/cmake/rosidl_cmake_export_typesupport_targets-extras.cmake
[1.383s] -- Up-to-date: /home/akira/ros2_2023/ros2_ws/install/person_msgs/share/person_msgs/cmake/person_msgsConfig.cmake
[1.384s] -- Up-to-date: /home/akira/ros2_2023/ros2_ws/install/person_msgs/share/person_msgs/cmake/person_msgsConfig-version.cmake
[1.385s] -- Up-to-date: /home/akira/ros2_2023/ros2_ws/install/person_msgs/share/person_msgs/package.xml
[1.386s] Invoked command in '/home/akira/ros2_2023/ros2_ws/build/person_msgs' returned '0': CMAKE_PREFIX_PATH=${CMAKE_PREFIX_PATH}:/home/akira/ros2_2023/install/mypkg:/home/akira/install/mypkg:/home/akira/ros2_2023/ros2_ws/install/mypkg:/opt/ros/foxy /usr/bin/cmake --install /home/akira/ros2_2023/ros2_ws/build/person_msgs
