[2.773s] DEBUG:colcon:Command line arguments: ['/usr/bin/colcon', 'build']
[2.773s] DEBUG:colcon:Parsed command line arguments: Namespace(allow_overriding=[], ament_cmake_args=None, base_paths=['.'], build_base='build', catkin_cmake_args=None, catkin_skip_building_tests=False, cmake_args=None, cmake_clean_cache=False, cmake_clean_first=False, cmake_force_configure=False, cmake_target=None, cmake_target_skip_unavailable=False, continue_on_error=False, event_handlers=None, executor='parallel', ignore_user_meta=False, install_base='install', log_base=None, log_level=None, main=<bound method BuildVerb.main of <colcon_core.verb.build.BuildVerb object at 0x7faa91717d30>>, merge_install=False, metas=['./colcon.meta'], packages_above=None, packages_above_and_dependencies=None, packages_above_depth=None, packages_end=None, packages_ignore=None, packages_ignore_regex=None, packages_select=None, packages_select_build_failed=False, packages_select_by_dep=None, packages_select_regex=None, packages_select_test_failures=False, packages_skip=None, packages_skip_build_finished=False, packages_skip_by_dep=None, packages_skip_regex=None, packages_skip_test_passed=False, packages_skip_up_to=None, packages_start=None, packages_up_to=None, packages_up_to_regex=None, parallel_workers=16, paths=None, symlink_install=False, test_result_base=None, verb_extension=<colcon_core.verb.build.BuildVerb object at 0x7faa91717d30>, verb_name='build', verb_parser=<colcon_defaults.argument_parser.defaults.DefaultArgumentsDecorator object at 0x7faa913139d0>)
[2.897s] Level 1:colcon.colcon_core.package_discovery:discover_packages(colcon_meta) check parameters
[2.897s] Level 1:colcon.colcon_core.package_discovery:discover_packages(recursive) check parameters
[2.897s] Level 1:colcon.colcon_core.package_discovery:discover_packages(ignore) check parameters
[2.897s] Level 1:colcon.colcon_core.package_discovery:discover_packages(path) check parameters
[2.897s] Level 1:colcon.colcon_core.package_discovery:discover_packages(colcon_meta) discover
[2.897s] Level 1:colcon.colcon_core.package_discovery:discover_packages(recursive) discover
[2.897s] INFO:colcon.colcon_core.package_discovery:Crawling recursively for packages in '/home/akira/ros2_2023'
[2.897s] Level 1:colcon.colcon_core.package_identification:_identify(.) by extensions ['ignore', 'ignore_ament_install']
[2.897s] Level 1:colcon.colcon_core.package_identification:_identify(.) by extension 'ignore'
[2.898s] Level 1:colcon.colcon_core.package_identification:_identify(.) by extension 'ignore_ament_install'
[2.898s] Level 1:colcon.colcon_core.package_identification:_identify(.) by extensions ['colcon_pkg']
[2.898s] Level 1:colcon.colcon_core.package_identification:_identify(.) by extension 'colcon_pkg'
[2.898s] Level 1:colcon.colcon_core.package_identification:_identify(.) by extensions ['colcon_meta']
[2.898s] Level 1:colcon.colcon_core.package_identification:_identify(.) by extension 'colcon_meta'
[2.898s] Level 1:colcon.colcon_core.package_identification:_identify(.) by extensions ['ros']
[2.898s] Level 1:colcon.colcon_core.package_identification:_identify(.) by extension 'ros'
[2.915s] Level 1:colcon.colcon_core.package_identification:_identify(.) by extensions ['cmake', 'python']
[2.915s] Level 1:colcon.colcon_core.package_identification:_identify(.) by extension 'cmake'
[2.915s] Level 1:colcon.colcon_core.package_identification:_identify(.) by extension 'python'
[2.915s] Level 1:colcon.colcon_core.package_identification:_identify(.) by extensions ['python_setup_py']
[2.915s] Level 1:colcon.colcon_core.package_identification:_identify(.) by extension 'python_setup_py'
[2.916s] Level 1:colcon.colcon_core.package_identification:_identify(build) by extensions ['ignore', 'ignore_ament_install']
[2.916s] Level 1:colcon.colcon_core.package_identification:_identify(build) by extension 'ignore'
[2.916s] Level 1:colcon.colcon_core.package_identification:_identify(build) ignored
[2.916s] Level 1:colcon.colcon_core.package_identification:_identify(install) by extensions ['ignore', 'ignore_ament_install']
[2.916s] Level 1:colcon.colcon_core.package_identification:_identify(install) by extension 'ignore'
[2.916s] Level 1:colcon.colcon_core.package_identification:_identify(install) ignored
[2.916s] Level 1:colcon.colcon_core.package_identification:_identify(log) by extensions ['ignore', 'ignore_ament_install']
[2.916s] Level 1:colcon.colcon_core.package_identification:_identify(log) by extension 'ignore'
[2.917s] Level 1:colcon.colcon_core.package_identification:_identify(log) ignored
[2.917s] Level 1:colcon.colcon_core.package_identification:_identify(ros2_ws) by extensions ['ignore', 'ignore_ament_install']
[2.917s] Level 1:colcon.colcon_core.package_identification:_identify(ros2_ws) by extension 'ignore'
[2.917s] Level 1:colcon.colcon_core.package_identification:_identify(ros2_ws) by extension 'ignore_ament_install'
[2.917s] Level 1:colcon.colcon_core.package_identification:_identify(ros2_ws) by extensions ['colcon_pkg']
[2.917s] Level 1:colcon.colcon_core.package_identification:_identify(ros2_ws) by extension 'colcon_pkg'
[2.917s] Level 1:colcon.colcon_core.package_identification:_identify(ros2_ws) by extensions ['colcon_meta']
[2.917s] Level 1:colcon.colcon_core.package_identification:_identify(ros2_ws) by extension 'colcon_meta'
[2.918s] Level 1:colcon.colcon_core.package_identification:_identify(ros2_ws) by extensions ['ros']
[2.918s] Level 1:colcon.colcon_core.package_identification:_identify(ros2_ws) by extension 'ros'
[2.918s] Level 1:colcon.colcon_core.package_identification:_identify(ros2_ws) by extensions ['cmake', 'python']
[2.918s] Level 1:colcon.colcon_core.package_identification:_identify(ros2_ws) by extension 'cmake'
[2.918s] Level 1:colcon.colcon_core.package_identification:_identify(ros2_ws) by extension 'python'
[2.918s] Level 1:colcon.colcon_core.package_identification:_identify(ros2_ws) by extensions ['python_setup_py']
[2.918s] Level 1:colcon.colcon_core.package_identification:_identify(ros2_ws) by extension 'python_setup_py'
[2.918s] Level 1:colcon.colcon_core.package_identification:_identify(ros2_ws/build) by extensions ['ignore', 'ignore_ament_install']
[2.918s] Level 1:colcon.colcon_core.package_identification:_identify(ros2_ws/build) by extension 'ignore'
[2.919s] Level 1:colcon.colcon_core.package_identification:_identify(ros2_ws/build) ignored
[2.919s] Level 1:colcon.colcon_core.package_identification:_identify(ros2_ws/install) by extensions ['ignore', 'ignore_ament_install']
[2.919s] Level 1:colcon.colcon_core.package_identification:_identify(ros2_ws/install) by extension 'ignore'
[2.919s] Level 1:colcon.colcon_core.package_identification:_identify(ros2_ws/install) ignored
[2.919s] Level 1:colcon.colcon_core.package_identification:_identify(ros2_ws/log) by extensions ['ignore', 'ignore_ament_install']
[2.919s] Level 1:colcon.colcon_core.package_identification:_identify(ros2_ws/log) by extension 'ignore'
[2.919s] Level 1:colcon.colcon_core.package_identification:_identify(ros2_ws/log) ignored
[2.919s] Level 1:colcon.colcon_core.package_identification:_identify(ros2_ws/src) by extensions ['ignore', 'ignore_ament_install']
[2.920s] Level 1:colcon.colcon_core.package_identification:_identify(ros2_ws/src) by extension 'ignore'
[2.920s] Level 1:colcon.colcon_core.package_identification:_identify(ros2_ws/src) by extension 'ignore_ament_install'
[2.920s] Level 1:colcon.colcon_core.package_identification:_identify(ros2_ws/src) by extensions ['colcon_pkg']
[2.920s] Level 1:colcon.colcon_core.package_identification:_identify(ros2_ws/src) by extension 'colcon_pkg'
[2.920s] Level 1:colcon.colcon_core.package_identification:_identify(ros2_ws/src) by extensions ['colcon_meta']
[2.920s] Level 1:colcon.colcon_core.package_identification:_identify(ros2_ws/src) by extension 'colcon_meta'
[2.920s] Level 1:colcon.colcon_core.package_identification:_identify(ros2_ws/src) by extensions ['ros']
[2.920s] Level 1:colcon.colcon_core.package_identification:_identify(ros2_ws/src) by extension 'ros'
[2.920s] Level 1:colcon.colcon_core.package_identification:_identify(ros2_ws/src) by extensions ['cmake', 'python']
[2.920s] Level 1:colcon.colcon_core.package_identification:_identify(ros2_ws/src) by extension 'cmake'
[2.920s] Level 1:colcon.colcon_core.package_identification:_identify(ros2_ws/src) by extension 'python'
[2.920s] Level 1:colcon.colcon_core.package_identification:_identify(ros2_ws/src) by extensions ['python_setup_py']
[2.920s] Level 1:colcon.colcon_core.package_identification:_identify(ros2_ws/src) by extension 'python_setup_py'
[2.920s] Level 1:colcon.colcon_core.package_identification:_identify(ros2_ws/src/mypkg) by extensions ['ignore', 'ignore_ament_install']
[2.921s] Level 1:colcon.colcon_core.package_identification:_identify(ros2_ws/src/mypkg) by extension 'ignore'
[2.921s] Level 1:colcon.colcon_core.package_identification:_identify(ros2_ws/src/mypkg) by extension 'ignore_ament_install'
[2.921s] Level 1:colcon.colcon_core.package_identification:_identify(ros2_ws/src/mypkg) by extensions ['colcon_pkg']
[2.921s] Level 1:colcon.colcon_core.package_identification:_identify(ros2_ws/src/mypkg) by extension 'colcon_pkg'
[2.921s] Level 1:colcon.colcon_core.package_identification:_identify(ros2_ws/src/mypkg) by extensions ['colcon_meta']
[2.921s] Level 1:colcon.colcon_core.package_identification:_identify(ros2_ws/src/mypkg) by extension 'colcon_meta'
[2.921s] Level 1:colcon.colcon_core.package_identification:_identify(ros2_ws/src/mypkg) by extensions ['ros']
[2.921s] Level 1:colcon.colcon_core.package_identification:_identify(ros2_ws/src/mypkg) by extension 'ros'
[2.925s] DEBUG:colcon.colcon_core.package_identification:Package 'ros2_ws/src/mypkg' with type 'ros.ament_python' and name 'mypkg'
[2.925s] Level 1:colcon.colcon_core.package_discovery:discover_packages(recursive) using defaults
[2.925s] Level 1:colcon.colcon_core.package_discovery:discover_packages(ignore) discover
[2.925s] Level 1:colcon.colcon_core.package_discovery:discover_packages(ignore) using defaults
[2.925s] Level 1:colcon.colcon_core.package_discovery:discover_packages(path) discover
[2.925s] Level 1:colcon.colcon_core.package_discovery:discover_packages(path) using defaults
[3.155s] Level 1:colcon.colcon_core.package_discovery:discover_packages(prefix_path) check parameters
[3.155s] Level 1:colcon.colcon_core.package_discovery:discover_packages(prefix_path) discover
[3.243s] DEBUG:colcon.colcon_installed_package_information.package_discovery:Found 1 installed packages in /home/akira/ros2_2023/install
[3.285s] DEBUG:colcon.colcon_installed_package_information.package_discovery:Found 0 installed packages in /home/akira/ros2_2023/ros2_ws/src/mypkg/launch/install
[3.329s] DEBUG:colcon.colcon_installed_package_information.package_discovery:Found 1 installed packages in /home/akira/install
[3.374s] DEBUG:colcon.colcon_installed_package_information.package_discovery:Found 168 installed packages in /opt/ros/foxy
[3.376s] Level 1:colcon.colcon_core.package_discovery:discover_packages(prefix_path) using defaults
[3.524s] Level 5:colcon.colcon_core.verb:set package 'mypkg' build argument 'cmake_args' from command line to 'None'
[3.524s] Level 5:colcon.colcon_core.verb:set package 'mypkg' build argument 'cmake_target' from command line to 'None'
[3.524s] Level 5:colcon.colcon_core.verb:set package 'mypkg' build argument 'cmake_target_skip_unavailable' from command line to 'False'
[3.524s] Level 5:colcon.colcon_core.verb:set package 'mypkg' build argument 'cmake_clean_cache' from command line to 'False'
[3.524s] Level 5:colcon.colcon_core.verb:set package 'mypkg' build argument 'cmake_clean_first' from command line to 'False'
[3.524s] Level 5:colcon.colcon_core.verb:set package 'mypkg' build argument 'cmake_force_configure' from command line to 'False'
[3.525s] Level 5:colcon.colcon_core.verb:set package 'mypkg' build argument 'ament_cmake_args' from command line to 'None'
[3.525s] Level 5:colcon.colcon_core.verb:set package 'mypkg' build argument 'catkin_cmake_args' from command line to 'None'
[3.525s] Level 5:colcon.colcon_core.verb:set package 'mypkg' build argument 'catkin_skip_building_tests' from command line to 'False'
[3.525s] DEBUG:colcon.colcon_core.verb:Building package 'mypkg' with the following arguments: {'ament_cmake_args': None, 'build_base': '/home/akira/ros2_2023/build/mypkg', 'catkin_cmake_args': None, 'catkin_skip_building_tests': False, 'cmake_args': None, 'cmake_clean_cache': False, 'cmake_clean_first': False, 'cmake_force_configure': False, 'cmake_target': None, 'cmake_target_skip_unavailable': False, 'install_base': '/home/akira/ros2_2023/install/mypkg', 'merge_install': False, 'path': '/home/akira/ros2_2023/ros2_ws/src/mypkg', 'symlink_install': False, 'test_result_base': None}
[3.567s] INFO:colcon.colcon_core.executor:Executing jobs using 'parallel' executor
[3.624s] DEBUG:colcon.colcon_parallel_executor.executor.parallel:run_until_complete
[3.624s] INFO:colcon.colcon_ros.task.ament_python.build:Building ROS package in '/home/akira/ros2_2023/ros2_ws/src/mypkg' with build type 'ament_python'
[3.625s] Level 1:colcon.colcon_core.shell:create_environment_hook('mypkg', 'ament_prefix_path')
[3.672s] INFO:colcon.colcon_core.plugin_system:Skipping extension 'colcon_core.shell.bat': Not used on non-Windows systems
[3.672s] INFO:colcon.colcon_core.shell:Creating environment hook '/home/akira/ros2_2023/install/mypkg/share/mypkg/hook/ament_prefix_path.ps1'
[3.673s] INFO:colcon.colcon_core.shell:Creating environment descriptor '/home/akira/ros2_2023/install/mypkg/share/mypkg/hook/ament_prefix_path.dsv'
[3.674s] INFO:colcon.colcon_core.shell:Creating environment hook '/home/akira/ros2_2023/install/mypkg/share/mypkg/hook/ament_prefix_path.sh'
[3.719s] INFO:colcon.colcon_core.shell:Skip shell extension 'powershell' for command environment: Not usable outside of PowerShell
[3.719s] DEBUG:colcon.colcon_core.shell:Skip shell extension 'dsv' for command environment
[4.243s] INFO:colcon.colcon_core.task.python.build:Building Python package in '/home/akira/ros2_2023/ros2_ws/src/mypkg'
[4.288s] INFO:colcon.colcon_core.shell:Skip shell extension 'powershell' for command environment: Not usable outside of PowerShell
[4.288s] DEBUG:colcon.colcon_core.shell:Skip shell extension 'dsv' for command environment
[4.986s] DEBUG:colcon.colcon_core.event_handler.log_command:Invoking command in '/home/akira/ros2_2023/ros2_ws/src/mypkg': PYTHONPATH=/home/akira/ros2_2023/build/mypkg/prefix_override:/home/akira/ros2_2023/install/mypkg/lib/python3.8/site-packages:${PYTHONPATH} /usr/bin/python3 setup.py egg_info --egg-base ../../../build/mypkg build --build-base /home/akira/ros2_2023/build/mypkg/build install --record /home/akira/ros2_2023/build/mypkg/install.log --install-scripts $base/lib/mypkg --single-version-externally-managed
[5.374s] DEBUG:colcon.colcon_core.event_handler.log_command:Invoked command in '/home/akira/ros2_2023/ros2_ws/src/mypkg' returned '0': PYTHONPATH=/home/akira/ros2_2023/build/mypkg/prefix_override:/home/akira/ros2_2023/install/mypkg/lib/python3.8/site-packages:${PYTHONPATH} /usr/bin/python3 setup.py egg_info --egg-base ../../../build/mypkg build --build-base /home/akira/ros2_2023/build/mypkg/build install --record /home/akira/ros2_2023/build/mypkg/install.log --install-scripts $base/lib/mypkg --single-version-externally-managed
[5.422s] Level 1:colcon.colcon_core.environment:checking '/home/akira/ros2_2023/install/mypkg' for CMake module files
[5.422s] Level 1:colcon.colcon_core.environment:checking '/home/akira/ros2_2023/install/mypkg' for CMake config files
[5.423s] Level 1:colcon.colcon_core.environment:checking '/home/akira/ros2_2023/install/mypkg/lib'
[5.424s] Level 1:colcon.colcon_core.environment:checking '/home/akira/ros2_2023/install/mypkg/bin'
[5.424s] Level 1:colcon.colcon_core.environment:checking '/home/akira/ros2_2023/install/mypkg/lib/pkgconfig/mypkg.pc'
[5.424s] Level 1:colcon.colcon_core.environment:checking '/home/akira/ros2_2023/install/mypkg/lib/python3.8/site-packages'
[5.424s] Level 1:colcon.colcon_core.shell:create_environment_hook('mypkg', 'pythonpath')
[5.471s] INFO:colcon.colcon_core.shell:Creating environment hook '/home/akira/ros2_2023/install/mypkg/share/mypkg/hook/pythonpath.ps1'
[5.472s] INFO:colcon.colcon_core.shell:Creating environment descriptor '/home/akira/ros2_2023/install/mypkg/share/mypkg/hook/pythonpath.dsv'
[5.473s] INFO:colcon.colcon_core.shell:Creating environment hook '/home/akira/ros2_2023/install/mypkg/share/mypkg/hook/pythonpath.sh'
[5.474s] Level 1:colcon.colcon_core.environment:checking '/home/akira/ros2_2023/install/mypkg/bin'
[5.474s] Level 1:colcon.colcon_core.environment:create_environment_scripts_only(mypkg)
[5.525s] INFO:colcon.colcon_core.shell:Creating package script '/home/akira/ros2_2023/install/mypkg/share/mypkg/package.ps1'
[5.527s] INFO:colcon.colcon_core.shell:Creating package descriptor '/home/akira/ros2_2023/install/mypkg/share/mypkg/package.dsv'
[5.528s] INFO:colcon.colcon_core.shell:Creating package script '/home/akira/ros2_2023/install/mypkg/share/mypkg/package.sh'
[5.529s] INFO:colcon.colcon_core.shell:Creating package script '/home/akira/ros2_2023/install/mypkg/share/mypkg/package.bash'
[5.530s] INFO:colcon.colcon_core.shell:Creating package script '/home/akira/ros2_2023/install/mypkg/share/mypkg/package.zsh'
[5.531s] Level 1:colcon.colcon_core.environment:create_file_with_runtime_dependencies(/home/akira/ros2_2023/install/mypkg/share/colcon-core/packages/mypkg)
[5.532s] DEBUG:colcon.colcon_parallel_executor.executor.parallel:closing loop
[5.533s] DEBUG:colcon.colcon_parallel_executor.executor.parallel:loop closed
[5.533s] DEBUG:colcon.colcon_parallel_executor.executor.parallel:run_until_complete finished with '0'
[5.533s] DEBUG:colcon.colcon_core.event_reactor:joining thread
[5.670s] INFO:colcon.colcon_core.plugin_system:Skipping extension 'colcon_notification.desktop_notification.notify_send': Could not find 'notify-send'
[5.671s] INFO:colcon.colcon_core.plugin_system:Skipping extension 'colcon_notification.desktop_notification.terminal_notifier': Not used on non-Darwin systems
[5.671s] INFO:colcon.colcon_core.plugin_system:Skipping extension 'colcon_notification.desktop_notification.win32': Not used on non-Windows systems
[5.671s] INFO:colcon.colcon_notification.desktop_notification:Sending desktop notification using 'notify2'
[5.679s] DEBUG:colcon.colcon_notification.desktop_notification.notify2:Failed to initialize notify2: org.freedesktop.DBus.Error.ServiceUnknown: The name org.freedesktop.Notifications was not provided by any .service files
[5.679s] DEBUG:colcon.colcon_core.event_reactor:joined thread
[5.726s] INFO:colcon.colcon_core.shell:Creating prefix script '/home/akira/ros2_2023/install/local_setup.ps1'
[5.727s] INFO:colcon.colcon_core.shell:Creating prefix util module '/home/akira/ros2_2023/install/_local_setup_util_ps1.py'
[5.729s] INFO:colcon.colcon_core.shell:Creating prefix chain script '/home/akira/ros2_2023/install/setup.ps1'
[5.773s] INFO:colcon.colcon_core.shell:Creating prefix script '/home/akira/ros2_2023/install/local_setup.sh'
[5.774s] INFO:colcon.colcon_core.shell:Creating prefix util module '/home/akira/ros2_2023/install/_local_setup_util_sh.py'
[5.774s] INFO:colcon.colcon_core.shell:Creating prefix chain script '/home/akira/ros2_2023/install/setup.sh'
[5.819s] INFO:colcon.colcon_core.shell:Creating prefix script '/home/akira/ros2_2023/install/local_setup.bash'
[5.820s] INFO:colcon.colcon_core.shell:Creating prefix chain script '/home/akira/ros2_2023/install/setup.bash'
[5.863s] INFO:colcon.colcon_core.shell:Creating prefix script '/home/akira/ros2_2023/install/local_setup.zsh'
[5.864s] INFO:colcon.colcon_core.shell:Creating prefix chain script '/home/akira/ros2_2023/install/setup.zsh'
