[1.830s] Invoking command in '/home/akira/ros2_2023/ros2_ws/src/mypkg': PYTHONPATH=/home/akira/ros2_2023/ros2_ws/build/mypkg/prefix_override:/home/akira/ros2_2023/ros2_ws/install/mypkg/lib/python3.8/site-packages:${PYTHONPATH} /usr/bin/python3 setup.py egg_info --egg-base ../../build/mypkg build --build-base /home/akira/ros2_2023/ros2_ws/build/mypkg/build install --record /home/akira/ros2_2023/ros2_ws/build/mypkg/install.log --install-scripts $base/lib/mypkg --single-version-externally-managed
[2.142s] running egg_info
[2.143s] writing ../../build/mypkg/mypkg.egg-info/PKG-INFO
[2.145s] writing dependency_links to ../../build/mypkg/mypkg.egg-info/dependency_links.txt
[2.145s] writing entry points to ../../build/mypkg/mypkg.egg-info/entry_points.txt
[2.148s] writing requirements to ../../build/mypkg/mypkg.egg-info/requires.txt
[2.148s] writing top-level names to ../../build/mypkg/mypkg.egg-info/top_level.txt
[2.218s] reading manifest file '../../build/mypkg/mypkg.egg-info/SOURCES.txt'
[2.218s] writing manifest file '../../build/mypkg/mypkg.egg-info/SOURCES.txt'
[2.220s] running build
[2.221s] running build_py
[2.221s] running install
[2.222s] running install_lib
[2.222s] running install_data
[2.223s] running install_egg_info
[2.223s] removing '/home/akira/ros2_2023/ros2_ws/install/mypkg/lib/python3.8/site-packages/mypkg-0.0.0-py3.8.egg-info' (and everything under it)
[2.223s] Copying ../../build/mypkg/mypkg.egg-info to /home/akira/ros2_2023/ros2_ws/install/mypkg/lib/python3.8/site-packages/mypkg-0.0.0-py3.8.egg-info
[2.225s] running install_scripts
[2.251s] Installing listener script to /home/akira/ros2_2023/ros2_ws/install/mypkg/lib/mypkg
[2.252s] Installing talker script to /home/akira/ros2_2023/ros2_ws/install/mypkg/lib/mypkg
[2.252s] writing list of installed files to '/home/akira/ros2_2023/ros2_ws/build/mypkg/install.log'
[2.280s] Invoked command in '/home/akira/ros2_2023/ros2_ws/src/mypkg' returned '0': PYTHONPATH=/home/akira/ros2_2023/ros2_ws/build/mypkg/prefix_override:/home/akira/ros2_2023/ros2_ws/install/mypkg/lib/python3.8/site-packages:${PYTHONPATH} /usr/bin/python3 setup.py egg_info --egg-base ../../build/mypkg build --build-base /home/akira/ros2_2023/ros2_ws/build/mypkg/build install --record /home/akira/ros2_2023/ros2_ws/build/mypkg/install.log --install-scripts $base/lib/mypkg --single-version-externally-managed
