[1.104s] Invoking command in '/home/akira/ros2_2023/ros2_ws/src/mypkg': PYTHONPATH=/home/akira/ros2_2023/ros2_ws/src/mypkg/build/mypkg/prefix_override:/home/akira/ros2_2023/ros2_ws/src/mypkg/install/mypkg/lib/python3.8/site-packages:${PYTHONPATH} /usr/bin/python3 setup.py egg_info --egg-base build/mypkg build --build-base /home/akira/ros2_2023/ros2_ws/src/mypkg/build/mypkg/build install --record /home/akira/ros2_2023/ros2_ws/src/mypkg/build/mypkg/install.log --install-scripts $base/lib/mypkg --single-version-externally-managed
[1.374s] running egg_info
[1.374s] creating build/mypkg/mypkg.egg-info
[1.375s] writing build/mypkg/mypkg.egg-info/PKG-INFO
[1.375s] writing dependency_links to build/mypkg/mypkg.egg-info/dependency_links.txt
[1.376s] writing entry points to build/mypkg/mypkg.egg-info/entry_points.txt
[1.376s] writing requirements to build/mypkg/mypkg.egg-info/requires.txt
[1.376s] writing top-level names to build/mypkg/mypkg.egg-info/top_level.txt
[1.378s] writing manifest file 'build/mypkg/mypkg.egg-info/SOURCES.txt'
[1.431s] reading manifest file 'build/mypkg/mypkg.egg-info/SOURCES.txt'
[1.433s] writing manifest file 'build/mypkg/mypkg.egg-info/SOURCES.txt'
[1.433s] running build
[1.434s] running build_py
[1.434s] creating /home/akira/ros2_2023/ros2_ws/src/mypkg/build/mypkg/build
[1.434s] creating /home/akira/ros2_2023/ros2_ws/src/mypkg/build/mypkg/build/lib
[1.434s] creating /home/akira/ros2_2023/ros2_ws/src/mypkg/build/mypkg/build/lib/mypkg
[1.434s] copying mypkg/talker.py -> /home/akira/ros2_2023/ros2_ws/src/mypkg/build/mypkg/build/lib/mypkg
[1.435s] copying mypkg/__init__.py -> /home/akira/ros2_2023/ros2_ws/src/mypkg/build/mypkg/build/lib/mypkg
[1.435s] running install
[1.435s] running install_lib
[1.437s] creating /home/akira/ros2_2023/ros2_ws/src/mypkg/install/mypkg/lib/python3.8/site-packages/mypkg
[1.437s] copying /home/akira/ros2_2023/ros2_ws/src/mypkg/build/mypkg/build/lib/mypkg/talker.py -> /home/akira/ros2_2023/ros2_ws/src/mypkg/install/mypkg/lib/python3.8/site-packages/mypkg
[1.437s] copying /home/akira/ros2_2023/ros2_ws/src/mypkg/build/mypkg/build/lib/mypkg/__init__.py -> /home/akira/ros2_2023/ros2_ws/src/mypkg/install/mypkg/lib/python3.8/site-packages/mypkg
[1.438s] byte-compiling /home/akira/ros2_2023/ros2_ws/src/mypkg/install/mypkg/lib/python3.8/site-packages/mypkg/talker.py to talker.cpython-38.pyc
[1.440s] byte-compiling /home/akira/ros2_2023/ros2_ws/src/mypkg/install/mypkg/lib/python3.8/site-packages/mypkg/__init__.py to __init__.cpython-38.pyc
[1.441s] running install_data
[1.441s] creating /home/akira/ros2_2023/ros2_ws/src/mypkg/install/mypkg/share/ament_index
[1.442s] creating /home/akira/ros2_2023/ros2_ws/src/mypkg/install/mypkg/share/ament_index/resource_index
[1.442s] creating /home/akira/ros2_2023/ros2_ws/src/mypkg/install/mypkg/share/ament_index/resource_index/packages
[1.442s] copying resource/mypkg -> /home/akira/ros2_2023/ros2_ws/src/mypkg/install/mypkg/share/ament_index/resource_index/packages
[1.442s] copying package.xml -> /home/akira/ros2_2023/ros2_ws/src/mypkg/install/mypkg/share/mypkg
[1.443s] running install_egg_info
[1.444s] Copying build/mypkg/mypkg.egg-info to /home/akira/ros2_2023/ros2_ws/src/mypkg/install/mypkg/lib/python3.8/site-packages/mypkg-0.0.0-py3.8.egg-info
[1.446s] running install_scripts
[1.473s] Installing talker script to /home/akira/ros2_2023/ros2_ws/src/mypkg/install/mypkg/lib/mypkg
[1.473s] writing list of installed files to '/home/akira/ros2_2023/ros2_ws/src/mypkg/build/mypkg/install.log'
[1.498s] Invoked command in '/home/akira/ros2_2023/ros2_ws/src/mypkg' returned '0': PYTHONPATH=/home/akira/ros2_2023/ros2_ws/src/mypkg/build/mypkg/prefix_override:/home/akira/ros2_2023/ros2_ws/src/mypkg/install/mypkg/lib/python3.8/site-packages:${PYTHONPATH} /usr/bin/python3 setup.py egg_info --egg-base build/mypkg build --build-base /home/akira/ros2_2023/ros2_ws/src/mypkg/build/mypkg/build install --record /home/akira/ros2_2023/ros2_ws/src/mypkg/build/mypkg/install.log --install-scripts $base/lib/mypkg --single-version-externally-managed
