[1.414s] Invoking command in '/home/akira/ros2_2023/ros2_ws/src/mypkg': PYTHONPATH=/home/akira/ros2_2023/ros2_ws/src/mypkg/build/mypkg/prefix_override:/home/akira/ros2_2023/ros2_ws/src/mypkg/install/mypkg/lib/python3.8/site-packages:${PYTHONPATH} /usr/bin/python3 setup.py egg_info --egg-base build/mypkg build --build-base /home/akira/ros2_2023/ros2_ws/src/mypkg/build/mypkg/build install --record /home/akira/ros2_2023/ros2_ws/src/mypkg/build/mypkg/install.log --install-scripts $base/lib/mypkg --single-version-externally-managed
[1.687s] running egg_info
[1.688s] writing build/mypkg/mypkg.egg-info/PKG-INFO
[1.688s] writing dependency_links to build/mypkg/mypkg.egg-info/dependency_links.txt
[1.688s] writing entry points to build/mypkg/mypkg.egg-info/entry_points.txt
[1.689s] writing requirements to build/mypkg/mypkg.egg-info/requires.txt
[1.689s] writing top-level names to build/mypkg/mypkg.egg-info/top_level.txt
[1.744s] reading manifest file 'build/mypkg/mypkg.egg-info/SOURCES.txt'
[1.746s] writing manifest file 'build/mypkg/mypkg.egg-info/SOURCES.txt'
[1.746s] running build
[1.746s] running build_py
[1.746s] running install
[1.748s] running install_lib
[1.750s] running install_data
[1.751s] copying launch/talk_listen.launch.py -> /home/akira/ros2_2023/ros2_ws/src/mypkg/install/mypkg/share/mypkg
[1.751s] running install_egg_info
[1.753s] removing '/home/akira/ros2_2023/ros2_ws/src/mypkg/install/mypkg/lib/python3.8/site-packages/mypkg-0.0.0-py3.8.egg-info' (and everything under it)
[1.754s] Copying build/mypkg/mypkg.egg-info to /home/akira/ros2_2023/ros2_ws/src/mypkg/install/mypkg/lib/python3.8/site-packages/mypkg-0.0.0-py3.8.egg-info
[1.756s] running install_scripts
[1.781s] Installing listener script to /home/akira/ros2_2023/ros2_ws/src/mypkg/install/mypkg/lib/mypkg
[1.781s] Installing talker script to /home/akira/ros2_2023/ros2_ws/src/mypkg/install/mypkg/lib/mypkg
[1.782s] writing list of installed files to '/home/akira/ros2_2023/ros2_ws/src/mypkg/build/mypkg/install.log'
[1.808s] Invoked command in '/home/akira/ros2_2023/ros2_ws/src/mypkg' returned '0': PYTHONPATH=/home/akira/ros2_2023/ros2_ws/src/mypkg/build/mypkg/prefix_override:/home/akira/ros2_2023/ros2_ws/src/mypkg/install/mypkg/lib/python3.8/site-packages:${PYTHONPATH} /usr/bin/python3 setup.py egg_info --egg-base build/mypkg build --build-base /home/akira/ros2_2023/ros2_ws/src/mypkg/build/mypkg/build install --record /home/akira/ros2_2023/ros2_ws/src/mypkg/build/mypkg/install.log --install-scripts $base/lib/mypkg --single-version-externally-managed
