[0.664s] Invoking command in '/home/akira/ros2_2023/ros2_ws/build/person_msgs': CMAKE_PREFIX_PATH=${CMAKE_PREFIX_PATH}:/home/akira/ros2_2023/ros2_ws/install/mypkg:/opt/ros/foxy /usr/bin/cmake --build /home/akira/ros2_2023/ros2_ws/build/person_msgs -- -j16 -l16
[0.726s] -- Found ament_cmake: 0.9.12 (/opt/ros/foxy/share/ament_cmake/cmake)
[0.760s] -- Found PythonInterp: /usr/bin/python3 (found suitable version "3.8.10", minimum required is "3") 
[0.761s] -- Using PYTHON_EXECUTABLE: /usr/bin/python3
[1.032s] -- Found rosidl_default_generators: 1.0.1 (/opt/ros/foxy/share/rosidl_default_generators/cmake)
[1.036s] -- Using all available rosidl_typesupport_c: rosidl_typesupport_fastrtps_c;rosidl_typesupport_introspection_c
[1.042s] -- Found rosidl_adapter: 1.3.1 (/opt/ros/foxy/share/rosidl_adapter/cmake)
[8.556s] -- Using all available rosidl_typesupport_cpp: rosidl_typesupport_fastrtps_cpp;rosidl_typesupport_introspection_cpp
[8.625s] -- Found PythonInterp: /usr/bin/python3 (found version "3.8.10") 
[8.800s] -- Found ament_cmake_ros: 0.9.2 (/opt/ros/foxy/share/ament_cmake_ros/cmake)
[16.044s] -- Using all available rosidl_typesupport_c: rosidl_typesupport_fastrtps_c;rosidl_typesupport_introspection_c
[16.055s] -- Using all available rosidl_typesupport_cpp: rosidl_typesupport_fastrtps_cpp;rosidl_typesupport_introspection_cpp
[16.088s] -- Found PythonInterp: /usr/bin/python3 (found suitable version "3.8.10", minimum required is "3.5") 
[16.088s] -- Found python_cmake_module: 0.8.1 (/opt/ros/foxy/share/python_cmake_module/cmake)
[16.124s] -- Using PYTHON_EXECUTABLE: /usr/bin/python3
[16.124s] -- Using PYTHON_INCLUDE_DIRS: /usr/include/python3.8
[16.124s] -- Using PYTHON_LIBRARIES: /usr/lib/x86_64-linux-gnu/libpython3.8.so
[16.144s] -- Found ament_lint_auto: 0.9.8 (/opt/ros/foxy/share/ament_lint_auto/cmake)
[16.163s] -- Added test 'copyright' to check source files copyright and LICENSE
[16.192s] -- Added test 'cppcheck' to perform static code analysis on C / C++ code
[16.194s] -- Configured cppcheck include dirs: 
[16.195s] -- Configured cppcheck exclude dirs and/or files: 
[16.217s] -- Added test 'cpplint' to check C / C++ code against the Google style
[16.218s] -- Configured cpplint exclude dirs and/or files: 
[16.221s] -- Added test 'flake8' to check Python code syntax and style conventions
[16.227s] -- Added test 'lint_cmake' to check CMake code style
[16.230s] -- Added test 'pep257' to check Python code against some of the style conventions in PEP 257
[16.253s] -- Added test 'uncrustify' to check C / C++ code style
[16.253s] -- Configured uncrustify additional arguments: 
[16.257s] -- Added test 'xmllint' to check XML markup files
[16.262s] -- Configuring done
[16.317s] -- Generating done
[16.324s] -- Build files have been written to: /home/akira/ros2_2023/ros2_ws/build/person_msgs
[16.358s] [35m[1mScanning dependencies of target person_msgs__cpp[0m
[16.372s] [  9%] Built target person_msgs__cpp
[16.372s] [ 12%] Built target person_msgs__rosidl_generator_c
[16.411s] [ 22%] Built target person_msgs__rosidl_typesupport_introspection_c
[16.411s] [ 41%] Built target person_msgs__rosidl_typesupport_cpp
[16.411s] [ 41%] Built target person_msgs__rosidl_typesupport_c
[16.413s] [ 51%] Built target person_msgs__rosidl_typesupport_fastrtps_cpp
[16.415s] [ 61%] Built target person_msgs__rosidl_typesupport_introspection_cpp
[16.442s] [ 70%] Built target person_msgs__rosidl_typesupport_fastrtps_c
[16.467s] [ 70%] Built target person_msgs
[16.479s] [35m[1mScanning dependencies of target person_msgs__py[0m
[16.504s] [ 74%] Built target person_msgs__py
[16.521s] [35m[1mScanning dependencies of target person_msgs__python[0m
[16.542s] [ 77%] [32mBuilding C object CMakeFiles/person_msgs__python.dir/rosidl_generator_py/person_msgs/msg/_person_s.c.o[0m
[16.736s] [ 80%] [32m[1mLinking C shared library rosidl_generator_py/person_msgs/libperson_msgs__python.so[0m
[16.904s] [ 80%] Built target person_msgs__python
[16.919s] [35m[1mScanning dependencies of target person_msgs__rosidl_typesupport_introspection_c__pyext[0m
[16.920s] [35m[1mScanning dependencies of target person_msgs__rosidl_typesupport_c__pyext[0m
[16.922s] [35m[1mScanning dependencies of target person_msgs__rosidl_typesupport_fastrtps_c__pyext[0m
[16.947s] [ 83%] [32mBuilding C object CMakeFiles/person_msgs__rosidl_typesupport_introspection_c__pyext.dir/rosidl_generator_py/person_msgs/_person_msgs_s.ep.rosidl_typesupport_introspection_c.c.o[0m
[16.948s] [ 87%] [32mBuilding C object CMakeFiles/person_msgs__rosidl_typesupport_c__pyext.dir/rosidl_generator_py/person_msgs/_person_msgs_s.ep.rosidl_typesupport_c.c.o[0m
[16.955s] [ 90%] [32mBuilding C object CMakeFiles/person_msgs__rosidl_typesupport_fastrtps_c__pyext.dir/rosidl_generator_py/person_msgs/_person_msgs_s.ep.rosidl_typesupport_fastrtps_c.c.o[0m
[17.071s] [ 93%] [32m[1mLinking C shared library rosidl_generator_py/person_msgs/person_msgs_s__rosidl_typesupport_introspection_c.cpython-38-x86_64-linux-gnu.so[0m
[17.076s] [ 96%] [32m[1mLinking CXX shared library rosidl_generator_py/person_msgs/person_msgs_s__rosidl_typesupport_fastrtps_c.cpython-38-x86_64-linux-gnu.so[0m
[17.083s] [100%] [32m[1mLinking C shared library rosidl_generator_py/person_msgs/person_msgs_s__rosidl_typesupport_c.cpython-38-x86_64-linux-gnu.so[0m
[17.208s] [100%] Built target person_msgs__rosidl_typesupport_c__pyext
[17.209s] [100%] Built target person_msgs__rosidl_typesupport_introspection_c__pyext
[17.252s] [100%] Built target person_msgs__rosidl_typesupport_fastrtps_c__pyext
[17.266s] Invoked command in '/home/akira/ros2_2023/ros2_ws/build/person_msgs' returned '0': CMAKE_PREFIX_PATH=${CMAKE_PREFIX_PATH}:/home/akira/ros2_2023/ros2_ws/install/mypkg:/opt/ros/foxy /usr/bin/cmake --build /home/akira/ros2_2023/ros2_ws/build/person_msgs -- -j16 -l16
[17.350s] Invoking command in '/home/akira/ros2_2023/ros2_ws/build/person_msgs': CMAKE_PREFIX_PATH=${CMAKE_PREFIX_PATH}:/home/akira/ros2_2023/ros2_ws/install/mypkg:/opt/ros/foxy /usr/bin/cmake --install /home/akira/ros2_2023/ros2_ws/build/person_msgs
[17.361s] -- Install configuration: ""
[17.362s] -- Up-to-date: /home/akira/ros2_2023/ros2_ws/install/person_msgs/share/ament_index/resource_index/rosidl_interfaces/person_msgs
[17.362s] -- Up-to-date: /home/akira/ros2_2023/ros2_ws/install/person_msgs/include/person_msgs
[17.362s] -- Up-to-date: /home/akira/ros2_2023/ros2_ws/install/person_msgs/include/person_msgs/msg
[17.363s] -- Up-to-date: /home/akira/ros2_2023/ros2_ws/install/person_msgs/include/person_msgs/msg/person.h
[17.363s] -- Up-to-date: /home/akira/ros2_2023/ros2_ws/install/person_msgs/include/person_msgs/msg/rosidl_generator_c__visibility_control.h
[17.363s] -- Up-to-date: /home/akira/ros2_2023/ros2_ws/install/person_msgs/include/person_msgs/msg/detail
[17.363s] -- Up-to-date: /home/akira/ros2_2023/ros2_ws/install/person_msgs/include/person_msgs/msg/detail/person__functions.c
[17.364s] -- Up-to-date: /home/akira/ros2_2023/ros2_ws/install/person_msgs/include/person_msgs/msg/detail/person__type_support.h
[17.364s] -- Up-to-date: /home/akira/ros2_2023/ros2_ws/install/person_msgs/include/person_msgs/msg/detail/person__functions.h
[17.364s] -- Up-to-date: /home/akira/ros2_2023/ros2_ws/install/person_msgs/include/person_msgs/msg/detail/person__struct.h
[17.365s] -- Up-to-date: /home/akira/ros2_2023/ros2_ws/install/person_msgs/share/person_msgs/environment/library_path.sh
[17.365s] -- Installing: /home/akira/ros2_2023/ros2_ws/install/person_msgs/share/person_msgs/environment/library_path.dsv
[17.365s] -- Up-to-date: /home/akira/ros2_2023/ros2_ws/install/person_msgs/lib/libperson_msgs__rosidl_generator_c.so
[17.366s] -- Up-to-date: /home/akira/ros2_2023/ros2_ws/install/person_msgs/include/person_msgs
[17.366s] -- Up-to-date: /home/akira/ros2_2023/ros2_ws/install/person_msgs/include/person_msgs/msg
[17.367s] -- Up-to-date: /home/akira/ros2_2023/ros2_ws/install/person_msgs/include/person_msgs/msg/rosidl_typesupport_fastrtps_c__visibility_control.h
[17.367s] -- Up-to-date: /home/akira/ros2_2023/ros2_ws/install/person_msgs/include/person_msgs/msg/detail
[17.367s] -- Up-to-date: /home/akira/ros2_2023/ros2_ws/install/person_msgs/include/person_msgs/msg/detail/person__rosidl_typesupport_fastrtps_c.h
[17.369s] -- Up-to-date: /home/akira/ros2_2023/ros2_ws/install/person_msgs/lib/libperson_msgs__rosidl_typesupport_fastrtps_c.so
[17.369s] -- Up-to-date: /home/akira/ros2_2023/ros2_ws/install/person_msgs/include/person_msgs
[17.369s] -- Up-to-date: /home/akira/ros2_2023/ros2_ws/install/person_msgs/include/person_msgs/msg
[17.370s] -- Up-to-date: /home/akira/ros2_2023/ros2_ws/install/person_msgs/include/person_msgs/msg/rosidl_typesupport_fastrtps_cpp__visibility_control.h
[17.370s] -- Up-to-date: /home/akira/ros2_2023/ros2_ws/install/person_msgs/include/person_msgs/msg/detail
[17.370s] -- Up-to-date: /home/akira/ros2_2023/ros2_ws/install/person_msgs/include/person_msgs/msg/detail/dds_fastrtps
[17.370s] -- Up-to-date: /home/akira/ros2_2023/ros2_ws/install/person_msgs/include/person_msgs/msg/detail/person__rosidl_typesupport_fastrtps_cpp.hpp
[17.371s] -- Up-to-date: /home/akira/ros2_2023/ros2_ws/install/person_msgs/lib/libperson_msgs__rosidl_typesupport_fastrtps_cpp.so
[17.371s] -- Up-to-date: /home/akira/ros2_2023/ros2_ws/install/person_msgs/include/person_msgs
[17.372s] -- Up-to-date: /home/akira/ros2_2023/ros2_ws/install/person_msgs/include/person_msgs/msg
[17.372s] -- Up-to-date: /home/akira/ros2_2023/ros2_ws/install/person_msgs/include/person_msgs/msg/rosidl_typesupport_introspection_c__visibility_control.h
[17.372s] -- Up-to-date: /home/akira/ros2_2023/ros2_ws/install/person_msgs/include/person_msgs/msg/detail
[17.372s] -- Up-to-date: /home/akira/ros2_2023/ros2_ws/install/person_msgs/include/person_msgs/msg/detail/person__type_support.c
[17.372s] -- Up-to-date: /home/akira/ros2_2023/ros2_ws/install/person_msgs/include/person_msgs/msg/detail/person__rosidl_typesupport_introspection_c.h
[17.372s] -- Up-to-date: /home/akira/ros2_2023/ros2_ws/install/person_msgs/lib/libperson_msgs__rosidl_typesupport_introspection_c.so
[17.373s] -- Up-to-date: /home/akira/ros2_2023/ros2_ws/install/person_msgs/lib/libperson_msgs__rosidl_typesupport_c.so
[17.373s] -- Up-to-date: /home/akira/ros2_2023/ros2_ws/install/person_msgs/include/person_msgs
[17.373s] -- Up-to-date: /home/akira/ros2_2023/ros2_ws/install/person_msgs/include/person_msgs/msg
[17.373s] -- Up-to-date: /home/akira/ros2_2023/ros2_ws/install/person_msgs/include/person_msgs/msg/person.hpp
[17.373s] -- Up-to-date: /home/akira/ros2_2023/ros2_ws/install/person_msgs/include/person_msgs/msg/rosidl_generator_cpp__visibility_control.hpp
[17.373s] -- Up-to-date: /home/akira/ros2_2023/ros2_ws/install/person_msgs/include/person_msgs/msg/detail
[17.373s] -- Up-to-date: /home/akira/ros2_2023/ros2_ws/install/person_msgs/include/person_msgs/msg/detail/person__builder.hpp
[17.373s] -- Up-to-date: /home/akira/ros2_2023/ros2_ws/install/person_msgs/include/person_msgs/msg/detail/person__type_support.hpp
[17.373s] -- Up-to-date: /home/akira/ros2_2023/ros2_ws/install/person_msgs/include/person_msgs/msg/detail/person__traits.hpp
[17.373s] -- Up-to-date: /home/akira/ros2_2023/ros2_ws/install/person_msgs/include/person_msgs/msg/detail/person__struct.hpp
[17.373s] -- Up-to-date: /home/akira/ros2_2023/ros2_ws/install/person_msgs/include/person_msgs
[17.374s] -- Up-to-date: /home/akira/ros2_2023/ros2_ws/install/person_msgs/include/person_msgs/msg
[17.374s] -- Up-to-date: /home/akira/ros2_2023/ros2_ws/install/person_msgs/include/person_msgs/msg/detail
[17.374s] -- Up-to-date: /home/akira/ros2_2023/ros2_ws/install/person_msgs/include/person_msgs/msg/detail/person__rosidl_typesupport_introspection_cpp.hpp
[17.374s] -- Up-to-date: /home/akira/ros2_2023/ros2_ws/install/person_msgs/include/person_msgs/msg/detail/person__type_support.cpp
[17.374s] -- Up-to-date: /home/akira/ros2_2023/ros2_ws/install/person_msgs/lib/libperson_msgs__rosidl_typesupport_introspection_cpp.so
[17.374s] -- Up-to-date: /home/akira/ros2_2023/ros2_ws/install/person_msgs/lib/libperson_msgs__rosidl_typesupport_cpp.so
[17.374s] -- Up-to-date: /home/akira/ros2_2023/ros2_ws/install/person_msgs/share/person_msgs/environment/pythonpath.sh
[17.375s] -- Installing: /home/akira/ros2_2023/ros2_ws/install/person_msgs/share/person_msgs/environment/pythonpath.dsv
[17.375s] -- Installing: /home/akira/ros2_2023/ros2_ws/install/person_msgs/lib/python3.8/site-packages/person_msgs/__init__.py
[17.417s] Compiling '/home/akira/ros2_2023/ros2_ws/install/person_msgs/lib/python3.8/site-packages/person_msgs/__init__.py'...
[17.423s] -- Up-to-date: /home/akira/ros2_2023/ros2_ws/install/person_msgs/lib/python3.8/site-packages/person_msgs/msg
[17.424s] -- Installing: /home/akira/ros2_2023/ros2_ws/install/person_msgs/lib/python3.8/site-packages/person_msgs/msg/_person.py
[17.424s] -- Installing: /home/akira/ros2_2023/ros2_ws/install/person_msgs/lib/python3.8/site-packages/person_msgs/msg/_person_s.c
[17.424s] -- Installing: /home/akira/ros2_2023/ros2_ws/install/person_msgs/lib/python3.8/site-packages/person_msgs/msg/__init__.py
[17.425s] -- Installing: /home/akira/ros2_2023/ros2_ws/install/person_msgs/lib/python3.8/site-packages/person_msgs/person_msgs_s__rosidl_typesupport_fastrtps_c.cpython-38-x86_64-linux-gnu.so
[17.426s] -- Set runtime path of "/home/akira/ros2_2023/ros2_ws/install/person_msgs/lib/python3.8/site-packages/person_msgs/person_msgs_s__rosidl_typesupport_fastrtps_c.cpython-38-x86_64-linux-gnu.so" to ""
[17.427s] -- Installing: /home/akira/ros2_2023/ros2_ws/install/person_msgs/lib/python3.8/site-packages/person_msgs/person_msgs_s__rosidl_typesupport_introspection_c.cpython-38-x86_64-linux-gnu.so
[17.427s] -- Set runtime path of "/home/akira/ros2_2023/ros2_ws/install/person_msgs/lib/python3.8/site-packages/person_msgs/person_msgs_s__rosidl_typesupport_introspection_c.cpython-38-x86_64-linux-gnu.so" to ""
[17.428s] -- Installing: /home/akira/ros2_2023/ros2_ws/install/person_msgs/lib/python3.8/site-packages/person_msgs/person_msgs_s__rosidl_typesupport_c.cpython-38-x86_64-linux-gnu.so
[17.429s] -- Set runtime path of "/home/akira/ros2_2023/ros2_ws/install/person_msgs/lib/python3.8/site-packages/person_msgs/person_msgs_s__rosidl_typesupport_c.cpython-38-x86_64-linux-gnu.so" to ""
[17.429s] -- Installing: /home/akira/ros2_2023/ros2_ws/install/person_msgs/lib/libperson_msgs__python.so
[17.430s] -- Set runtime path of "/home/akira/ros2_2023/ros2_ws/install/person_msgs/lib/libperson_msgs__python.so" to ""
[17.431s] -- Up-to-date: /home/akira/ros2_2023/ros2_ws/install/person_msgs/share/person_msgs/msg/Person.idl
[17.431s] -- Up-to-date: /home/akira/ros2_2023/ros2_ws/install/person_msgs/share/person_msgs/msg/Person.msg
[17.432s] -- Up-to-date: /home/akira/ros2_2023/ros2_ws/install/person_msgs/share/ament_index/resource_index/package_run_dependencies/person_msgs
[17.432s] -- Up-to-date: /home/akira/ros2_2023/ros2_ws/install/person_msgs/share/ament_index/resource_index/parent_prefix_path/person_msgs
[17.432s] -- Up-to-date: /home/akira/ros2_2023/ros2_ws/install/person_msgs/share/person_msgs/environment/ament_prefix_path.sh
[17.433s] -- Installing: /home/akira/ros2_2023/ros2_ws/install/person_msgs/share/person_msgs/environment/ament_prefix_path.dsv
[17.433s] -- Up-to-date: /home/akira/ros2_2023/ros2_ws/install/person_msgs/share/person_msgs/environment/path.sh
[17.434s] -- Installing: /home/akira/ros2_2023/ros2_ws/install/person_msgs/share/person_msgs/environment/path.dsv
[17.434s] -- Up-to-date: /home/akira/ros2_2023/ros2_ws/install/person_msgs/share/person_msgs/local_setup.bash
[17.434s] -- Up-to-date: /home/akira/ros2_2023/ros2_ws/install/person_msgs/share/person_msgs/local_setup.sh
[17.434s] -- Up-to-date: /home/akira/ros2_2023/ros2_ws/install/person_msgs/share/person_msgs/local_setup.zsh
[17.435s] -- Installing: /home/akira/ros2_2023/ros2_ws/install/person_msgs/share/person_msgs/local_setup.dsv
[17.435s] -- Installing: /home/akira/ros2_2023/ros2_ws/install/person_msgs/share/person_msgs/package.dsv
[17.435s] -- Up-to-date: /home/akira/ros2_2023/ros2_ws/install/person_msgs/share/ament_index/resource_index/packages/person_msgs
[17.436s] -- Up-to-date: /home/akira/ros2_2023/ros2_ws/install/person_msgs/share/person_msgs/cmake/person_msgs__rosidl_generator_cExport.cmake
[17.436s] -- Installing: /home/akira/ros2_2023/ros2_ws/install/person_msgs/share/person_msgs/cmake/person_msgs__rosidl_generator_cExport-noconfig.cmake
[17.437s] -- Up-to-date: /home/akira/ros2_2023/ros2_ws/install/person_msgs/share/person_msgs/cmake/person_msgs__rosidl_typesupport_introspection_cExport.cmake
[17.437s] -- Installing: /home/akira/ros2_2023/ros2_ws/install/person_msgs/share/person_msgs/cmake/person_msgs__rosidl_typesupport_introspection_cExport-noconfig.cmake
[17.437s] -- Up-to-date: /home/akira/ros2_2023/ros2_ws/install/person_msgs/share/person_msgs/cmake/person_msgs__rosidl_typesupport_cExport.cmake
[17.437s] -- Installing: /home/akira/ros2_2023/ros2_ws/install/person_msgs/share/person_msgs/cmake/person_msgs__rosidl_typesupport_cExport-noconfig.cmake
[17.438s] -- Up-to-date: /home/akira/ros2_2023/ros2_ws/install/person_msgs/share/person_msgs/cmake/person_msgs__rosidl_generator_cppExport.cmake
[17.438s] -- Up-to-date: /home/akira/ros2_2023/ros2_ws/install/person_msgs/share/person_msgs/cmake/person_msgs__rosidl_typesupport_introspection_cppExport.cmake
[17.439s] -- Installing: /home/akira/ros2_2023/ros2_ws/install/person_msgs/share/person_msgs/cmake/person_msgs__rosidl_typesupport_introspection_cppExport-noconfig.cmake
[17.439s] -- Up-to-date: /home/akira/ros2_2023/ros2_ws/install/person_msgs/share/person_msgs/cmake/person_msgs__rosidl_typesupport_cppExport.cmake
[17.439s] -- Installing: /home/akira/ros2_2023/ros2_ws/install/person_msgs/share/person_msgs/cmake/person_msgs__rosidl_typesupport_cppExport-noconfig.cmake
[17.440s] -- Up-to-date: /home/akira/ros2_2023/ros2_ws/install/person_msgs/share/person_msgs/cmake/rosidl_cmake-extras.cmake
[17.440s] -- Up-to-date: /home/akira/ros2_2023/ros2_ws/install/person_msgs/share/person_msgs/cmake/ament_cmake_export_dependencies-extras.cmake
[17.440s] -- Up-to-date: /home/akira/ros2_2023/ros2_ws/install/person_msgs/share/person_msgs/cmake/ament_cmake_export_libraries-extras.cmake
[17.440s] -- Up-to-date: /home/akira/ros2_2023/ros2_ws/install/person_msgs/share/person_msgs/cmake/ament_cmake_export_targets-extras.cmake
[17.440s] -- Up-to-date: /home/akira/ros2_2023/ros2_ws/install/person_msgs/share/person_msgs/cmake/ament_cmake_export_include_directories-extras.cmake
[17.441s] -- Up-to-date: /home/akira/ros2_2023/ros2_ws/install/person_msgs/share/person_msgs/cmake/rosidl_cmake_export_typesupport_libraries-extras.cmake
[17.441s] -- Up-to-date: /home/akira/ros2_2023/ros2_ws/install/person_msgs/share/person_msgs/cmake/rosidl_cmake_export_typesupport_targets-extras.cmake
[17.441s] -- Up-to-date: /home/akira/ros2_2023/ros2_ws/install/person_msgs/share/person_msgs/cmake/person_msgsConfig.cmake
[17.441s] -- Up-to-date: /home/akira/ros2_2023/ros2_ws/install/person_msgs/share/person_msgs/cmake/person_msgsConfig-version.cmake
[17.441s] -- Up-to-date: /home/akira/ros2_2023/ros2_ws/install/person_msgs/share/person_msgs/package.xml
[17.444s] Invoked command in '/home/akira/ros2_2023/ros2_ws/build/person_msgs' returned '0': CMAKE_PREFIX_PATH=${CMAKE_PREFIX_PATH}:/home/akira/ros2_2023/ros2_ws/install/mypkg:/opt/ros/foxy /usr/bin/cmake --install /home/akira/ros2_2023/ros2_ws/build/person_msgs
