[1.389s] Invoking command in '/home/akira/ros2_2023/ros2_ws/src/mypkg': PYTHONPATH=/home/akira/ros2_2023/build/mypkg/prefix_override:/home/akira/ros2_2023/install/mypkg/lib/python3.8/site-packages:${PYTHONPATH} /usr/bin/python3 setup.py egg_info --egg-base ../../../build/mypkg build --build-base /home/akira/ros2_2023/build/mypkg/build install --record /home/akira/ros2_2023/build/mypkg/install.log --install-scripts $base/lib/mypkg --single-version-externally-managed
[1.657s] running egg_info
[1.658s] writing ../../../build/mypkg/mypkg.egg-info/PKG-INFO
[1.658s] writing dependency_links to ../../../build/mypkg/mypkg.egg-info/dependency_links.txt
[1.659s] writing entry points to ../../../build/mypkg/mypkg.egg-info/entry_points.txt
[1.660s] writing requirements to ../../../build/mypkg/mypkg.egg-info/requires.txt
[1.660s] writing top-level names to ../../../build/mypkg/mypkg.egg-info/top_level.txt
[1.716s] reading manifest file '../../../build/mypkg/mypkg.egg-info/SOURCES.txt'
[1.717s] writing manifest file '../../../build/mypkg/mypkg.egg-info/SOURCES.txt'
[1.718s] running build
[1.718s] running build_py
[1.719s] running install
[1.720s] running install_lib
[1.722s] running install_data
[1.723s] copying launch/talk_listen.launch.py -> /home/akira/ros2_2023/install/mypkg/share/mypkg
[1.724s] running install_egg_info
[1.726s] removing '/home/akira/ros2_2023/install/mypkg/lib/python3.8/site-packages/mypkg-0.0.0-py3.8.egg-info' (and everything under it)
[1.728s] Copying ../../../build/mypkg/mypkg.egg-info to /home/akira/ros2_2023/install/mypkg/lib/python3.8/site-packages/mypkg-0.0.0-py3.8.egg-info
[1.730s] running install_scripts
[1.760s] Installing listener script to /home/akira/ros2_2023/install/mypkg/lib/mypkg
[1.761s] Installing talker script to /home/akira/ros2_2023/install/mypkg/lib/mypkg
[1.762s] writing list of installed files to '/home/akira/ros2_2023/build/mypkg/install.log'
[1.789s] Invoked command in '/home/akira/ros2_2023/ros2_ws/src/mypkg' returned '0': PYTHONPATH=/home/akira/ros2_2023/build/mypkg/prefix_override:/home/akira/ros2_2023/install/mypkg/lib/python3.8/site-packages:${PYTHONPATH} /usr/bin/python3 setup.py egg_info --egg-base ../../../build/mypkg build --build-base /home/akira/ros2_2023/build/mypkg/build install --record /home/akira/ros2_2023/build/mypkg/install.log --install-scripts $base/lib/mypkg --single-version-externally-managed
