[2.072s] Invoking command in '/home/akira/ros2_2023/ros2_ws/src/mypkg': PYTHONPATH=/home/akira/ros2_2023/ros2_ws/build/mypkg/prefix_override:/home/akira/ros2_2023/ros2_ws/install/mypkg/lib/python3.8/site-packages:${PYTHONPATH} /usr/bin/python3 setup.py egg_info --egg-base ../../build/mypkg build --build-base /home/akira/ros2_2023/ros2_ws/build/mypkg/build install --record /home/akira/ros2_2023/ros2_ws/build/mypkg/install.log --install-scripts $base/lib/mypkg --single-version-externally-managed
[2.368s] running egg_info
[2.374s] writing ../../build/mypkg/mypkg.egg-info/PKG-INFO
[2.376s] writing dependency_links to ../../build/mypkg/mypkg.egg-info/dependency_links.txt
[2.376s] writing entry points to ../../build/mypkg/mypkg.egg-info/entry_points.txt
[2.378s] writing requirements to ../../build/mypkg/mypkg.egg-info/requires.txt
[2.383s] writing top-level names to ../../build/mypkg/mypkg.egg-info/top_level.txt
[2.428s] reading manifest file '../../build/mypkg/mypkg.egg-info/SOURCES.txt'
[2.429s] writing manifest file '../../build/mypkg/mypkg.egg-info/SOURCES.txt'
[2.429s] running build
[2.430s] running build_py
[2.431s] copying mypkg/talker.py -> /home/akira/ros2_2023/ros2_ws/build/mypkg/build/lib/mypkg
[2.432s] running install
[2.434s] running install_lib
[2.437s] copying /home/akira/ros2_2023/ros2_ws/build/mypkg/build/lib/mypkg/talker.py -> /home/akira/ros2_2023/ros2_ws/install/mypkg/lib/python3.8/site-packages/mypkg
[2.437s] byte-compiling /home/akira/ros2_2023/ros2_ws/install/mypkg/lib/python3.8/site-packages/mypkg/talker.py to talker.cpython-38.pyc
[2.437s] running install_data
[2.438s] running install_egg_info
[2.442s] removing '/home/akira/ros2_2023/ros2_ws/install/mypkg/lib/python3.8/site-packages/mypkg-0.0.0-py3.8.egg-info' (and everything under it)
[2.442s] Copying ../../build/mypkg/mypkg.egg-info to /home/akira/ros2_2023/ros2_ws/install/mypkg/lib/python3.8/site-packages/mypkg-0.0.0-py3.8.egg-info
[2.443s] running install_scripts
[2.468s] Installing listener script to /home/akira/ros2_2023/ros2_ws/install/mypkg/lib/mypkg
[2.468s] Installing talker script to /home/akira/ros2_2023/ros2_ws/install/mypkg/lib/mypkg
[2.469s] writing list of installed files to '/home/akira/ros2_2023/ros2_ws/build/mypkg/install.log'
[2.498s] Invoked command in '/home/akira/ros2_2023/ros2_ws/src/mypkg' returned '0': PYTHONPATH=/home/akira/ros2_2023/ros2_ws/build/mypkg/prefix_override:/home/akira/ros2_2023/ros2_ws/install/mypkg/lib/python3.8/site-packages:${PYTHONPATH} /usr/bin/python3 setup.py egg_info --egg-base ../../build/mypkg build --build-base /home/akira/ros2_2023/ros2_ws/build/mypkg/build install --record /home/akira/ros2_2023/ros2_ws/build/mypkg/install.log --install-scripts $base/lib/mypkg --single-version-externally-managed
