[1.114s] Invoking command in '/home/akira/ros2_2023/ros2_ws/src/mypkg': PYTHONPATH=/home/akira/ros2_2023/build/mypkg/prefix_override:/home/akira/ros2_2023/install/mypkg/lib/python3.8/site-packages:${PYTHONPATH} /usr/bin/python3 setup.py egg_info --egg-base ../../../build/mypkg build --build-base /home/akira/ros2_2023/build/mypkg/build install --record /home/akira/ros2_2023/build/mypkg/install.log --install-scripts $base/lib/mypkg --single-version-externally-managed
[1.387s] running egg_info
[1.388s] creating ../../../build/mypkg/mypkg.egg-info
[1.389s] writing ../../../build/mypkg/mypkg.egg-info/PKG-INFO
[1.389s] writing dependency_links to ../../../build/mypkg/mypkg.egg-info/dependency_links.txt
[1.390s] writing entry points to ../../../build/mypkg/mypkg.egg-info/entry_points.txt
[1.390s] writing requirements to ../../../build/mypkg/mypkg.egg-info/requires.txt
[1.390s] writing top-level names to ../../../build/mypkg/mypkg.egg-info/top_level.txt
[1.392s] writing manifest file '../../../build/mypkg/mypkg.egg-info/SOURCES.txt'
[1.443s] reading manifest file '../../../build/mypkg/mypkg.egg-info/SOURCES.txt'
[1.443s] writing manifest file '../../../build/mypkg/mypkg.egg-info/SOURCES.txt'
[1.444s] running build
[1.445s] running build_py
[1.445s] creating /home/akira/ros2_2023/build/mypkg/build
[1.445s] creating /home/akira/ros2_2023/build/mypkg/build/lib
[1.446s] creating /home/akira/ros2_2023/build/mypkg/build/lib/mypkg
[1.446s] copying mypkg/talker.py -> /home/akira/ros2_2023/build/mypkg/build/lib/mypkg
[1.446s] copying mypkg/__init__.py -> /home/akira/ros2_2023/build/mypkg/build/lib/mypkg
[1.446s] running install
[1.447s] running install_lib
[1.448s] creating /home/akira/ros2_2023/install/mypkg/lib/python3.8/site-packages/mypkg
[1.449s] copying /home/akira/ros2_2023/build/mypkg/build/lib/mypkg/talker.py -> /home/akira/ros2_2023/install/mypkg/lib/python3.8/site-packages/mypkg
[1.449s] copying /home/akira/ros2_2023/build/mypkg/build/lib/mypkg/__init__.py -> /home/akira/ros2_2023/install/mypkg/lib/python3.8/site-packages/mypkg
[1.450s] byte-compiling /home/akira/ros2_2023/install/mypkg/lib/python3.8/site-packages/mypkg/talker.py to talker.cpython-38.pyc
[1.452s] byte-compiling /home/akira/ros2_2023/install/mypkg/lib/python3.8/site-packages/mypkg/__init__.py to __init__.cpython-38.pyc
[1.452s] running install_data
[1.453s] creating /home/akira/ros2_2023/install/mypkg/share/ament_index
[1.454s] creating /home/akira/ros2_2023/install/mypkg/share/ament_index/resource_index
[1.454s] creating /home/akira/ros2_2023/install/mypkg/share/ament_index/resource_index/packages
[1.454s] copying resource/mypkg -> /home/akira/ros2_2023/install/mypkg/share/ament_index/resource_index/packages
[1.455s] copying package.xml -> /home/akira/ros2_2023/install/mypkg/share/mypkg
[1.455s] running install_egg_info
[1.457s] Copying ../../../build/mypkg/mypkg.egg-info to /home/akira/ros2_2023/install/mypkg/lib/python3.8/site-packages/mypkg-0.0.0-py3.8.egg-info
[1.459s] running install_scripts
[1.484s] Installing talker script to /home/akira/ros2_2023/install/mypkg/lib/mypkg
[1.485s] writing list of installed files to '/home/akira/ros2_2023/build/mypkg/install.log'
[1.514s] Invoked command in '/home/akira/ros2_2023/ros2_ws/src/mypkg' returned '0': PYTHONPATH=/home/akira/ros2_2023/build/mypkg/prefix_override:/home/akira/ros2_2023/install/mypkg/lib/python3.8/site-packages:${PYTHONPATH} /usr/bin/python3 setup.py egg_info --egg-base ../../../build/mypkg build --build-base /home/akira/ros2_2023/build/mypkg/build install --record /home/akira/ros2_2023/build/mypkg/install.log --install-scripts $base/lib/mypkg --single-version-externally-managed
