[1.630s] Invoking command in '/home/akira/ros2_2023/ros2_ws/src/mypkg': PYTHONPATH=/home/akira/ros2_2023/ros2_ws/build/mypkg/prefix_override:/home/akira/ros2_2023/ros2_ws/install/mypkg/lib/python3.8/site-packages:${PYTHONPATH} /usr/bin/python3 setup.py egg_info --egg-base ../../build/mypkg build --build-base /home/akira/ros2_2023/ros2_ws/build/mypkg/build install --record /home/akira/ros2_2023/ros2_ws/build/mypkg/install.log --install-scripts $base/lib/mypkg --single-version-externally-managed
[1.932s] running egg_info
[1.933s] writing ../../build/mypkg/mypkg.egg-info/PKG-INFO
[1.933s] writing dependency_links to ../../build/mypkg/mypkg.egg-info/dependency_links.txt
[1.934s] writing entry points to ../../build/mypkg/mypkg.egg-info/entry_points.txt
[1.934s] writing requirements to ../../build/mypkg/mypkg.egg-info/requires.txt
[1.934s] writing top-level names to ../../build/mypkg/mypkg.egg-info/top_level.txt
[1.991s] reading manifest file '../../build/mypkg/mypkg.egg-info/SOURCES.txt'
[1.992s] writing manifest file '../../build/mypkg/mypkg.egg-info/SOURCES.txt'
[1.992s] running build
[1.993s] running build_py
[1.999s] running install
[2.001s] running install_lib
[2.002s] running install_data
[2.003s] running install_egg_info
[2.003s] removing '/home/akira/ros2_2023/ros2_ws/install/mypkg/lib/python3.8/site-packages/mypkg-0.0.0-py3.8.egg-info' (and everything under it)
[2.003s] Copying ../../build/mypkg/mypkg.egg-info to /home/akira/ros2_2023/ros2_ws/install/mypkg/lib/python3.8/site-packages/mypkg-0.0.0-py3.8.egg-info
[2.003s] running install_scripts
[2.039s] Installing listener script to /home/akira/ros2_2023/ros2_ws/install/mypkg/lib/mypkg
[2.039s] Installing talker script to /home/akira/ros2_2023/ros2_ws/install/mypkg/lib/mypkg
[2.039s] writing list of installed files to '/home/akira/ros2_2023/ros2_ws/build/mypkg/install.log'
[2.057s] Invoked command in '/home/akira/ros2_2023/ros2_ws/src/mypkg' returned '0': PYTHONPATH=/home/akira/ros2_2023/ros2_ws/build/mypkg/prefix_override:/home/akira/ros2_2023/ros2_ws/install/mypkg/lib/python3.8/site-packages:${PYTHONPATH} /usr/bin/python3 setup.py egg_info --egg-base ../../build/mypkg build --build-base /home/akira/ros2_2023/ros2_ws/build/mypkg/build install --record /home/akira/ros2_2023/ros2_ws/build/mypkg/install.log --install-scripts $base/lib/mypkg --single-version-externally-managed
